#
# There is insufficient memory for the Java Runtime Environment to continue.
# Native memory allocation (mmap) failed to map 243269632 bytes for Failed to commit area from 0x000000008e800000 to 0x000000009d000000 of length 243269632.
# Possible reasons:
#   The system is out of physical RAM or swap space
#   The process is running with CompressedOops enabled, and the Java Heap may be blocking the growth of the native heap
# Possible solutions:
#   Reduce memory load on the system
#   Increase physical memory or swap space
#   Check if swap backing store is full
#   Decrease Java heap size (-Xmx/-Xms)
#   Decrease number of Java threads
#   Decrease Java thread stack sizes (-Xss)
#   Set larger code cache with -XX:ReservedCodeCacheSize=
#   JVM is running with Unscaled Compressed Oops mode in which the Java heap is
#     placed in the first 4GB address space. The Java Heap base address is the
#     maximum limit for the native heap growth. Please use -XX:HeapBaseMinAddress
#     to set the Java Heap base and to place the Java Heap above 4GB virtual address.
# This output file may be truncated or incomplete.
#
#  Out of Memory Error (./src/hotspot/os/windows/os_windows.cpp:3303), pid=14584, tid=920
#
# JRE version: OpenJDK Runtime Environment (11.0.8+10) (build 11.0.8+10-b944.6842174)
# Java VM: OpenJDK 64-Bit Server VM (11.0.8+10-b944.6842174, mixed mode, tiered, compressed oops, g1 gc, windows-amd64)
# No core dump will be written. Minidumps are not enabled by default on client versions of Windows
#

---------------  S U M M A R Y ------------

Command Line: --add-opens=java.base/java.util=ALL-UNNAMED --add-opens=java.base/java.lang=ALL-UNNAMED --add-opens=java.base/java.lang.invoke=ALL-UNNAMED --add-opens=java.prefs/java.util.prefs=ALL-UNNAMED -Xmx2048m -Dfile.encoding=UTF-8 -Duser.country=US -Duser.language=en -Duser.variant org.gradle.launcher.daemon.bootstrap.GradleDaemon 6.7.1

Host: Intel(R) Core(TM) i7-8550U CPU @ 1.80GHz, 8 cores, 7G,  Windows 10 , 64 bit Build 18362 (10.0.18362.86)
Time: Fri Oct  8 14:26:51 2021 Sri Lanka Standard Time elapsed time: 20 seconds (0d 0h 0m 20s)

---------------  T H R E A D  ---------------

Current thread (0x000001efffa17800):  VMThread "VM Thread" [stack: 0x00000017ddd00000,0x00000017dde00000] [id=920]

Stack: [0x00000017ddd00000,0x00000017dde00000]
[error occurred during error reporting (printing stack bounds), id 0xc0000005, EXCEPTION_ACCESS_VIOLATION (0xc0000005) at pc=0x000001efee8d0dad]

Native frames: (J=compiled Java code, j=interpreted, Vv=VM code, C=native code)
V  [jvm.dll+0x5de50a]
V  [jvm.dll+0x7122f5]
V  [jvm.dll+0x71384d]
V  [jvm.dll+0x713e65]
V  [jvm.dll+0x713e1b]
V  [jvm.dll+0x5dd958]
V  [jvm.dll+0x5de0f8]
C  [ntdll.dll+0xa119f]
C  [ntdll.dll+0x6a229]
C  [ntdll.dll+0x9fe0e]
C  0x000001efee8d0dad

VM_Operation (0x00000017e82fc5c0): G1CollectForAllocation, mode: safepoint, requested by thread 0x000001ef8c4c4800


---------------  P R O C E S S  ---------------

Threads class SMR info:
_java_thread_list=0x000001ef898f1d30, length=165, elements={
0x000001efe97a3000, 0x000001efffa2a000, 0x000001efffa20800, 0x000001efffa32000,
0x000001efffa33000, 0x000001efffa82800, 0x000001efffa86800, 0x000001efffa8e000,
0x000001efffbeb000, 0x000001efffbee000, 0x000001ef881d8800, 0x000001ef88be2800,
0x000001ef8775c000, 0x000001ef87f3b000, 0x000001ef87f3d000, 0x000001ef883ac000,
0x000001ef8818e000, 0x000001ef88ae4800, 0x000001ef88ae5800, 0x000001ef88822000,
0x000001ef88d3a800, 0x000001ef88d39000, 0x000001ef88d3c000, 0x000001ef88d39800,
0x000001ef88d3b000, 0x000001ef88d3d000, 0x000001ef88d37000, 0x000001ef88d3d800,
0x000001ef88d38000, 0x000001ef87410800, 0x000001ef89b0a000, 0x000001ef87411000,
0x000001ef87417000, 0x000001ef87417800, 0x000001ef87412000, 0x000001ef87418800,
0x000001ef87414800, 0x000001ef87415000, 0x000001ef87412800, 0x000001ef8741b000,
0x000001ef8741a000, 0x000001ef87416000, 0x000001ef87419800, 0x000001ef8741b800,
0x000001ef8741c800, 0x000001ef8741d800, 0x000001ef8741e000, 0x000001ef8741f000,
0x000001ef891ac800, 0x000001ef891a7000, 0x000001ef891a7800, 0x000001ef891ab800,
0x000001ef891ad800, 0x000001ef891a9800, 0x000001ef891ae000, 0x000001ef891a8800,
0x000001ef891af000, 0x000001ef891aa000, 0x000001ef891b0000, 0x000001ef891b0800,
0x000001ef891ab000, 0x000001ef891b4800, 0x000001ef891b5800, 0x000001ef891b2800,
0x000001ef891b1800, 0x000001ef891b3000, 0x000001ef891b4000, 0x000001ef8bf59800,
0x000001ef8bf58800, 0x000001ef8bf5a800, 0x000001ef8bf5b000, 0x000001ef8bf56800,
0x000001ef8bf58000, 0x000001ef8bf5c000, 0x000001ef8bf5d000, 0x000001ef8bf57000,
0x000001ef8bf5f800, 0x000001ef8bf5e800, 0x000001ef8bf61800, 0x000001ef8bf61000,
0x000001ef8bf62800, 0x000001ef8bf63800, 0x000001ef8bf60000, 0x000001ef8bf5d800,
0x000001ef8bf64000, 0x000001ef8bf65000, 0x000001ef86ae8000, 0x000001ef86ae7000,
0x000001ef86ae8800, 0x000001ef86ae9800, 0x000001ef86aea800, 0x000001ef86ae4800,
0x000001ef86aeb000, 0x000001ef86ae5800, 0x000001ef86aec000, 0x000001ef86ae6800,
0x000001ef86af1000, 0x000001ef86aee800, 0x000001ef86aed800, 0x000001ef86aed000,
0x000001ef86aef000, 0x000001ef86af3800, 0x000001ef86af1800, 0x000001ef86af0000,
0x000001ef86af2800, 0x000001ef89623000, 0x000001ef89621800, 0x000001ef89624000,
0x000001ef89622000, 0x000001ef89624800, 0x000001ef89620800, 0x000001ef8962a800,
0x000001ef89628000, 0x000001ef89628800, 0x000001ef89629800, 0x000001ef8962b000,
0x000001ef89625800, 0x000001ef8962c000, 0x000001ef89627000, 0x000001ef89626000,
0x000001ef8962d800, 0x000001ef8962d000, 0x000001ef8962e800, 0x000001ef8962f000,
0x000001ef87186000, 0x000001ef87182000, 0x000001ef87183800, 0x000001ef87185000,
0x000001ef87184800, 0x000001ef87182800, 0x000001ef87187000, 0x000001ef87181000,
0x000001ef8718a000, 0x000001ef87189000, 0x000001ef8718b000, 0x000001ef87187800,
0x000001ef8718c800, 0x000001ef8718b800, 0x000001ef8718d800, 0x000001ef8718e000,
0x000001ef87188800, 0x000001ef8718f000, 0x000001ef8718f800, 0x000001ef8c4ba800,
0x000001ef8c4b9000, 0x000001ef8c4bb800, 0x000001ef8c4ba000, 0x000001ef8c4bc800,
0x000001ef8c4b7800, 0x000001ef8c4b6800, 0x000001ef8c4bd000, 0x000001ef8c4b8800,
0x000001ef8c4c4800, 0x000001ef8c4c1800, 0x000001ef8c4c2000, 0x000001ef8c4bf000,
0x000001ef8c4c5800, 0x000001ef8c4bf800, 0x000001ef8df78800, 0x000001ef8df76000,
0x000001ef8df77000, 0x000001ef8df79800, 0x000001ef8df73800, 0x000001ef8df7a000,
0x000001ef8df74800
}

Java Threads: ( => current thread )
  0x000001efe97a3000 JavaThread "main" [_thread_blocked, id=2280, stack(0x00000017dd700000,0x00000017dd800000)]
  0x000001efffa2a000 JavaThread "Reference Handler" daemon [_thread_blocked, id=17360, stack(0x00000017dde00000,0x00000017ddf00000)]
  0x000001efffa20800 JavaThread "Finalizer" daemon [_thread_blocked, id=17220, stack(0x00000017ddf00000,0x00000017de000000)]
  0x000001efffa32000 JavaThread "Signal Dispatcher" daemon [_thread_blocked, id=12028, stack(0x00000017de000000,0x00000017de100000)]
  0x000001efffa33000 JavaThread "Attach Listener" daemon [_thread_blocked, id=3136, stack(0x00000017de100000,0x00000017de200000)]
  0x000001efffa82800 JavaThread "C2 CompilerThread0" daemon [_thread_in_native, id=13532, stack(0x00000017de200000,0x00000017de300000)]
  0x000001efffa86800 JavaThread "C1 CompilerThread0" daemon [_thread_blocked, id=15664, stack(0x00000017de300000,0x00000017de400000)]
  0x000001efffa8e000 JavaThread "Sweeper thread" daemon [_thread_blocked, id=15872, stack(0x00000017de400000,0x00000017de500000)]
  0x000001efffbeb000 JavaThread "Common-Cleaner" daemon [_thread_blocked, id=14996, stack(0x00000017de500000,0x00000017de600000)]
  0x000001efffbee000 JavaThread "Service Thread" daemon [_thread_blocked, id=2728, stack(0x00000017de600000,0x00000017de700000)]
  0x000001ef881d8800 JavaThread "Daemon health stats" [_thread_blocked, id=7760, stack(0x00000017dec00000,0x00000017ded00000)]
  0x000001ef88be2800 JavaThread "Incoming local TCP Connector on port 57886" [_thread_in_native, id=14976, stack(0x00000017ded00000,0x00000017dee00000)]
  0x000001ef8775c000 JavaThread "Daemon periodic checks" [_thread_blocked, id=1924, stack(0x00000017dee00000,0x00000017def00000)]
  0x000001ef87f3b000 JavaThread "Daemon" [_thread_blocked, id=4164, stack(0x00000017def00000,0x00000017df000000)]
  0x000001ef87f3d000 JavaThread "Handler for socket connection from /127.0.0.1:57886 to /127.0.0.1:57887" [_thread_in_native, id=15276, stack(0x00000017df000000,0x00000017df100000)]
  0x000001ef883ac000 JavaThread "Cancel handler" [_thread_blocked, id=10304, stack(0x00000017df100000,0x00000017df200000)]
  0x000001ef8818e000 JavaThread "Daemon worker" [_thread_blocked, id=5728, stack(0x00000017df200000,0x00000017df300000)]
  0x000001ef88ae4800 JavaThread "Asynchronous log dispatcher for DefaultDaemonConnection: socket connection from /127.0.0.1:57886 to /127.0.0.1:57887" [_thread_blocked, id=9924, stack(0x00000017df300000,0x00000017df400000)]
  0x000001ef88ae5800 JavaThread "Stdin handler" [_thread_blocked, id=15216, stack(0x00000017df400000,0x00000017df500000)]
  0x000001ef88822000 JavaThread "Thread-8" [_thread_blocked, id=8988, stack(0x00000017df500000,0x00000017df600000)]
  0x000001ef88d3a800 JavaThread "Cache worker for file hash cache (C:\Users\NavodyaTJ\.gradle\caches\6.7.1\fileHashes)" [_thread_blocked, id=15828, stack(0x00000017dfc00000,0x00000017dfd00000)]
  0x000001ef88d39000 JavaThread "File lock request listener" [_thread_in_native, id=4448, stack(0x00000017dfd00000,0x00000017dfe00000)]
  0x000001ef88d3c000 JavaThread "Cache worker for journal cache (C:\Users\NavodyaTJ\.gradle\caches\journal-1)" [_thread_blocked, id=11680, stack(0x00000017dfe00000,0x00000017dff00000)]
  0x000001ef88d39800 JavaThread "Cache worker for file hash cache (C:\Users\NavodyaTJ\AndroidStudioProjects\HealthMonitor\.gradle\6.7.1\fileHashes)" [_thread_blocked, id=12484, stack(0x00000017e0100000,0x00000017e0200000)]
  0x000001ef88d3b000 JavaThread "Cache worker for checksums cache (C:\Users\NavodyaTJ\AndroidStudioProjects\HealthMonitor\.gradle\checksums)" [_thread_blocked, id=17052, stack(0x00000017e0000000,0x00000017e0100000)]
  0x000001ef88d3d000 JavaThread "Cache worker for cache directory md-supplier (C:\Users\NavodyaTJ\.gradle\caches\6.7.1\md-supplier)" [_thread_blocked, id=6472, stack(0x00000017e0200000,0x00000017e0300000)]
  0x000001ef88d37000 JavaThread "Cache worker for cache directory md-rule (C:\Users\NavodyaTJ\.gradle\caches\6.7.1\md-rule)" [_thread_blocked, id=13056, stack(0x00000017e0300000,0x00000017e0400000)]
  0x000001ef88d3d800 JavaThread "Cache worker for execution history cache (C:\Users\NavodyaTJ\.gradle\caches\6.7.1\executionHistory)" [_thread_blocked, id=15796, stack(0x00000017e0400000,0x00000017e0500000)]
  0x000001ef88d38000 JavaThread "jar transforms" [_thread_blocked, id=356, stack(0x00000017dff00000,0x00000017e0000000)]
  0x000001ef87410800 JavaThread "Cache worker for file content cache (C:\Users\NavodyaTJ\.gradle\caches\6.7.1\fileContent)" [_thread_blocked, id=14332, stack(0x00000017e0500000,0x00000017e0600000)]
  0x000001ef89b0a000 JavaThread "C2 CompilerThread1" daemon [_thread_in_native, id=14272, stack(0x00000017e0600000,0x00000017e0700000)]
  0x000001ef87411000 JavaThread "Cache worker for Build Output Cleanup Cache (C:\Users\NavodyaTJ\AndroidStudioProjects\HealthMonitor\.gradle\buildOutputCleanup)" [_thread_blocked, id=14392, stack(0x00000017e0700000,0x00000017e0800000)]
  0x000001ef87417000 JavaThread "Build operations" [_thread_blocked, id=14344, stack(0x00000017e0800000,0x00000017e0900000)]
  0x000001ef87417800 JavaThread "Build operations Thread 2" [_thread_blocked, id=976, stack(0x00000017e0900000,0x00000017e0a00000)]
  0x000001ef87412000 JavaThread "Build operations Thread 3" [_thread_blocked, id=16876, stack(0x00000017e0a00000,0x00000017e0b00000)]
  0x000001ef87418800 JavaThread "Build operations Thread 4" [_thread_blocked, id=11416, stack(0x00000017e0b00000,0x00000017e0c00000)]
  0x000001ef87414800 JavaThread "Build operations Thread 5" [_thread_blocked, id=16856, stack(0x00000017e0c00000,0x00000017e0d00000)]
  0x000001ef87415000 JavaThread "Build operations Thread 6" [_thread_blocked, id=10384, stack(0x00000017e0d00000,0x00000017e0e00000)]
  0x000001ef87412800 JavaThread "Build operations Thread 7" [_thread_blocked, id=6792, stack(0x00000017e0e00000,0x00000017e0f00000)]
  0x000001ef8741b000 JavaThread "Build operations Thread 8" [_thread_blocked, id=4176, stack(0x00000017e0f00000,0x00000017e1000000)]
  0x000001ef8741a000 JavaThread "jar transforms Thread 2" [_thread_blocked, id=16728, stack(0x00000017e1000000,0x00000017e1100000)]
  0x000001ef87416000 JavaThread "jar transforms Thread 3" [_thread_blocked, id=14780, stack(0x00000017e1100000,0x00000017e1200000)]
  0x000001ef87419800 JavaThread "jar transforms Thread 4" [_thread_blocked, id=8124, stack(0x00000017e1200000,0x00000017e1300000)]
  0x000001ef8741b800 JavaThread "jar transforms Thread 5" [_thread_blocked, id=11792, stack(0x00000017e1300000,0x00000017e1400000)]
  0x000001ef8741c800 JavaThread "jar transforms Thread 6" [_thread_blocked, id=2792, stack(0x00000017e1400000,0x00000017e1500000)]
  0x000001ef8741d800 JavaThread "jar transforms Thread 7" [_thread_blocked, id=3024, stack(0x00000017e1500000,0x00000017e1600000)]
  0x000001ef8741e000 JavaThread "jar transforms Thread 8" [_thread_blocked, id=3932, stack(0x00000017e1600000,0x00000017e1700000)]
  0x000001ef8741f000 JavaThread "jar transforms Thread 9" [_thread_blocked, id=2248, stack(0x00000017e1700000,0x00000017e1800000)]
  0x000001ef891ac800 JavaThread "jar transforms Thread 10" [_thread_blocked, id=11748, stack(0x00000017e1800000,0x00000017e1900000)]
  0x000001ef891a7000 JavaThread "jar transforms Thread 11" [_thread_blocked, id=3284, stack(0x00000017e1900000,0x00000017e1a00000)]
  0x000001ef891a7800 JavaThread "jar transforms Thread 12" [_thread_blocked, id=7456, stack(0x00000017e1a00000,0x00000017e1b00000)]
  0x000001ef891ab800 JavaThread "jar transforms Thread 13" [_thread_blocked, id=5520, stack(0x00000017e1b00000,0x00000017e1c00000)]
  0x000001ef891ad800 JavaThread "jar transforms Thread 14" [_thread_blocked, id=2852, stack(0x00000017e1c00000,0x00000017e1d00000)]
  0x000001ef891a9800 JavaThread "jar transforms Thread 15" [_thread_blocked, id=13716, stack(0x00000017e1d00000,0x00000017e1e00000)]
  0x000001ef891ae000 JavaThread "jar transforms Thread 16" [_thread_blocked, id=5400, stack(0x00000017e1e00000,0x00000017e1f00000)]
  0x000001ef891a8800 JavaThread "jar transforms Thread 17" [_thread_blocked, id=5228, stack(0x00000017e1f00000,0x00000017e2000000)]
  0x000001ef891af000 JavaThread "jar transforms Thread 18" [_thread_blocked, id=4252, stack(0x00000017e2000000,0x00000017e2100000)]
  0x000001ef891aa000 JavaThread "jar transforms Thread 19" [_thread_blocked, id=13772, stack(0x00000017e2100000,0x00000017e2200000)]
  0x000001ef891b0000 JavaThread "jar transforms Thread 20" [_thread_blocked, id=10056, stack(0x00000017e2200000,0x00000017e2300000)]
  0x000001ef891b0800 JavaThread "jar transforms Thread 21" [_thread_blocked, id=84, stack(0x00000017e2300000,0x00000017e2400000)]
  0x000001ef891ab000 JavaThread "jar transforms Thread 22" [_thread_blocked, id=17132, stack(0x00000017e2400000,0x00000017e2500000)]
  0x000001ef891b4800 JavaThread "jar transforms Thread 23" [_thread_blocked, id=14424, stack(0x00000017e2500000,0x00000017e2600000)]
  0x000001ef891b5800 JavaThread "jar transforms Thread 24" [_thread_blocked, id=12124, stack(0x00000017e2600000,0x00000017e2700000)]
  0x000001ef891b2800 JavaThread "jar transforms Thread 25" [_thread_blocked, id=3968, stack(0x00000017e2700000,0x00000017e2800000)]
  0x000001ef891b1800 JavaThread "jar transforms Thread 26" [_thread_blocked, id=15504, stack(0x00000017e2800000,0x00000017e2900000)]
  0x000001ef891b3000 JavaThread "jar transforms Thread 27" [_thread_blocked, id=7536, stack(0x00000017e2900000,0x00000017e2a00000)]
  0x000001ef891b4000 JavaThread "jar transforms Thread 28" [_thread_blocked, id=14636, stack(0x00000017e2a00000,0x00000017e2b00000)]
  0x000001ef8bf59800 JavaThread "jar transforms Thread 29" [_thread_blocked, id=1564, stack(0x00000017e2b00000,0x00000017e2c00000)]
  0x000001ef8bf58800 JavaThread "jar transforms Thread 30" [_thread_blocked, id=15460, stack(0x00000017e2c00000,0x00000017e2d00000)]
  0x000001ef8bf5a800 JavaThread "jar transforms Thread 31" [_thread_blocked, id=13916, stack(0x00000017e2d00000,0x00000017e2e00000)]
  0x000001ef8bf5b000 JavaThread "jar transforms Thread 32" [_thread_blocked, id=11560, stack(0x00000017e2e00000,0x00000017e2f00000)]
  0x000001ef8bf56800 JavaThread "jar transforms Thread 33" [_thread_blocked, id=13244, stack(0x00000017e2f00000,0x00000017e3000000)]
  0x000001ef8bf58000 JavaThread "jar transforms Thread 34" [_thread_blocked, id=8472, stack(0x00000017e3000000,0x00000017e3100000)]
  0x000001ef8bf5c000 JavaThread "jar transforms Thread 35" [_thread_blocked, id=4064, stack(0x00000017e3100000,0x00000017e3200000)]
  0x000001ef8bf5d000 JavaThread "jar transforms Thread 36" [_thread_blocked, id=4436, stack(0x00000017e3200000,0x00000017e3300000)]
  0x000001ef8bf57000 JavaThread "jar transforms Thread 37" [_thread_blocked, id=8532, stack(0x00000017e3300000,0x00000017e3400000)]
  0x000001ef8bf5f800 JavaThread "jar transforms Thread 38" [_thread_blocked, id=12380, stack(0x00000017e3400000,0x00000017e3500000)]
  0x000001ef8bf5e800 JavaThread "jar transforms Thread 39" [_thread_blocked, id=10984, stack(0x00000017e3500000,0x00000017e3600000)]
  0x000001ef8bf61800 JavaThread "jar transforms Thread 40" [_thread_blocked, id=9148, stack(0x00000017e3600000,0x00000017e3700000)]
  0x000001ef8bf61000 JavaThread "jar transforms Thread 41" [_thread_blocked, id=4912, stack(0x00000017e3700000,0x00000017e3800000)]
  0x000001ef8bf62800 JavaThread "jar transforms Thread 42" [_thread_blocked, id=7656, stack(0x00000017e3800000,0x00000017e3900000)]
  0x000001ef8bf63800 JavaThread "jar transforms Thread 43" [_thread_blocked, id=5132, stack(0x00000017e3900000,0x00000017e3a00000)]
  0x000001ef8bf60000 JavaThread "jar transforms Thread 44" [_thread_blocked, id=1716, stack(0x00000017e3a00000,0x00000017e3b00000)]
  0x000001ef8bf5d800 JavaThread "jar transforms Thread 45" [_thread_blocked, id=1664, stack(0x00000017e3b00000,0x00000017e3c00000)]
  0x000001ef8bf64000 JavaThread "jar transforms Thread 46" [_thread_blocked, id=11496, stack(0x00000017e3c00000,0x00000017e3d00000)]
  0x000001ef8bf65000 JavaThread "jar transforms Thread 47" [_thread_blocked, id=2964, stack(0x00000017e3d00000,0x00000017e3e00000)]
  0x000001ef86ae8000 JavaThread "jar transforms Thread 48" [_thread_blocked, id=13684, stack(0x00000017e3e00000,0x00000017e3f00000)]
  0x000001ef86ae7000 JavaThread "jar transforms Thread 49" [_thread_blocked, id=8820, stack(0x00000017e3f00000,0x00000017e4000000)]
  0x000001ef86ae8800 JavaThread "jar transforms Thread 50" [_thread_blocked, id=14256, stack(0x00000017e4000000,0x00000017e4100000)]
  0x000001ef86ae9800 JavaThread "jar transforms Thread 51" [_thread_blocked, id=6064, stack(0x00000017e4100000,0x00000017e4200000)]
  0x000001ef86aea800 JavaThread "jar transforms Thread 52" [_thread_blocked, id=16652, stack(0x00000017e4200000,0x00000017e4300000)]
  0x000001ef86ae4800 JavaThread "jar transforms Thread 53" [_thread_blocked, id=4396, stack(0x00000017e4300000,0x00000017e4400000)]
  0x000001ef86aeb000 JavaThread "jar transforms Thread 54" [_thread_blocked, id=10004, stack(0x00000017e4400000,0x00000017e4500000)]
  0x000001ef86ae5800 JavaThread "jar transforms Thread 55" [_thread_blocked, id=9516, stack(0x00000017e4500000,0x00000017e4600000)]
  0x000001ef86aec000 JavaThread "jar transforms Thread 56" [_thread_blocked, id=10780, stack(0x00000017e4600000,0x00000017e4700000)]
  0x000001ef86ae6800 JavaThread "jar transforms Thread 57" [_thread_blocked, id=17268, stack(0x00000017e4700000,0x00000017e4800000)]
  0x000001ef86af1000 JavaThread "jar transforms Thread 58" [_thread_blocked, id=1136, stack(0x00000017e4800000,0x00000017e4900000)]
  0x000001ef86aee800 JavaThread "jar transforms Thread 59" [_thread_blocked, id=11688, stack(0x00000017e4900000,0x00000017e4a00000)]
  0x000001ef86aed800 JavaThread "jar transforms Thread 60" [_thread_blocked, id=8608, stack(0x00000017e4a00000,0x00000017e4b00000)]
  0x000001ef86aed000 JavaThread "jar transforms Thread 61" [_thread_blocked, id=9940, stack(0x00000017e4b00000,0x00000017e4c00000)]
  0x000001ef86aef000 JavaThread "jar transforms Thread 62" [_thread_blocked, id=164, stack(0x00000017e4c00000,0x00000017e4d00000)]
  0x000001ef86af3800 JavaThread "jar transforms Thread 63" [_thread_blocked, id=16432, stack(0x00000017e4d00000,0x00000017e4e00000)]
  0x000001ef86af1800 JavaThread "jar transforms Thread 64" [_thread_blocked, id=6852, stack(0x00000017e4e00000,0x00000017e4f00000)]
  0x000001ef86af0000 JavaThread "jar transforms Thread 65" [_thread_blocked, id=5344, stack(0x00000017e4f00000,0x00000017e5000000)]
  0x000001ef86af2800 JavaThread "jar transforms Thread 66" [_thread_blocked, id=16460, stack(0x00000017e5000000,0x00000017e5100000)]
  0x000001ef89623000 JavaThread "jar transforms Thread 67" [_thread_blocked, id=1372, stack(0x00000017e5100000,0x00000017e5200000)]
  0x000001ef89621800 JavaThread "jar transforms Thread 68" [_thread_blocked, id=1756, stack(0x00000017e5200000,0x00000017e5300000)]
  0x000001ef89624000 JavaThread "jar transforms Thread 69" [_thread_blocked, id=7648, stack(0x00000017e5300000,0x00000017e5400000)]
  0x000001ef89622000 JavaThread "jar transforms Thread 70" [_thread_blocked, id=17044, stack(0x00000017e5400000,0x00000017e5500000)]
  0x000001ef89624800 JavaThread "jar transforms Thread 71" [_thread_blocked, id=15896, stack(0x00000017e5500000,0x00000017e5600000)]
  0x000001ef89620800 JavaThread "jar transforms Thread 72" [_thread_blocked, id=10636, stack(0x00000017e5600000,0x00000017e5700000)]
  0x000001ef8962a800 JavaThread "jar transforms Thread 73" [_thread_blocked, id=12088, stack(0x00000017e5700000,0x00000017e5800000)]
  0x000001ef89628000 JavaThread "jar transforms Thread 74" [_thread_blocked, id=15296, stack(0x00000017e5800000,0x00000017e5900000)]
  0x000001ef89628800 JavaThread "jar transforms Thread 75" [_thread_blocked, id=9596, stack(0x00000017e5900000,0x00000017e5a00000)]
  0x000001ef89629800 JavaThread "jar transforms Thread 76" [_thread_blocked, id=13388, stack(0x00000017e5a00000,0x00000017e5b00000)]
  0x000001ef8962b000 JavaThread "jar transforms Thread 77" [_thread_blocked, id=3960, stack(0x00000017e5b00000,0x00000017e5c00000)]
  0x000001ef89625800 JavaThread "jar transforms Thread 78" [_thread_blocked, id=2316, stack(0x00000017e5c00000,0x00000017e5d00000)]
  0x000001ef8962c000 JavaThread "jar transforms Thread 79" [_thread_blocked, id=9528, stack(0x00000017e5d00000,0x00000017e5e00000)]
  0x000001ef89627000 JavaThread "jar transforms Thread 80" [_thread_blocked, id=11048, stack(0x00000017e5e00000,0x00000017e5f00000)]
  0x000001ef89626000 JavaThread "jar transforms Thread 81" [_thread_blocked, id=16256, stack(0x00000017e5f00000,0x00000017e6000000)]
  0x000001ef8962d800 JavaThread "jar transforms Thread 82" [_thread_blocked, id=1324, stack(0x00000017e6000000,0x00000017e6100000)]
  0x000001ef8962d000 JavaThread "jar transforms Thread 83" [_thread_blocked, id=4168, stack(0x00000017e6100000,0x00000017e6200000)]
  0x000001ef8962e800 JavaThread "jar transforms Thread 84" [_thread_blocked, id=5904, stack(0x00000017e6200000,0x00000017e6300000)]
  0x000001ef8962f000 JavaThread "jar transforms Thread 85" [_thread_blocked, id=1692, stack(0x00000017e6300000,0x00000017e6400000)]
  0x000001ef87186000 JavaThread "jar transforms Thread 86" [_thread_blocked, id=8428, stack(0x00000017e6400000,0x00000017e6500000)]
  0x000001ef87182000 JavaThread "jar transforms Thread 87" [_thread_blocked, id=3572, stack(0x00000017e6500000,0x00000017e6600000)]
  0x000001ef87183800 JavaThread "jar transforms Thread 88" [_thread_blocked, id=14684, stack(0x00000017e6600000,0x00000017e6700000)]
  0x000001ef87185000 JavaThread "jar transforms Thread 89" [_thread_blocked, id=10352, stack(0x00000017e6700000,0x00000017e6800000)]
  0x000001ef87184800 JavaThread "jar transforms Thread 90" [_thread_blocked, id=7608, stack(0x00000017e6800000,0x00000017e6900000)]
  0x000001ef87182800 JavaThread "jar transforms Thread 91" [_thread_blocked, id=14960, stack(0x00000017e6900000,0x00000017e6a00000)]
  0x000001ef87187000 JavaThread "jar transforms Thread 92" [_thread_blocked, id=14292, stack(0x00000017e6a00000,0x00000017e6b00000)]
  0x000001ef87181000 JavaThread "jar transforms Thread 93" [_thread_blocked, id=11932, stack(0x00000017e6b00000,0x00000017e6c00000)]
  0x000001ef8718a000 JavaThread "jar transforms Thread 94" [_thread_blocked, id=10724, stack(0x00000017e6c00000,0x00000017e6d00000)]
  0x000001ef87189000 JavaThread "jar transforms Thread 95" [_thread_blocked, id=4508, stack(0x00000017e6d00000,0x00000017e6e00000)]
  0x000001ef8718b000 JavaThread "jar transforms Thread 96" [_thread_blocked, id=4944, stack(0x00000017e6e00000,0x00000017e6f00000)]
  0x000001ef87187800 JavaThread "jar transforms Thread 97" [_thread_blocked, id=11456, stack(0x00000017e6f00000,0x00000017e7000000)]
  0x000001ef8718c800 JavaThread "Memory manager" [_thread_blocked, id=10064, stack(0x00000017e7000000,0x00000017e7100000)]
  0x000001ef8718b800 JavaThread "build event listener" [_thread_blocked, id=6640, stack(0x00000017e7100000,0x00000017e7200000)]
  0x000001ef8718d800 JavaThread "build event listener" [_thread_blocked, id=14852, stack(0x00000017e7200000,0x00000017e7300000)]
  0x000001ef8718e000 JavaThread "Execution worker for ':'" [_thread_blocked, id=14440, stack(0x00000017e7300000,0x00000017e7400000)]
  0x000001ef87188800 JavaThread "Execution worker for ':' Thread 2" [_thread_blocked, id=11428, stack(0x00000017e7400000,0x00000017e7500000)]
  0x000001ef8718f000 JavaThread "Execution worker for ':' Thread 3" [_thread_blocked, id=15348, stack(0x00000017e7500000,0x00000017e7600000)]
  0x000001ef8718f800 JavaThread "Execution worker for ':' Thread 4" [_thread_blocked, id=14608, stack(0x00000017e7600000,0x00000017e7700000)]
  0x000001ef8c4ba800 JavaThread "Execution worker for ':' Thread 5" [_thread_blocked, id=17012, stack(0x00000017e7700000,0x00000017e7800000)]
  0x000001ef8c4b9000 JavaThread "Execution worker for ':' Thread 6" [_thread_blocked, id=10652, stack(0x00000017e7800000,0x00000017e7900000)]
  0x000001ef8c4bb800 JavaThread "Execution worker for ':' Thread 7" [_thread_blocked, id=956, stack(0x00000017e7900000,0x00000017e7a00000)]
  0x000001ef8c4ba000 JavaThread "Cache worker for execution history cache (C:\Users\NavodyaTJ\AndroidStudioProjects\HealthMonitor\.gradle\6.7.1\executionHistory)" [_thread_blocked, id=14040, stack(0x00000017e7a00000,0x00000017e7b00000)]
  0x000001ef8c4bc800 JavaThread "WorkerExecutor Queue" [_thread_blocked, id=3596, stack(0x00000017e7b00000,0x00000017e7c00000)]
  0x000001ef8c4b7800 JavaThread "WorkerExecutor Queue Thread 2" [_thread_blocked, id=12784, stack(0x00000017e7c00000,0x00000017e7d00000)]
  0x000001ef8c4b6800 JavaThread "WorkerExecutor Queue Thread 3" [_thread_blocked, id=3884, stack(0x00000017e7d00000,0x00000017e7e00000)]
  0x000001ef8c4bd000 JavaThread "WorkerExecutor Queue Thread 4" [_thread_blocked, id=13740, stack(0x00000017e7e00000,0x00000017e7f00000)]
  0x000001ef8c4b8800 JavaThread "WorkerExecutor Queue Thread 6" [_thread_blocked, id=11708, stack(0x00000017e8000000,0x00000017e8100000)]
  0x000001ef8c4c4800 JavaThread "WorkerExecutor Queue Thread 8" [_thread_blocked, id=16740, stack(0x00000017e8200000,0x00000017e8300000)]
  0x000001ef8c4c1800 JavaThread "WorkerExecutor Queue Thread 9" [_thread_blocked, id=10840, stack(0x00000017e8300000,0x00000017e8400000)]
  0x000001ef8c4c2000 JavaThread "pool-4-thread-1" [_thread_blocked, id=8992, stack(0x00000017e8500000,0x00000017e8600000)]
  0x000001ef8c4bf000 JavaThread "stderr" [_thread_in_native, id=10848, stack(0x00000017e8600000,0x00000017e8700000)]
  0x000001ef8c4c5800 JavaThread "stdout" [_thread_in_native, id=2016, stack(0x00000017e8700000,0x00000017e8800000)]
  0x000001ef8c4bf800 JavaThread "ForkJoinPool-1-worker-3" daemon [_thread_blocked, id=11100, stack(0x00000017e8800000,0x00000017e8900000)]
  0x000001ef8df78800 JavaThread "ForkJoinPool-1-worker-5" daemon [_thread_blocked, id=13988, stack(0x00000017e8900000,0x00000017e8a00000)]
  0x000001ef8df76000 JavaThread "ForkJoinPool-1-worker-7" daemon [_thread_blocked, id=13536, stack(0x00000017e8a00000,0x00000017e8b00000)]
  0x000001ef8df77000 JavaThread "ForkJoinPool-1-worker-9" daemon [_thread_blocked, id=11772, stack(0x00000017e8b00000,0x00000017e8c00000)]
  0x000001ef8df79800 JavaThread "ForkJoinPool-1-worker-11" daemon [_thread_blocked, id=10708, stack(0x00000017e8c00000,0x00000017e8d00000)]
  0x000001ef8df73800 JavaThread "ForkJoinPool-1-worker-15" daemon [_thread_blocked, id=12872, stack(0x00000017e8d00000,0x00000017e8e00000)]
  0x000001ef8df7a000 JavaThread "ForkJoinPool-1-worker-13" daemon [_thread_blocked, id=10940, stack(0x00000017e8e00000,0x00000017e8f00000)]
  0x000001ef8df74800 JavaThread "ForkJoinPool-1-worker-1" daemon [_thread_blocked, id=11348, stack(0x00000017e8f00000,0x00000017e9000000)]

Other Threads:
=>0x000001efffa17800 VMThread "VM Thread" [stack: 0x00000017ddd00000,0x00000017dde00000] [id=920]
  0x000001efffbef000 WatcherThread [stack: 0x00000017de700000,0x00000017de800000] [id=13968]
  0x000001efe97ba000 GCTaskThread "GC Thread#0" [stack: 0x00000017dd800000,0x00000017dd900000] [id=2908]
  0x000001efffe3e800 GCTaskThread "GC Thread#1" [stack: 0x00000017de900000,0x00000017dea00000] [id=17048]
  0x000001ef878d2800 GCTaskThread "GC Thread#2" [stack: 0x00000017dea00000,0x00000017deb00000] [id=7588]
  0x000001ef88374800 GCTaskThread "GC Thread#3" [stack: 0x00000017df700000,0x00000017df800000] [id=13036]
  0x000001ef892c3800 GCTaskThread "GC Thread#4" [stack: 0x00000017df800000,0x00000017df900000] [id=5636]
  0x000001ef89161800 GCTaskThread "GC Thread#5" [stack: 0x00000017df900000,0x00000017dfa00000] [id=6216]
  0x000001ef88b07000 GCTaskThread "GC Thread#6" [stack: 0x00000017dfa00000,0x00000017dfb00000] [id=14596]
  0x000001ef88b07800 GCTaskThread "GC Thread#7" [stack: 0x00000017dfb00000,0x00000017dfc00000] [id=12036]
  0x000001efe97ea800 ConcurrentGCThread "G1 Main Marker" [stack: 0x00000017dd900000,0x00000017dda00000] [id=1536]
  0x000001efe97ed000 ConcurrentGCThread "G1 Conc#0" [stack: 0x00000017dda00000,0x00000017ddb00000] [id=13524]
  0x000001ef87a6a000 ConcurrentGCThread "G1 Conc#1" [stack: 0x00000017df600000,0x00000017df700000] [id=4516]
  0x000001efff862800 ConcurrentGCThread "G1 Refine#0" [stack: 0x00000017ddb00000,0x00000017ddc00000] [id=6076]
  0x000001ef8dd03800 ConcurrentGCThread "G1 Refine#1" [stack: 0x00000017e9000000,0x00000017e9100000] [id=12944]
  0x000001ef8c566000 ConcurrentGCThread "G1 Refine#2" [stack: 0x00000017e9100000,0x00000017e9200000] [id=5900]
  0x000001ef8dc82000 ConcurrentGCThread "G1 Refine#3" [stack: 0x00000017e9200000,0x00000017e9300000] [id=10920]
  0x000001ef8a0fd000 ConcurrentGCThread "G1 Refine#4" [stack: 0x00000017e9300000,0x00000017e9400000] [id=15668]
  0x000001efe986b800 ConcurrentGCThread "G1 Young RemSet Sampling" [stack: 0x00000017ddc00000,0x00000017ddd00000] [id=8912]

Threads with active compile tasks:
C2 CompilerThread0  20741 9603 %     4       com.android.tools.r8.dex.n::a @ 315 (913 bytes)
C2 CompilerThread1  20741 10428       4       com.android.tools.r8.dex.P$g::b (31 bytes)

VM state:at safepoint (normal execution)

VM Mutex/Monitor currently owned by a thread:  ([mutex/lock_event])
[0x000001efe97a0970] Threads_lock - owner thread: 0x000001efffa17800
[0x000001efe97a0610] Heap_lock - owner thread: 0x000001ef8c4c4800

Heap address: 0x0000000080000000, size: 2048 MB, Compressed Oops mode: 32-bit
Narrow klass base: 0x0000000000000000, Narrow klass shift: 3
Compressed class space size: 1073741824 Address: 0x0000000100000000

Heap:
 garbage-first heap   total 475136K, used 173919K [0x0000000080000000, 0x0000000100000000)
  region size 1024K, 3 young (3072K), 3 survivors (3072K)
 Metaspace       used 87539K, capacity 89652K, committed 89856K, reserved 1126400K
  class space    used 11479K, capacity 12273K, committed 12288K, reserved 1048576K
Heap Regions: E=young(eden), S=young(survivor), O=old, HS=humongous(starts), HC=humongous(continues), CS=collection set, F=free, A=archive, TAMS=top-at-mark-start (previous, next)
|   0|0x0000000080000000, 0x0000000080100000, 0x0000000080100000|100%| O|  |TAMS 0x0000000080100000, 0x0000000080100000| Untracked 
|   1|0x0000000080100000, 0x0000000080200000, 0x0000000080200000|100%| O|  |TAMS 0x0000000080200000, 0x0000000080200000| Untracked 
|   2|0x0000000080200000, 0x0000000080300000, 0x0000000080300000|100%| O|  |TAMS 0x0000000080300000, 0x0000000080300000| Untracked 
|   3|0x0000000080300000, 0x0000000080400000, 0x0000000080400000|100%|HS|  |TAMS 0x0000000080400000, 0x0000000080400000| Complete 
|   4|0x0000000080400000, 0x0000000080500000, 0x0000000080500000|100%|HC|  |TAMS 0x0000000080500000, 0x0000000080500000| Complete 
|   5|0x0000000080500000, 0x0000000080600000, 0x0000000080600000|100%|HC|  |TAMS 0x0000000080600000, 0x0000000080600000| Complete 
|   6|0x0000000080600000, 0x0000000080700000, 0x0000000080700000|100%| O|  |TAMS 0x0000000080700000, 0x0000000080700000| Untracked 
|   7|0x0000000080700000, 0x0000000080800000, 0x0000000080800000|100%| O|  |TAMS 0x0000000080800000, 0x0000000080800000| Untracked 
|   8|0x0000000080800000, 0x0000000080900000, 0x0000000080900000|100%| O|  |TAMS 0x0000000080900000, 0x0000000080900000| Untracked 
|   9|0x0000000080900000, 0x0000000080a00000, 0x0000000080a00000|100%| O|  |TAMS 0x0000000080a00000, 0x0000000080a00000| Untracked 
|  10|0x0000000080a00000, 0x0000000080b00000, 0x0000000080b00000|100%| O|  |TAMS 0x0000000080b00000, 0x0000000080b00000| Untracked 
|  11|0x0000000080b00000, 0x0000000080c00000, 0x0000000080c00000|100%| O|  |TAMS 0x0000000080c00000, 0x0000000080c00000| Untracked 
|  12|0x0000000080c00000, 0x0000000080d00000, 0x0000000080d00000|100%| O|  |TAMS 0x0000000080d00000, 0x0000000080d00000| Untracked 
|  13|0x0000000080d00000, 0x0000000080e00000, 0x0000000080e00000|100%| O|  |TAMS 0x0000000080e00000, 0x0000000080e00000| Untracked 
|  14|0x0000000080e00000, 0x0000000080f00000, 0x0000000080f00000|100%| O|  |TAMS 0x0000000080f00000, 0x0000000080f00000| Untracked 
|  15|0x0000000080f00000, 0x0000000081000000, 0x0000000081000000|100%| O|  |TAMS 0x0000000081000000, 0x0000000081000000| Untracked 
|  16|0x0000000081000000, 0x0000000081100000, 0x0000000081100000|100%| O|  |TAMS 0x0000000081100000, 0x0000000081100000| Untracked 
|  17|0x0000000081100000, 0x0000000081200000, 0x0000000081200000|100%| O|  |TAMS 0x0000000081200000, 0x0000000081200000| Untracked 
|  18|0x0000000081200000, 0x0000000081300000, 0x0000000081300000|100%| O|  |TAMS 0x0000000081300000, 0x0000000081300000| Untracked 
|  19|0x0000000081300000, 0x0000000081400000, 0x0000000081400000|100%|HS|  |TAMS 0x0000000081400000, 0x0000000081400000| Complete 
|  20|0x0000000081400000, 0x0000000081500000, 0x0000000081500000|100%| O|  |TAMS 0x0000000081500000, 0x0000000081500000| Untracked 
|  21|0x0000000081500000, 0x0000000081600000, 0x0000000081600000|100%| O|  |TAMS 0x0000000081600000, 0x0000000081600000| Untracked 
|  22|0x0000000081600000, 0x0000000081700000, 0x0000000081700000|100%|HS|  |TAMS 0x0000000081700000, 0x0000000081700000| Complete 
|  23|0x0000000081700000, 0x0000000081800000, 0x0000000081800000|100%|HC|  |TAMS 0x0000000081800000, 0x0000000081800000| Complete 
|  24|0x0000000081800000, 0x0000000081900000, 0x0000000081900000|100%| O|  |TAMS 0x0000000081900000, 0x0000000081900000| Untracked 
|  25|0x0000000081900000, 0x0000000081a00000, 0x0000000081a00000|100%| O|  |TAMS 0x0000000081a00000, 0x0000000081a00000| Untracked 
|  26|0x0000000081a00000, 0x0000000081b00000, 0x0000000081b00000|100%| O|  |TAMS 0x0000000081b00000, 0x0000000081b00000| Untracked 
|  27|0x0000000081b00000, 0x0000000081c00000, 0x0000000081c00000|100%| O|  |TAMS 0x0000000081c00000, 0x0000000081c00000| Untracked 
|  28|0x0000000081c00000, 0x0000000081d00000, 0x0000000081d00000|100%| O|  |TAMS 0x0000000081d00000, 0x0000000081d00000| Untracked 
|  29|0x0000000081d00000, 0x0000000081e00000, 0x0000000081e00000|100%| O|  |TAMS 0x0000000081e00000, 0x0000000081e00000| Untracked 
|  30|0x0000000081e00000, 0x0000000081f00000, 0x0000000081f00000|100%| O|  |TAMS 0x0000000081f00000, 0x0000000081f00000| Untracked 
|  31|0x0000000081f00000, 0x0000000082000000, 0x0000000082000000|100%| O|  |TAMS 0x0000000082000000, 0x0000000082000000| Untracked 
|  32|0x0000000082000000, 0x0000000082100000, 0x0000000082100000|100%| O|  |TAMS 0x0000000082100000, 0x0000000082100000| Untracked 
|  33|0x0000000082100000, 0x0000000082200000, 0x0000000082200000|100%| O|  |TAMS 0x0000000082200000, 0x0000000082200000| Untracked 
|  34|0x0000000082200000, 0x0000000082300000, 0x0000000082300000|100%| O|  |TAMS 0x0000000082300000, 0x0000000082300000| Untracked 
|  35|0x0000000082300000, 0x0000000082400000, 0x0000000082400000|100%| O|  |TAMS 0x0000000082400000, 0x0000000082400000| Untracked 
|  36|0x0000000082400000, 0x0000000082500000, 0x0000000082500000|100%| O|  |TAMS 0x0000000082500000, 0x0000000082500000| Untracked 
|  37|0x0000000082500000, 0x0000000082600000, 0x0000000082600000|100%| O|  |TAMS 0x0000000082600000, 0x0000000082600000| Untracked 
|  38|0x0000000082600000, 0x0000000082700000, 0x0000000082700000|100%| O|  |TAMS 0x0000000082700000, 0x0000000082700000| Untracked 
|  39|0x0000000082700000, 0x0000000082800000, 0x0000000082800000|100%| O|  |TAMS 0x0000000082800000, 0x0000000082800000| Untracked 
|  40|0x0000000082800000, 0x0000000082900000, 0x0000000082900000|100%| O|  |TAMS 0x0000000082900000, 0x0000000082900000| Untracked 
|  41|0x0000000082900000, 0x0000000082a00000, 0x0000000082a00000|100%| O|  |TAMS 0x0000000082a00000, 0x0000000082a00000| Untracked 
|  42|0x0000000082a00000, 0x0000000082b00000, 0x0000000082b00000|100%| O|  |TAMS 0x0000000082b00000, 0x0000000082b00000| Untracked 
|  43|0x0000000082b00000, 0x0000000082c00000, 0x0000000082c00000|100%| O|  |TAMS 0x0000000082c00000, 0x0000000082c00000| Untracked 
|  44|0x0000000082c00000, 0x0000000082d00000, 0x0000000082d00000|100%| O|  |TAMS 0x0000000082d00000, 0x0000000082d00000| Untracked 
|  45|0x0000000082d00000, 0x0000000082e00000, 0x0000000082e00000|100%| O|  |TAMS 0x0000000082e00000, 0x0000000082e00000| Untracked 
|  46|0x0000000082e00000, 0x0000000082f00000, 0x0000000082f00000|100%| O|  |TAMS 0x0000000082f00000, 0x0000000082f00000| Untracked 
|  47|0x0000000082f00000, 0x0000000083000000, 0x0000000083000000|100%| O|  |TAMS 0x0000000083000000, 0x0000000083000000| Untracked 
|  48|0x0000000083000000, 0x0000000083100000, 0x0000000083100000|100%| O|  |TAMS 0x0000000083100000, 0x0000000083100000| Untracked 
|  49|0x0000000083100000, 0x0000000083200000, 0x0000000083200000|100%| O|  |TAMS 0x0000000083200000, 0x0000000083200000| Untracked 
|  50|0x0000000083200000, 0x0000000083300000, 0x0000000083300000|100%| O|  |TAMS 0x0000000083300000, 0x0000000083300000| Untracked 
|  51|0x0000000083300000, 0x0000000083400000, 0x0000000083400000|100%| O|  |TAMS 0x0000000083400000, 0x0000000083400000| Untracked 
|  52|0x0000000083400000, 0x0000000083500000, 0x0000000083500000|100%| O|  |TAMS 0x0000000083500000, 0x0000000083500000| Untracked 
|  53|0x0000000083500000, 0x0000000083600000, 0x0000000083600000|100%| O|  |TAMS 0x0000000083600000, 0x0000000083600000| Untracked 
|  54|0x0000000083600000, 0x0000000083700000, 0x0000000083700000|100%| O|  |TAMS 0x0000000083700000, 0x0000000083700000| Untracked 
|  55|0x0000000083700000, 0x0000000083800000, 0x0000000083800000|100%| O|  |TAMS 0x0000000083800000, 0x0000000083800000| Untracked 
|  56|0x0000000083800000, 0x0000000083900000, 0x0000000083900000|100%| O|  |TAMS 0x0000000083900000, 0x0000000083900000| Untracked 
|  57|0x0000000083900000, 0x0000000083a00000, 0x0000000083a00000|100%| O|  |TAMS 0x0000000083a00000, 0x0000000083a00000| Untracked 
|  58|0x0000000083a00000, 0x0000000083b00000, 0x0000000083b00000|100%| O|  |TAMS 0x0000000083b00000, 0x0000000083b00000| Untracked 
|  59|0x0000000083b00000, 0x0000000083c00000, 0x0000000083c00000|100%| O|  |TAMS 0x0000000083c00000, 0x0000000083c00000| Untracked 
|  60|0x0000000083c00000, 0x0000000083d00000, 0x0000000083d00000|100%| O|  |TAMS 0x0000000083d00000, 0x0000000083d00000| Untracked 
|  61|0x0000000083d00000, 0x0000000083e00000, 0x0000000083e00000|100%|HS|  |TAMS 0x0000000083e00000, 0x0000000083e00000| Complete 
|  62|0x0000000083e00000, 0x0000000083f00000, 0x0000000083f00000|100%|HC|  |TAMS 0x0000000083f00000, 0x0000000083f00000| Complete 
|  63|0x0000000083f00000, 0x0000000084000000, 0x0000000084000000|100%|HS|  |TAMS 0x0000000084000000, 0x0000000084000000| Complete 
|  64|0x0000000084000000, 0x0000000084100000, 0x0000000084100000|100%|HS|  |TAMS 0x0000000084100000, 0x0000000084100000| Complete 
|  65|0x0000000084100000, 0x0000000084200000, 0x0000000084200000|100%| O|  |TAMS 0x0000000084200000, 0x0000000084200000| Untracked 
|  66|0x0000000084200000, 0x0000000084300000, 0x0000000084300000|100%| O|  |TAMS 0x0000000084300000, 0x0000000084300000| Untracked 
|  67|0x0000000084300000, 0x0000000084400000, 0x0000000084400000|100%|HS|  |TAMS 0x0000000084400000, 0x0000000084400000| Complete 
|  68|0x0000000084400000, 0x0000000084500000, 0x0000000084500000|100%|HC|  |TAMS 0x0000000084500000, 0x0000000084500000| Complete 
|  69|0x0000000084500000, 0x0000000084600000, 0x0000000084600000|100%|HS|  |TAMS 0x0000000084600000, 0x0000000084600000| Complete 
|  70|0x0000000084600000, 0x0000000084700000, 0x0000000084700000|100%|HC|  |TAMS 0x0000000084700000, 0x0000000084700000| Complete 
|  71|0x0000000084700000, 0x0000000084800000, 0x0000000084800000|100%| O|  |TAMS 0x0000000084800000, 0x0000000084800000| Untracked 
|  72|0x0000000084800000, 0x0000000084900000, 0x0000000084900000|100%| O|  |TAMS 0x0000000084900000, 0x0000000084900000| Untracked 
|  73|0x0000000084900000, 0x0000000084a00000, 0x0000000084a00000|100%| O|  |TAMS 0x0000000084a00000, 0x0000000084a00000| Untracked 
|  74|0x0000000084a00000, 0x0000000084b00000, 0x0000000084b00000|100%| O|  |TAMS 0x0000000084b00000, 0x0000000084b00000| Untracked 
|  75|0x0000000084b00000, 0x0000000084c00000, 0x0000000084c00000|100%| O|  |TAMS 0x0000000084c00000, 0x0000000084c00000| Untracked 
|  76|0x0000000084c00000, 0x0000000084d00000, 0x0000000084d00000|100%| O|  |TAMS 0x0000000084d00000, 0x0000000084d00000| Untracked 
|  77|0x0000000084d00000, 0x0000000084e00000, 0x0000000084e00000|100%| O|  |TAMS 0x0000000084e00000, 0x0000000084e00000| Untracked 
|  78|0x0000000084e00000, 0x0000000084f00000, 0x0000000084f00000|100%| O|  |TAMS 0x0000000084f00000, 0x0000000084f00000| Untracked 
|  79|0x0000000084f00000, 0x0000000085000000, 0x0000000085000000|100%|HS|  |TAMS 0x0000000085000000, 0x0000000085000000| Complete 
|  80|0x0000000085000000, 0x0000000085100000, 0x0000000085100000|100%|HC|  |TAMS 0x0000000085100000, 0x0000000085100000| Complete 
|  81|0x0000000085100000, 0x0000000085200000, 0x0000000085200000|100%| O|  |TAMS 0x0000000085200000, 0x0000000085200000| Untracked 
|  82|0x0000000085200000, 0x0000000085300000, 0x0000000085300000|100%|HS|  |TAMS 0x0000000085300000, 0x0000000085300000| Complete 
|  83|0x0000000085300000, 0x0000000085400000, 0x0000000085400000|100%| O|  |TAMS 0x0000000085400000, 0x0000000085400000| Untracked 
|  84|0x0000000085400000, 0x0000000085500000, 0x0000000085500000|100%|HS|  |TAMS 0x0000000085500000, 0x0000000085500000| Complete 
|  85|0x0000000085500000, 0x0000000085600000, 0x0000000085600000|100%| O|  |TAMS 0x0000000085600000, 0x0000000085600000| Untracked 
|  86|0x0000000085600000, 0x0000000085700000, 0x0000000085700000|100%| O|  |TAMS 0x0000000085700000, 0x0000000085700000| Untracked 
|  87|0x0000000085700000, 0x0000000085800000, 0x0000000085800000|100%|HS|  |TAMS 0x0000000085800000, 0x0000000085800000| Complete 
|  88|0x0000000085800000, 0x0000000085900000, 0x0000000085900000|100%|HC|  |TAMS 0x0000000085900000, 0x0000000085900000| Complete 
|  89|0x0000000085900000, 0x0000000085a00000, 0x0000000085a00000|100%|HS|  |TAMS 0x0000000085a00000, 0x0000000085a00000| Complete 
|  90|0x0000000085a00000, 0x0000000085b00000, 0x0000000085b00000|100%|HS|  |TAMS 0x0000000085b00000, 0x0000000085b00000| Complete 
|  91|0x0000000085b00000, 0x0000000085c00000, 0x0000000085c00000|100%| O|  |TAMS 0x0000000085c00000, 0x0000000085c00000| Untracked 
|  92|0x0000000085c00000, 0x0000000085d00000, 0x0000000085d00000|100%| O|  |TAMS 0x0000000085d00000, 0x0000000085d00000| Untracked 
|  93|0x0000000085d00000, 0x0000000085e00000, 0x0000000085e00000|100%| O|  |TAMS 0x0000000085e00000, 0x0000000085e00000| Untracked 
|  94|0x0000000085e00000, 0x0000000085f00000, 0x0000000085f00000|100%| O|  |TAMS 0x0000000085f00000, 0x0000000085f00000| Untracked 
|  95|0x0000000085f00000, 0x0000000086000000, 0x0000000086000000|100%| O|  |TAMS 0x0000000086000000, 0x0000000086000000| Untracked 
|  96|0x0000000086000000, 0x0000000086100000, 0x0000000086100000|100%|HS|  |TAMS 0x0000000086100000, 0x0000000086100000| Complete 
|  97|0x0000000086100000, 0x0000000086200000, 0x0000000086200000|100%|HC|  |TAMS 0x0000000086200000, 0x0000000086200000| Complete 
|  98|0x0000000086200000, 0x0000000086300000, 0x0000000086300000|100%| O|  |TAMS 0x0000000086300000, 0x0000000086300000| Untracked 
|  99|0x0000000086300000, 0x0000000086400000, 0x0000000086400000|100%| O|  |TAMS 0x0000000086400000, 0x0000000086400000| Untracked 
| 100|0x0000000086400000, 0x0000000086500000, 0x0000000086500000|100%| O|  |TAMS 0x0000000086500000, 0x0000000086500000| Untracked 
| 101|0x0000000086500000, 0x0000000086600000, 0x0000000086600000|100%| O|  |TAMS 0x0000000086600000, 0x0000000086600000| Untracked 
| 102|0x0000000086600000, 0x0000000086700000, 0x0000000086700000|100%| O|  |TAMS 0x0000000086700000, 0x0000000086700000| Untracked 
| 103|0x0000000086700000, 0x0000000086800000, 0x0000000086800000|100%| O|  |TAMS 0x0000000086800000, 0x0000000086800000| Untracked 
| 104|0x0000000086800000, 0x0000000086900000, 0x0000000086900000|100%| O|  |TAMS 0x0000000086900000, 0x0000000086900000| Untracked 
| 105|0x0000000086900000, 0x0000000086a00000, 0x0000000086a00000|100%| O|  |TAMS 0x0000000086a00000, 0x0000000086a00000| Untracked 
| 106|0x0000000086a00000, 0x0000000086b00000, 0x0000000086b00000|100%| O|  |TAMS 0x0000000086b00000, 0x0000000086b00000| Untracked 
| 107|0x0000000086b00000, 0x0000000086c00000, 0x0000000086c00000|100%| O|  |TAMS 0x0000000086c00000, 0x0000000086c00000| Untracked 
| 108|0x0000000086c00000, 0x0000000086d00000, 0x0000000086d00000|100%| O|  |TAMS 0x0000000086d00000, 0x0000000086d00000| Untracked 
| 109|0x0000000086d00000, 0x0000000086e00000, 0x0000000086e00000|100%| O|  |TAMS 0x0000000086e00000, 0x0000000086e00000| Untracked 
| 110|0x0000000086e00000, 0x0000000086f00000, 0x0000000086f00000|100%| O|  |TAMS 0x0000000086f00000, 0x0000000086f00000| Untracked 
| 111|0x0000000086f00000, 0x0000000087000000, 0x0000000087000000|100%| O|  |TAMS 0x0000000087000000, 0x0000000087000000| Untracked 
| 112|0x0000000087000000, 0x0000000087100000, 0x0000000087100000|100%| O|  |TAMS 0x0000000087100000, 0x0000000087100000| Untracked 
| 113|0x0000000087100000, 0x0000000087200000, 0x0000000087200000|100%| O|  |TAMS 0x0000000087200000, 0x0000000087200000| Untracked 
| 114|0x0000000087200000, 0x0000000087300000, 0x0000000087300000|100%| O|  |TAMS 0x000000008722ac00, 0x0000000087300000| Untracked 
| 115|0x0000000087300000, 0x0000000087400000, 0x0000000087400000|100%| O|  |TAMS 0x0000000087300000, 0x0000000087400000| Untracked 
| 116|0x0000000087400000, 0x0000000087500000, 0x0000000087500000|100%| O|  |TAMS 0x0000000087400000, 0x0000000087500000| Untracked 
| 117|0x0000000087500000, 0x0000000087600000, 0x0000000087600000|100%| O|  |TAMS 0x0000000087500000, 0x0000000087600000| Untracked 
| 118|0x0000000087600000, 0x0000000087700000, 0x0000000087700000|100%| O|  |TAMS 0x0000000087600000, 0x0000000087700000| Untracked 
| 119|0x0000000087700000, 0x0000000087800000, 0x0000000087800000|100%| O|  |TAMS 0x0000000087700000, 0x0000000087800000| Untracked 
| 120|0x0000000087800000, 0x0000000087900000, 0x0000000087900000|100%| O|  |TAMS 0x0000000087800000, 0x0000000087900000| Untracked 
| 121|0x0000000087900000, 0x0000000087a00000, 0x0000000087a00000|100%| O|  |TAMS 0x0000000087900000, 0x0000000087a00000| Untracked 
| 122|0x0000000087a00000, 0x0000000087b00000, 0x0000000087b00000|100%| O|  |TAMS 0x0000000087a00000, 0x0000000087b00000| Untracked 
| 123|0x0000000087b00000, 0x0000000087c00000, 0x0000000087c00000|100%| O|  |TAMS 0x0000000087b00000, 0x0000000087c00000| Untracked 
| 124|0x0000000087c00000, 0x0000000087d00000, 0x0000000087d00000|100%| O|  |TAMS 0x0000000087c00000, 0x0000000087d00000| Untracked 
| 125|0x0000000087d00000, 0x0000000087e00000, 0x0000000087e00000|100%| O|  |TAMS 0x0000000087d00000, 0x0000000087e00000| Untracked 
| 126|0x0000000087e00000, 0x0000000087f00000, 0x0000000087f00000|100%| O|  |TAMS 0x0000000087e00000, 0x0000000087f00000| Untracked 
| 127|0x0000000087f00000, 0x0000000088000000, 0x0000000088000000|100%| O|  |TAMS 0x0000000087f00000, 0x0000000088000000| Untracked 
| 128|0x0000000088000000, 0x0000000088100000, 0x0000000088100000|100%| O|  |TAMS 0x0000000088000000, 0x0000000088100000| Untracked 
| 129|0x0000000088100000, 0x0000000088200000, 0x0000000088200000|100%| O|  |TAMS 0x0000000088200000, 0x0000000088200000| Untracked 
| 130|0x0000000088200000, 0x0000000088300000, 0x0000000088300000|100%| O|  |TAMS 0x0000000088300000, 0x0000000088300000| Untracked 
| 131|0x0000000088300000, 0x0000000088400000, 0x0000000088400000|100%| O|  |TAMS 0x0000000088400000, 0x0000000088400000| Untracked 
| 132|0x0000000088400000, 0x0000000088500000, 0x0000000088500000|100%| O|  |TAMS 0x0000000088500000, 0x0000000088500000| Untracked 
| 133|0x0000000088500000, 0x0000000088600000, 0x0000000088600000|100%| O|  |TAMS 0x0000000088600000, 0x0000000088600000| Untracked 
| 134|0x0000000088600000, 0x0000000088700000, 0x0000000088700000|100%| O|  |TAMS 0x0000000088700000, 0x0000000088700000| Untracked 
| 135|0x0000000088700000, 0x0000000088800000, 0x0000000088800000|100%| O|  |TAMS 0x0000000088800000, 0x0000000088800000| Untracked 
| 136|0x0000000088800000, 0x0000000088900000, 0x0000000088900000|100%| O|  |TAMS 0x0000000088800000, 0x0000000088900000| Untracked 
| 137|0x0000000088900000, 0x0000000088a00000, 0x0000000088a00000|100%| O|  |TAMS 0x0000000088900000, 0x0000000088a00000| Untracked 
| 138|0x0000000088a00000, 0x0000000088b00000, 0x0000000088b00000|100%| O|  |TAMS 0x0000000088a00000, 0x0000000088b00000| Untracked 
| 139|0x0000000088b00000, 0x0000000088c00000, 0x0000000088c00000|100%| O|  |TAMS 0x0000000088b00000, 0x0000000088c00000| Untracked 
| 140|0x0000000088c00000, 0x0000000088d00000, 0x0000000088d00000|100%| O|  |TAMS 0x0000000088c00000, 0x0000000088d00000| Untracked 
| 141|0x0000000088d00000, 0x0000000088e00000, 0x0000000088e00000|100%| O|  |TAMS 0x0000000088d00000, 0x0000000088e00000| Untracked 
| 142|0x0000000088e00000, 0x0000000088f00000, 0x0000000088f00000|100%| O|  |TAMS 0x0000000088e00000, 0x0000000088f00000| Untracked 
| 143|0x0000000088f00000, 0x0000000089000000, 0x0000000089000000|100%| O|  |TAMS 0x0000000088f00000, 0x0000000089000000| Untracked 
| 144|0x0000000089000000, 0x0000000089100000, 0x0000000089100000|100%| O|  |TAMS 0x0000000089000000, 0x0000000089100000| Untracked 
| 145|0x0000000089100000, 0x0000000089200000, 0x0000000089200000|100%| O|  |TAMS 0x0000000089100000, 0x0000000089200000| Untracked 
| 146|0x0000000089200000, 0x0000000089300000, 0x0000000089300000|100%| O|  |TAMS 0x0000000089200000, 0x0000000089300000| Untracked 
| 147|0x0000000089300000, 0x0000000089400000, 0x0000000089400000|100%| O|  |TAMS 0x0000000089300000, 0x0000000089400000| Untracked 
| 148|0x0000000089400000, 0x0000000089500000, 0x0000000089500000|100%| O|  |TAMS 0x0000000089400000, 0x0000000089500000| Untracked 
| 149|0x0000000089500000, 0x0000000089600000, 0x0000000089600000|100%| O|  |TAMS 0x0000000089500000, 0x0000000089600000| Untracked 
| 150|0x0000000089600000, 0x0000000089700000, 0x0000000089700000|100%| O|  |TAMS 0x0000000089600000, 0x0000000089700000| Untracked 
| 151|0x0000000089700000, 0x0000000089800000, 0x0000000089800000|100%| O|  |TAMS 0x0000000089700000, 0x0000000089800000| Untracked 
| 152|0x0000000089800000, 0x0000000089900000, 0x0000000089900000|100%| O|  |TAMS 0x0000000089800000, 0x0000000089900000| Untracked 
| 153|0x0000000089900000, 0x0000000089a00000, 0x0000000089a00000|100%| O|  |TAMS 0x0000000089900000, 0x0000000089a00000| Untracked 
| 154|0x0000000089a00000, 0x0000000089b00000, 0x0000000089b00000|100%| O|  |TAMS 0x0000000089a00000, 0x0000000089b00000| Untracked 
| 155|0x0000000089b00000, 0x0000000089c00000, 0x0000000089c00000|100%| O|  |TAMS 0x0000000089b00000, 0x0000000089c00000| Untracked 
| 156|0x0000000089c00000, 0x0000000089d00000, 0x0000000089d00000|100%| O|  |TAMS 0x0000000089c00000, 0x0000000089d00000| Untracked 
| 157|0x0000000089d00000, 0x0000000089e00000, 0x0000000089e00000|100%| O|  |TAMS 0x0000000089d00000, 0x0000000089e00000| Untracked 
| 158|0x0000000089e00000, 0x0000000089f00000, 0x0000000089f00000|100%| O|  |TAMS 0x0000000089e00000, 0x0000000089f00000| Untracked 
| 159|0x0000000089f00000, 0x000000008a000000, 0x000000008a000000|100%| O|  |TAMS 0x0000000089f00000, 0x000000008a000000| Untracked 
| 160|0x000000008a000000, 0x000000008a100000, 0x000000008a100000|100%| O|  |TAMS 0x000000008a000000, 0x000000008a100000| Untracked 
| 161|0x000000008a100000, 0x000000008a200000, 0x000000008a200000|100%| O|  |TAMS 0x000000008a100000, 0x000000008a200000| Untracked 
| 162|0x000000008a200000, 0x000000008a300000, 0x000000008a300000|100%| O|  |TAMS 0x000000008a200000, 0x000000008a300000| Untracked 
| 163|0x000000008a300000, 0x000000008a400000, 0x000000008a400000|100%| O|  |TAMS 0x000000008a300000, 0x000000008a400000| Untracked 
| 164|0x000000008a400000, 0x000000008a500000, 0x000000008a500000|100%| O|  |TAMS 0x000000008a400000, 0x000000008a400000| Untracked 
| 165|0x000000008a500000, 0x000000008a600000, 0x000000008a600000|100%| O|  |TAMS 0x000000008a500000, 0x000000008a500000| Untracked 
| 166|0x000000008a600000, 0x000000008a700000, 0x000000008a700000|100%| O|  |TAMS 0x000000008a600000, 0x000000008a600000| Untracked 
| 167|0x000000008a700000, 0x000000008a785600, 0x000000008a800000| 52%| O|  |TAMS 0x000000008a700000, 0x000000008a700000| Untracked 
| 168|0x000000008a800000, 0x000000008a800000, 0x000000008a900000|  0%| F|  |TAMS 0x000000008a800000, 0x000000008a800000| Untracked 
| 169|0x000000008a900000, 0x000000008a900000, 0x000000008aa00000|  0%| F|  |TAMS 0x000000008a900000, 0x000000008a900000| Untracked 
| 170|0x000000008aa00000, 0x000000008aa00000, 0x000000008ab00000|  0%| F|  |TAMS 0x000000008aa00000, 0x000000008aa00000| Untracked 
| 171|0x000000008ab00000, 0x000000008ab00000, 0x000000008ac00000|  0%| F|  |TAMS 0x000000008ab00000, 0x000000008ab00000| Untracked 
| 172|0x000000008ac00000, 0x000000008ac00000, 0x000000008ad00000|  0%| F|  |TAMS 0x000000008ac00000, 0x000000008ac00000| Untracked 
| 173|0x000000008ad00000, 0x000000008ad00000, 0x000000008ae00000|  0%| F|  |TAMS 0x000000008ad00000, 0x000000008ad00000| Untracked 
| 174|0x000000008ae00000, 0x000000008ae00000, 0x000000008af00000|  0%| F|  |TAMS 0x000000008ae00000, 0x000000008ae00000| Untracked 
| 175|0x000000008af00000, 0x000000008af00000, 0x000000008b000000|  0%| F|  |TAMS 0x000000008af00000, 0x000000008af00000| Untracked 
| 176|0x000000008b000000, 0x000000008b000000, 0x000000008b100000|  0%| F|  |TAMS 0x000000008b000000, 0x000000008b000000| Untracked 
| 177|0x000000008b100000, 0x000000008b100000, 0x000000008b200000|  0%| F|  |TAMS 0x000000008b100000, 0x000000008b100000| Untracked 
| 178|0x000000008b200000, 0x000000008b200000, 0x000000008b300000|  0%| F|  |TAMS 0x000000008b200000, 0x000000008b200000| Untracked 
| 179|0x000000008b300000, 0x000000008b300000, 0x000000008b400000|  0%| F|  |TAMS 0x000000008b300000, 0x000000008b300000| Untracked 
| 180|0x000000008b400000, 0x000000008b400000, 0x000000008b500000|  0%| F|  |TAMS 0x000000008b400000, 0x000000008b400000| Untracked 
| 181|0x000000008b500000, 0x000000008b500000, 0x000000008b600000|  0%| F|  |TAMS 0x000000008b500000, 0x000000008b500000| Untracked 
| 182|0x000000008b600000, 0x000000008b600000, 0x000000008b700000|  0%| F|  |TAMS 0x000000008b600000, 0x000000008b600000| Untracked 
| 183|0x000000008b700000, 0x000000008b700000, 0x000000008b800000|  0%| F|  |TAMS 0x000000008b700000, 0x000000008b700000| Untracked 
| 184|0x000000008b800000, 0x000000008b800000, 0x000000008b900000|  0%| F|  |TAMS 0x000000008b800000, 0x000000008b800000| Untracked 
| 185|0x000000008b900000, 0x000000008b900000, 0x000000008ba00000|  0%| F|  |TAMS 0x000000008b900000, 0x000000008b900000| Untracked 
| 186|0x000000008ba00000, 0x000000008ba00000, 0x000000008bb00000|  0%| F|  |TAMS 0x000000008ba00000, 0x000000008ba00000| Untracked 
| 187|0x000000008bb00000, 0x000000008bb00000, 0x000000008bc00000|  0%| F|  |TAMS 0x000000008bb00000, 0x000000008bb00000| Untracked 
| 188|0x000000008bc00000, 0x000000008bc00000, 0x000000008bd00000|  0%| F|  |TAMS 0x000000008bc00000, 0x000000008bc00000| Untracked 
| 189|0x000000008bd00000, 0x000000008bd00000, 0x000000008be00000|  0%| F|  |TAMS 0x000000008bd00000, 0x000000008bd00000| Untracked 
| 190|0x000000008be00000, 0x000000008be00000, 0x000000008bf00000|  0%| F|  |TAMS 0x000000008be00000, 0x000000008be00000| Untracked 
| 191|0x000000008bf00000, 0x000000008bf00000, 0x000000008c000000|  0%| F|  |TAMS 0x000000008bf00000, 0x000000008bf00000| Untracked 
| 192|0x000000008c000000, 0x000000008c000000, 0x000000008c100000|  0%| F|  |TAMS 0x000000008c000000, 0x000000008c000000| Untracked 
| 193|0x000000008c100000, 0x000000008c100000, 0x000000008c200000|  0%| F|  |TAMS 0x000000008c100000, 0x000000008c100000| Untracked 
| 194|0x000000008c200000, 0x000000008c200000, 0x000000008c300000|  0%| F|  |TAMS 0x000000008c200000, 0x000000008c200000| Untracked 
| 195|0x000000008c300000, 0x000000008c300000, 0x000000008c400000|  0%| F|  |TAMS 0x000000008c300000, 0x000000008c300000| Untracked 
| 196|0x000000008c400000, 0x000000008c400000, 0x000000008c500000|  0%| F|  |TAMS 0x000000008c400000, 0x000000008c400000| Untracked 
| 197|0x000000008c500000, 0x000000008c500000, 0x000000008c600000|  0%| F|  |TAMS 0x000000008c500000, 0x000000008c500000| Untracked 
| 198|0x000000008c600000, 0x000000008c600000, 0x000000008c700000|  0%| F|  |TAMS 0x000000008c600000, 0x000000008c600000| Untracked 
| 199|0x000000008c700000, 0x000000008c700000, 0x000000008c800000|  0%| F|  |TAMS 0x000000008c700000, 0x000000008c700000| Untracked 
| 200|0x000000008c800000, 0x000000008c800000, 0x000000008c900000|  0%| F|  |TAMS 0x000000008c800000, 0x000000008c800000| Untracked 
| 201|0x000000008c900000, 0x000000008c900000, 0x000000008ca00000|  0%| F|  |TAMS 0x000000008c900000, 0x000000008c900000| Untracked 
| 202|0x000000008ca00000, 0x000000008ca00000, 0x000000008cb00000|  0%| F|  |TAMS 0x000000008ca00000, 0x000000008ca00000| Untracked 
| 203|0x000000008cb00000, 0x000000008cb00000, 0x000000008cc00000|  0%| F|  |TAMS 0x000000008cb00000, 0x000000008cb00000| Untracked 
| 204|0x000000008cc00000, 0x000000008cc00000, 0x000000008cd00000|  0%| F|  |TAMS 0x000000008cc00000, 0x000000008cc00000| Untracked 
| 205|0x000000008cd00000, 0x000000008cd00000, 0x000000008ce00000|  0%| F|  |TAMS 0x000000008cd00000, 0x000000008cd00000| Untracked 
| 206|0x000000008ce00000, 0x000000008ce00000, 0x000000008cf00000|  0%| F|  |TAMS 0x000000008ce00000, 0x000000008ce00000| Untracked 
| 207|0x000000008cf00000, 0x000000008cf527a0, 0x000000008d000000| 32%| S|CS|TAMS 0x000000008cf00000, 0x000000008cf00000| Complete 
| 208|0x000000008d000000, 0x000000008d100000, 0x000000008d100000|100%| S|CS|TAMS 0x000000008d000000, 0x000000008d000000| Complete 
| 209|0x000000008d100000, 0x000000008d100000, 0x000000008d200000|  0%| F|  |TAMS 0x000000008d100000, 0x000000008d100000| Untracked 
| 210|0x000000008d200000, 0x000000008d200000, 0x000000008d300000|  0%| F|  |TAMS 0x000000008d200000, 0x000000008d200000| Untracked 
| 211|0x000000008d300000, 0x000000008d300000, 0x000000008d400000|  0%| F|  |TAMS 0x000000008d300000, 0x000000008d300000| Untracked 
| 212|0x000000008d400000, 0x000000008d500000, 0x000000008d500000|100%| S|CS|TAMS 0x000000008d400000, 0x000000008d400000| Complete 
| 213|0x000000008d500000, 0x000000008d500000, 0x000000008d600000|  0%| F|  |TAMS 0x000000008d500000, 0x000000008d500000| Untracked 
| 214|0x000000008d600000, 0x000000008d600000, 0x000000008d700000|  0%| F|  |TAMS 0x000000008d600000, 0x000000008d600000| Untracked 
| 215|0x000000008d700000, 0x000000008d700000, 0x000000008d800000|  0%| F|  |TAMS 0x000000008d700000, 0x000000008d700000| Untracked 
| 216|0x000000008d800000, 0x000000008d800000, 0x000000008d900000|  0%| F|  |TAMS 0x000000008d800000, 0x000000008d800000| Untracked 
| 217|0x000000008d900000, 0x000000008d900000, 0x000000008da00000|  0%| F|  |TAMS 0x000000008d900000, 0x000000008d900000| Untracked 
| 218|0x000000008da00000, 0x000000008da00000, 0x000000008db00000|  0%| F|  |TAMS 0x000000008da00000, 0x000000008da00000| Untracked 
| 219|0x000000008db00000, 0x000000008db00000, 0x000000008dc00000|  0%| F|  |TAMS 0x000000008db00000, 0x000000008db00000| Untracked 
| 220|0x000000008dc00000, 0x000000008dc00000, 0x000000008dd00000|  0%| F|  |TAMS 0x000000008dc00000, 0x000000008dc00000| Untracked 
| 221|0x000000008dd00000, 0x000000008dd00000, 0x000000008de00000|  0%| F|  |TAMS 0x000000008dd00000, 0x000000008dd00000| Untracked 
| 222|0x000000008de00000, 0x000000008de00000, 0x000000008df00000|  0%| F|  |TAMS 0x000000008de00000, 0x000000008de00000| Untracked 
| 223|0x000000008df00000, 0x000000008df00000, 0x000000008e000000|  0%| F|  |TAMS 0x000000008df00000, 0x000000008df00000| Untracked 
| 224|0x000000008e000000, 0x000000008e000000, 0x000000008e100000|  0%| F|  |TAMS 0x000000008e000000, 0x000000008e000000| Untracked 
| 225|0x000000008e100000, 0x000000008e100000, 0x000000008e200000|  0%| F|  |TAMS 0x000000008e100000, 0x000000008e100000| Untracked 
| 226|0x000000008e200000, 0x000000008e200000, 0x000000008e300000|  0%| F|  |TAMS 0x000000008e200000, 0x000000008e200000| Untracked 
| 227|0x000000008e300000, 0x000000008e300000, 0x000000008e400000|  0%| F|  |TAMS 0x000000008e300000, 0x000000008e300000| Untracked 
| 228|0x000000008e400000, 0x000000008e400000, 0x000000008e500000|  0%| F|  |TAMS 0x000000008e400000, 0x000000008e400000| Untracked 
| 229|0x000000008e500000, 0x000000008e500000, 0x000000008e600000|  0%| F|  |TAMS 0x000000008e500000, 0x000000008e500000| Untracked 
| 230|0x000000008e600000, 0x000000008e600000, 0x000000008e700000|  0%| F|  |TAMS 0x000000008e600000, 0x000000008e600000| Untracked 
| 231|0x000000008e700000, 0x000000008e700000, 0x000000008e800000|  0%| F|  |TAMS 0x000000008e700000, 0x000000008e700000| Untracked 

Card table byte_map: [0x000001effe730000,0x000001effeb30000] _byte_map_base: 0x000001effe330000

Marking Bits (Prev, Next): (CMBitMap*) 0x000001efe97e1a30, (CMBitMap*) 0x000001efe97e19f8
 Prev Bits: [0x000001ef82000000, 0x000001ef84000000)
 Next Bits: [0x000001ef80000000, 0x000001ef82000000)

Polling page: 0x000001efe9610000

Metaspace:

Usage:
  Non-class:     75.57 MB capacity,    74.28 MB ( 98%) used,     1.06 MB (  1%) free+waste,   233.25 KB ( <1%) overhead. 
      Class:     11.99 MB capacity,    11.21 MB ( 94%) used,   686.81 KB (  6%) free+waste,   106.69 KB ( <1%) overhead. 
       Both:     87.55 MB capacity,    85.49 MB ( 98%) used,     1.73 MB (  2%) free+waste,   339.94 KB ( <1%) overhead. 

Virtual space:
  Non-class space:       76.00 MB reserved,      75.75 MB (>99%) committed 
      Class space:        1.00 GB reserved,      12.00 MB (  1%) committed 
             Both:        1.07 GB reserved,      87.75 MB (  8%) committed 

Chunk freelists:
   Non-Class:  0 bytes
       Class:  15.00 KB
        Both:  15.00 KB

MaxMetaspaceSize: 17179869184.00 GB
CompressedClassSpaceSize: 1.00 GB

CodeHeap 'non-profiled nmethods': size=120000Kb used=5329Kb max_used=5329Kb free=114670Kb
 bounds [0x000001eff63a0000, 0x000001eff68e0000, 0x000001effd8d0000]
CodeHeap 'profiled nmethods': size=120000Kb used=21154Kb max_used=21154Kb free=98845Kb
 bounds [0x000001efeee70000, 0x000001eff0320000, 0x000001eff63a0000]
CodeHeap 'non-nmethods': size=5760Kb used=2270Kb max_used=2329Kb free=3489Kb
 bounds [0x000001efee8d0000, 0x000001efeeb40000, 0x000001efeee70000]
 total_blobs=10976 nmethods=10111 adapters=776
 compilation: enabled
              stopped_count=0, restarted_count=0
 full_count=0

Compilation events (20 events):
Event: 20.652 Thread 0x000001efffa86800 10476       2       com.android.tools.r8.code.T1::D (4 bytes)
Event: 20.652 Thread 0x000001efffa86800 nmethod 10476 0x000001eff0318710 code [0x000001eff03188c0, 0x000001eff03189b8]
Event: 20.654 Thread 0x000001efffa86800 10477       2       com.android.tools.r8.code.i2::a (1 bytes)
Event: 20.654 Thread 0x000001efffa86800 nmethod 10477 0x000001eff0318a90 code [0x000001eff0318c40, 0x000001eff0318d38]
Event: 20.654 Thread 0x000001efffa86800 10478       2       com.android.tools.r8.code.x::a (1 bytes)
Event: 20.654 Thread 0x000001efffa86800 nmethod 10478 0x000001eff0318e10 code [0x000001eff0318fc0, 0x000001eff03190b8]
Event: 20.656 Thread 0x000001efffa86800 10481       2       com.android.tools.r8.code.H2::a (16 bytes)
Event: 20.657 Thread 0x000001efffa86800 nmethod 10481 0x000001eff0319190 code [0x000001eff0319380, 0x000001eff0319598]
Event: 20.657 Thread 0x000001efffa86800 10482       2       com.android.tools.r8.code.q::a (1 bytes)
Event: 20.657 Thread 0x000001efffa86800 nmethod 10482 0x000001eff0319710 code [0x000001eff03198c0, 0x000001eff03199b8]
Event: 20.657 Thread 0x000001efffa86800 10483       2       com.android.tools.r8.code.Y0::a (1 bytes)
Event: 20.657 Thread 0x000001efffa86800 nmethod 10483 0x000001eff0319a90 code [0x000001eff0319c40, 0x000001eff0319d38]
Event: 20.660 Thread 0x000001efffa86800 10485       2       com.android.tools.r8.code.k::a (1 bytes)
Event: 20.660 Thread 0x000001efffa86800 nmethod 10485 0x000001eff0319e10 code [0x000001eff0319fc0, 0x000001eff031a0b8]
Event: 20.660 Thread 0x000001efffa86800 10486       2       com.android.tools.r8.code.B1::a (1 bytes)
Event: 20.661 Thread 0x000001efffa86800 nmethod 10486 0x000001eff031a190 code [0x000001eff031a340, 0x000001eff031a438]
Event: 20.664 Thread 0x000001efffa86800 10487       2       com.android.tools.r8.code.E::a (1 bytes)
Event: 20.664 Thread 0x000001efffa86800 nmethod 10487 0x000001eff031a510 code [0x000001eff031a6c0, 0x000001eff031a7b8]
Event: 20.670 Thread 0x000001efffa86800 10492       2       com.android.tools.r8.code.B::a (1 bytes)
Event: 20.670 Thread 0x000001efffa86800 nmethod 10492 0x000001eff031a890 code [0x000001eff031aa40, 0x000001eff031ab38]

GC Heap History (20 events):
Event: 18.165 GC heap after
{Heap after GC invocations=24 (full 0):
 garbage-first heap   total 131072K, used 74752K [0x0000000080000000, 0x0000000100000000)
  region size 1024K, 6 young (6144K), 6 survivors (6144K)
 Metaspace       used 79441K, capacity 81327K, committed 81792K, reserved 1120256K
  class space    used 10309K, capacity 10999K, committed 11136K, reserved 1048576K
}
Event: 18.477 GC heap before
{Heap before GC invocations=25 (full 0):
 garbage-first heap   total 131072K, used 103424K [0x0000000080000000, 0x0000000100000000)
  region size 1024K, 32 young (32768K), 6 survivors (6144K)
 Metaspace       used 82759K, capacity 84611K, committed 85120K, reserved 1122304K
  class space    used 10751K, capacity 11460K, committed 11648K, reserved 1048576K
}
Event: 18.487 GC heap after
{Heap after GC invocations=26 (full 0):
 garbage-first heap   total 131072K, used 82231K [0x0000000080000000, 0x0000000100000000)
  region size 1024K, 4 young (4096K), 4 survivors (4096K)
 Metaspace       used 82759K, capacity 84611K, committed 85120K, reserved 1122304K
  class space    used 10751K, capacity 11460K, committed 11648K, reserved 1048576K
}
Event: 18.719 GC heap before
{Heap before GC invocations=27 (full 0):
 garbage-first heap   total 131072K, used 123191K [0x0000000080000000, 0x0000000100000000)
  region size 1024K, 29 young (29696K), 4 survivors (4096K)
 Metaspace       used 83195K, capacity 85195K, committed 85632K, reserved 1124352K
  class space    used 10803K, capacity 11526K, committed 11648K, reserved 1048576K
}
Event: 18.736 GC heap after
{Heap after GC invocations=28 (full 0):
 garbage-first heap   total 167936K, used 100647K [0x0000000080000000, 0x0000000100000000)
  region size 1024K, 4 young (4096K), 4 survivors (4096K)
 Metaspace       used 83195K, capacity 85195K, committed 85632K, reserved 1124352K
  class space    used 10803K, capacity 11526K, committed 11648K, reserved 1048576K
}
Event: 18.929 GC heap before
{Heap before GC invocations=28 (full 0):
 garbage-first heap   total 167936K, used 114983K [0x0000000080000000, 0x0000000100000000)
  region size 1024K, 20 young (20480K), 4 survivors (4096K)
 Metaspace       used 83244K, capacity 85209K, committed 85632K, reserved 1124352K
  class space    used 10812K, capacity 11531K, committed 11648K, reserved 1048576K
}
Event: 18.943 GC heap after
{Heap after GC invocations=29 (full 0):
 garbage-first heap   total 167936K, used 106748K [0x0000000080000000, 0x0000000100000000)
  region size 1024K, 4 young (4096K), 4 survivors (4096K)
 Metaspace       used 83244K, capacity 85209K, committed 85632K, reserved 1124352K
  class space    used 10812K, capacity 11531K, committed 11648K, reserved 1048576K
}
Event: 19.265 GC heap before
{Heap before GC invocations=30 (full 0):
 garbage-first heap   total 167936K, used 130300K [0x0000000080000000, 0x0000000100000000)
  region size 1024K, 26 young (26624K), 4 survivors (4096K)
 Metaspace       used 85122K, capacity 87166K, committed 87552K, reserved 1124352K
  class space    used 11179K, capacity 11909K, committed 12032K, reserved 1048576K
}
Event: 19.281 GC heap after
{Heap after GC invocations=31 (full 0):
 garbage-first heap   total 167936K, used 117173K [0x0000000080000000, 0x0000000100000000)
  region size 1024K, 4 young (4096K), 4 survivors (4096K)
 Metaspace       used 85122K, capacity 87166K, committed 87552K, reserved 1124352K
  class space    used 11179K, capacity 11909K, committed 12032K, reserved 1048576K
}
Event: 19.398 GC heap before
{Heap before GC invocations=31 (full 0):
 garbage-first heap   total 167936K, used 134581K [0x0000000080000000, 0x0000000100000000)
  region size 1024K, 21 young (21504K), 4 survivors (4096K)
 Metaspace       used 85214K, capacity 87241K, committed 87552K, reserved 1124352K
  class space    used 11179K, capacity 11909K, committed 12032K, reserved 1048576K
}
Event: 19.416 GC heap after
{Heap after GC invocations=32 (full 0):
 garbage-first heap   total 167936K, used 127147K [0x0000000080000000, 0x0000000100000000)
  region size 1024K, 3 young (3072K), 3 survivors (3072K)
 Metaspace       used 85214K, capacity 87241K, committed 87552K, reserved 1124352K
  class space    used 11179K, capacity 11909K, committed 12032K, reserved 1048576K
}
Event: 19.476 GC heap before
{Heap before GC invocations=32 (full 0):
 garbage-first heap   total 167936K, used 138411K [0x0000000080000000, 0x0000000100000000)
  region size 1024K, 14 young (14336K), 3 survivors (3072K)
 Metaspace       used 85228K, capacity 87242K, committed 87552K, reserved 1124352K
  class space    used 11179K, capacity 11909K, committed 12032K, reserved 1048576K
}
Event: 19.504 GC heap after
{Heap after GC invocations=33 (full 0):
 garbage-first heap   total 237568K, used 134144K [0x0000000080000000, 0x0000000100000000)
  region size 1024K, 2 young (2048K), 2 survivors (2048K)
 Metaspace       used 85228K, capacity 87242K, committed 87552K, reserved 1124352K
  class space    used 11179K, capacity 11909K, committed 12032K, reserved 1048576K
}
Event: 19.754 GC heap before
{Heap before GC invocations=33 (full 0):
 garbage-first heap   total 237568K, used 166912K [0x0000000080000000, 0x0000000100000000)
  region size 1024K, 34 young (34816K), 2 survivors (2048K)
 Metaspace       used 85247K, capacity 87245K, committed 87552K, reserved 1124352K
  class space    used 11179K, capacity 11909K, committed 12032K, reserved 1048576K
}
Event: 19.792 GC heap after
{Heap after GC invocations=34 (full 0):
 garbage-first heap   total 237568K, used 153550K [0x0000000080000000, 0x0000000100000000)
  region size 1024K, 5 young (5120K), 5 survivors (5120K)
 Metaspace       used 85247K, capacity 87245K, committed 87552K, reserved 1124352K
  class space    used 11179K, capacity 11909K, committed 12032K, reserved 1048576K
}
Event: 20.135 GC heap before
{Heap before GC invocations=35 (full 0):
 garbage-first heap   total 237568K, used 177102K [0x0000000080000000, 0x0000000100000000)
  region size 1024K, 29 young (29696K), 5 survivors (5120K)
 Metaspace       used 86637K, capacity 88655K, committed 88960K, reserved 1126400K
  class space    used 11356K, capacity 12105K, committed 12160K, reserved 1048576K
}
Event: 20.155 GC heap after
{Heap after GC invocations=36 (full 0):
 garbage-first heap   total 237568K, used 165888K [0x0000000080000000, 0x0000000100000000)
  region size 1024K, 4 young (4096K), 4 survivors (4096K)
 Metaspace       used 86637K, capacity 88655K, committed 88960K, reserved 1126400K
  class space    used 11356K, capacity 12105K, committed 12160K, reserved 1048576K
}
Event: 20.426 GC heap before
{Heap before GC invocations=36 (full 0):
 garbage-first heap   total 237568K, used 186368K [0x0000000080000000, 0x0000000100000000)
  region size 1024K, 24 young (24576K), 4 survivors (4096K)
 Metaspace       used 87285K, capacity 89389K, committed 89600K, reserved 1126400K
  class space    used 11458K, capacity 12233K, committed 12288K, reserved 1048576K
}
Event: 20.445 GC heap after
{Heap after GC invocations=37 (full 0):
 garbage-first heap   total 237568K, used 171008K [0x0000000080000000, 0x0000000100000000)
  region size 1024K, 3 young (3072K), 3 survivors (3072K)
 Metaspace       used 87285K, capacity 89389K, committed 89600K, reserved 1126400K
  class space    used 11458K, capacity 12233K, committed 12288K, reserved 1048576K
}
Event: 20.674 GC heap before
{Heap before GC invocations=37 (full 0):
 garbage-first heap   total 237568K, used 190464K [0x0000000080000000, 0x0000000100000000)
  region size 1024K, 22 young (22528K), 3 survivors (3072K)
 Metaspace       used 87539K, capacity 89652K, committed 89856K, reserved 1126400K
  class space    used 11479K, capacity 12273K, committed 12288K, reserved 1048576K
}

Deoptimization events (20 events):
Event: 20.508 Thread 0x000001ef8c4c4800 Uncommon trap: trap_request=0xffffffde fr.pc=0x000001eff68c98a8 relative=0x00000000000009e8
Event: 20.508 Thread 0x000001ef8c4c4800 Uncommon trap: reason=class_check action=maybe_recompile pc=0x000001eff68c98a8 method=com.android.tools.r8.graph.t1.b(Ljava/util/function/Predicate;Ljava/util/function/Consumer;Lcom/android/tools/r8/graph/e0;)V @ 2 c2
Event: 20.508 Thread 0x000001ef8c4c4800 DEOPT PACKING pc=0x000001eff68c98a8 sp=0x00000017e82fd070
Event: 20.508 Thread 0x000001ef8c4c4800 DEOPT UNPACKING pc=0x000001efee8f74af sp=0x00000017e82fcf50 mode 2
Event: 20.508 Thread 0x000001ef8c4c4800 Uncommon trap: trap_request=0xffffffde fr.pc=0x000001eff68c98a8 relative=0x00000000000009e8
Event: 20.508 Thread 0x000001ef8c4c4800 Uncommon trap: reason=class_check action=maybe_recompile pc=0x000001eff68c98a8 method=com.android.tools.r8.graph.t1.b(Ljava/util/function/Predicate;Ljava/util/function/Consumer;Lcom/android/tools/r8/graph/e0;)V @ 2 c2
Event: 20.508 Thread 0x000001ef8c4c4800 DEOPT PACKING pc=0x000001eff68c98a8 sp=0x00000017e82fd070
Event: 20.508 Thread 0x000001ef8c4c4800 DEOPT UNPACKING pc=0x000001efee8f74af sp=0x00000017e82fcf50 mode 2
Event: 20.508 Thread 0x000001ef8c4c4800 Uncommon trap: trap_request=0xffffffde fr.pc=0x000001eff68c98a8 relative=0x00000000000009e8
Event: 20.508 Thread 0x000001ef8c4c4800 Uncommon trap: reason=class_check action=maybe_recompile pc=0x000001eff68c98a8 method=com.android.tools.r8.graph.t1.b(Ljava/util/function/Predicate;Ljava/util/function/Consumer;Lcom/android/tools/r8/graph/e0;)V @ 2 c2
Event: 20.508 Thread 0x000001ef8c4c4800 DEOPT PACKING pc=0x000001eff68c98a8 sp=0x00000017e82fd070
Event: 20.508 Thread 0x000001ef8c4c4800 DEOPT UNPACKING pc=0x000001efee8f74af sp=0x00000017e82fcf50 mode 2
Event: 20.508 Thread 0x000001ef8c4c4800 Uncommon trap: trap_request=0xffffffde fr.pc=0x000001eff68c98a8 relative=0x00000000000009e8
Event: 20.508 Thread 0x000001ef8c4c4800 Uncommon trap: reason=class_check action=maybe_recompile pc=0x000001eff68c98a8 method=com.android.tools.r8.graph.t1.b(Ljava/util/function/Predicate;Ljava/util/function/Consumer;Lcom/android/tools/r8/graph/e0;)V @ 2 c2
Event: 20.508 Thread 0x000001ef8c4c4800 DEOPT PACKING pc=0x000001eff68c98a8 sp=0x00000017e82fd070
Event: 20.508 Thread 0x000001ef8c4c4800 DEOPT UNPACKING pc=0x000001efee8f74af sp=0x00000017e82fcf50 mode 2
Event: 20.555 Thread 0x000001ef8c4c4800 Uncommon trap: trap_request=0xffffffe4 fr.pc=0x000001eff687344c relative=0x000000000000020c
Event: 20.555 Thread 0x000001ef8c4c4800 Uncommon trap: reason=range_check action=make_not_entrant pc=0x000001eff687344c method=com.android.tools.r8.graph.q0.b(Lcom/android/tools/r8/graph/q0;)I @ 9 c2
Event: 20.555 Thread 0x000001ef8c4c4800 DEOPT PACKING pc=0x000001eff687344c sp=0x00000017e82fcd60
Event: 20.555 Thread 0x000001ef8c4c4800 DEOPT UNPACKING pc=0x000001efee8f74af sp=0x00000017e82fcce8 mode 2

Classes redefined (0 events):
No events

Internal exceptions (20 events):
Event: 18.463 Thread 0x000001ef8c4bc800 Exception <a 'java/lang/NoSuchMethodError'{0x000000008611b8c0}: 'java.lang.Object java.lang.invoke.DirectMethodHandle$Holder.invokeStatic(java.lang.Object, java.lang.Object, long)'> (0x000000008611b8c0) thrown at [./src/hotspot/share/interpreter/linkResolver.cpp, line 773]
Event: 18.463 Thread 0x000001ef8c4bc800 Exception <a 'java/lang/NoSuchMethodError'{0x0000000086121e38}: 'java.lang.Object java.lang.invoke.Invokers$Holder.linkToTargetMethod(java.lang.Object, long, java.lang.Object)'> (0x0000000086121e38) thrown at [./src/hotspot/share/interpreter/linkResolver.cpp, line 773]
Event: 18.822 Thread 0x000001ef8c4bc800 Exception <a 'java/lang/NoSuchMethodError'{0x0000000089cb5ed8}: 'int java.lang.invoke.DirectMethodHandle$Holder.invokeSpecialIFC(java.lang.Object, java.lang.Object, java.lang.Object)'> (0x0000000089cb5ed8) thrown at [./src/hotspot/share/interpreter/linkResolver.cpp, line 773]
Event: 19.168 Thread 0x000001ef8c4bf800 Exception <a 'java/lang/NoSuchMethodError'{0x000000008954d160}: 'java.lang.Object java.lang.invoke.DirectMethodHandle$Holder.newInvokeSpecial(java.lang.Object, int)'> (0x000000008954d160) thrown at [./src/hotspot/share/interpreter/linkResolver.cpp, line 773]
Event: 20.007 Thread 0x000001ef8c4c4800 Exception <a 'java/lang/NoSuchMethodError'{0x000000008d31faa0}: 'void java.lang.invoke.DirectMethodHandle$Holder.invokeStatic(java.lang.Object, java.lang.Object, java.lang.Object, int)'> (0x000000008d31faa0) thrown at [./src/hotspot/share/interpreter/linkResolver.cpp, line 773]
Event: 20.008 Thread 0x000001ef8c4c4800 Exception <a 'java/lang/IncompatibleClassChangeError'{0x000000008d3279b0}: Found class java.lang.Object, but interface was expected> (0x000000008d3279b0) thrown at [./src/hotspot/share/interpreter/linkResolver.cpp, line 839]
Event: 20.130 Thread 0x000001ef8c4c4800 Exception <a 'java/lang/NoSuchMethodError'{0x000000008d0d8560}: 'void java.lang.invoke.DirectMethodHandle$Holder.invokeStaticInit(java.lang.Object, java.lang.Object, java.lang.Object, java.lang.Object, java.lang.Object)'> (0x000000008d0d8560) thrown at [./src/hotspot/share/interpreter/linkResolver.cpp, line 773]
Event: 20.131 Thread 0x000001ef8c4c4800 Exception <a 'java/lang/NoSuchMethodError'{0x000000008d0e0390}: 'java.lang.Object java.lang.invoke.DirectMethodHandle$Holder.invokeStatic(java.lang.Object, int, java.lang.Object, java.lang.Object)'> (0x000000008d0e0390) thrown at [./src/hotspot/share/interpreter/linkResolver.cpp, line 773]
Event: 20.179 Thread 0x000001ef8c4c4800 Exception <a 'java/lang/NoSuchMethodError'{0x000000008e7c4330}: 'long java.lang.invoke.DirectMethodHandle$Holder.invokeStatic(java.lang.Object, java.lang.Object)'> (0x000000008e7c4330) thrown at [./src/hotspot/share/interpreter/linkResolver.cpp, line 773]
Event: 20.187 Thread 0x000001ef8c4bf800 Exception <a 'java/lang/NoSuchMethodError'{0x000000008e7fd630}: 'void java.lang.invoke.DirectMethodHandle$Holder.invokeSpecial(java.lang.Object, java.lang.Object, int, java.lang.Object)'> (0x000000008e7fd630) thrown at [./src/hotspot/share/interpreter/linkResolver.cpp, line 773]
Event: 20.187 Thread 0x000001ef8df77000 Exception <a 'java/lang/NoSuchMethodError'{0x000000008e660bf0}: 'void java.lang.invoke.DirectMethodHandle$Holder.invokeSpecial(java.lang.Object, java.lang.Object, int, java.lang.Object)'> (0x000000008e660bf0) thrown at [./src/hotspot/share/interpreter/linkResolver.cpp, line 773]
Event: 20.187 Thread 0x000001ef8df74800 Exception <a 'java/lang/NoSuchMethodError'{0x000000008e6aa558}: 'void java.lang.invoke.DirectMethodHandle$Holder.invokeSpecial(java.lang.Object, java.lang.Object, int, java.lang.Object)'> (0x000000008e6aa558) thrown at [./src/hotspot/share/interpreter/linkResolver.cpp, line 773]
Event: 20.187 Thread 0x000001ef8df79800 Exception <a 'java/lang/NoSuchMethodError'{0x000000008e608448}: 'void java.lang.invoke.DirectMethodHandle$Holder.invokeSpecial(java.lang.Object, java.lang.Object, int, java.lang.Object)'> (0x000000008e608448) thrown at [./src/hotspot/share/interpreter/linkResolver.cpp, line 773]
Event: 20.187 Thread 0x000001ef8df76000 Exception <a 'java/lang/NoSuchMethodError'{0x000000008e61d040}: 'void java.lang.invoke.DirectMethodHandle$Holder.invokeSpecial(java.lang.Object, java.lang.Object, int, java.lang.Object)'> (0x000000008e61d040) thrown at [./src/hotspot/share/interpreter/linkResolver.cpp, line 773]
Event: 20.187 Thread 0x000001ef8df73800 Exception <a 'java/lang/NoSuchMethodError'{0x000000008e669388}: 'void java.lang.invoke.DirectMethodHandle$Holder.invokeSpecial(java.lang.Object, java.lang.Object, int, java.lang.Object)'> (0x000000008e669388) thrown at [./src/hotspot/share/interpreter/linkResolver.cpp, line 773]
Event: 20.191 Thread 0x000001ef8df7a000 Exception <a 'java/lang/NoSuchMethodError'{0x000000008e6ab2b0}: 'void java.lang.invoke.DirectMethodHandle$Holder.invokeSpecial(java.lang.Object, java.lang.Object, int, java.lang.Object)'> (0x000000008e6ab2b0) thrown at [./src/hotspot/share/interpreter/linkResolver.cpp, line 773]
Event: 20.317 Thread 0x000001ef8c4c4800 Exception <a 'java/lang/NoSuchMethodError'{0x000000008d9e81a8}: 'java.lang.Object java.lang.invoke.DirectMethodHandle$Holder.invokeSpecial(java.lang.Object, java.lang.Object, java.lang.Object, java.lang.Object, java.lang.Object, java.lang.Object, java.lang.Object, java.lang.Object, java.lang.Object, java.lang.Object)'> (0x000000008d9e81a8) thrown at [./src/hotspot/share/interpreter/linkResolver.cpp, line 773]
Event: 20.317 Thread 0x000001ef8c4c4800 Exception <a 'java/lang/NoSuchMethodError'{0x000000008d9ec298}: 'java.lang.Object java.lang.invoke.Invokers$Holder.linkToTargetMethod(java.lang.Object, java.lang.Object, java.lang.Object, java.lang.Object, java.lang.Object, java.lang.Object, java.lang.Object, java.lang.Object, java.lang.Object)'> (0x000000008d9ec298) thrown at [./src/hotspot/share/interpreter/linkResolver.cpp, line 773]
Event: 20.367 Thread 0x000001ef8df74800 Implicit null exception at 0x000001eff68c094a to 0x000001eff68c14e0
Event: 20.367 Thread 0x000001ef8c4bf800 Implicit null exception at 0x000001eff68c094a to 0x000001eff68c14e0

Events (20 events):
Event: 20.513 loading class com/android/tools/r8/w/a/a/a/f/K0 done
Event: 20.514 loading class com/android/tools/r8/graph/S
Event: 20.514 loading class com/android/tools/r8/graph/S done
Event: 20.514 loading class com/android/tools/r8/graph/S
Event: 20.514 loading class com/android/tools/r8/graph/S done
Event: 20.514 loading class com/android/tools/r8/graph/S
Event: 20.514 loading class com/android/tools/r8/graph/S done
Event: 20.514 loading class com/android/tools/r8/graph/S
Event: 20.514 loading class com/android/tools/r8/graph/S done
Event: 20.515 loading class com/android/tools/r8/graph/S$h
Event: 20.515 loading class com/android/tools/r8/graph/S$h done
Event: 20.516 loading class com/android/tools/r8/graph/R0$d
Event: 20.516 loading class com/android/tools/r8/graph/R0$d done
Event: 20.516 loading class com/android/tools/r8/graph/j0
Event: 20.516 loading class com/android/tools/r8/graph/j0 done
Event: 20.516 loading class com/android/tools/r8/graph/R0$f
Event: 20.516 loading class com/android/tools/r8/graph/R0$f done
Event: 20.516 loading class com/android/tools/r8/graph/R0$f
Event: 20.516 loading class com/android/tools/r8/graph/R0$f done
Event: 20.674 Executing VM operation: G1CollectForAllocation


Dynamic libraries:
0x00007ff6055d0000 - 0x00007ff6055da000 	C:\Program Files\Android\Android Studio\jre\bin\java.exe
0x00007ffab6b20000 - 0x00007ffab6d10000 	C:\Windows\SYSTEM32\ntdll.dll
0x00007ffab5d50000 - 0x00007ffab5e02000 	C:\Windows\System32\KERNEL32.DLL
0x00007ffab47d0000 - 0x00007ffab4a73000 	C:\Windows\System32\KERNELBASE.dll
0x00007ffab46d0000 - 0x00007ffab47ca000 	C:\Windows\System32\ucrtbase.dll
0x00007ffa84c80000 - 0x00007ffa84c99000 	C:\Program Files\Android\Android Studio\jre\bin\jli.dll
0x00007ffab5630000 - 0x00007ffab57c3000 	C:\Windows\System32\USER32.dll
0x00007ffab4390000 - 0x00007ffab43b1000 	C:\Windows\System32\win32u.dll
0x00007ffaa1ae0000 - 0x00007ffaa1d65000 	C:\Windows\WinSxS\amd64_microsoft.windows.common-controls_6595b64144ccf1df_6.0.18362.295_none_e6c3acbd13101292\COMCTL32.dll
0x00007ffab4bf0000 - 0x00007ffab4c16000 	C:\Windows\System32\GDI32.dll
0x00007ffa846e0000 - 0x00007ffa846f7000 	C:\Program Files\Android\Android Studio\jre\bin\VCRUNTIME140.dll
0x00007ffab6910000 - 0x00007ffab69ae000 	C:\Windows\System32\msvcrt.dll
0x00007ffab44e0000 - 0x00007ffab4674000 	C:\Windows\System32\gdi32full.dll
0x00007ffab5870000 - 0x00007ffab5ba6000 	C:\Windows\System32\combase.dll
0x00007ffab43c0000 - 0x00007ffab445e000 	C:\Windows\System32\msvcp_win.dll
0x00007ffab5bc0000 - 0x00007ffab5ce0000 	C:\Windows\System32\RPCRT4.dll
0x00007ffab4460000 - 0x00007ffab44e0000 	C:\Windows\System32\bcryptPrimitives.dll
0x00007ffab5e70000 - 0x00007ffab5e9e000 	C:\Windows\System32\IMM32.DLL
0x00007ffa6fb40000 - 0x00007ffa6fbdd000 	C:\Program Files\Android\Android Studio\jre\bin\msvcp140.dll
0x00007ffa476e0000 - 0x00007ffa4819c000 	C:\Program Files\Android\Android Studio\jre\bin\server\jvm.dll
0x00007ffab5450000 - 0x00007ffab54f3000 	C:\Windows\System32\ADVAPI32.dll
0x00007ffab57d0000 - 0x00007ffab5867000 	C:\Windows\System32\sechost.dll
0x00007ffab5bb0000 - 0x00007ffab5bb8000 	C:\Windows\System32\PSAPI.DLL
0x00007ffa94ed0000 - 0x00007ffa94ed9000 	C:\Windows\SYSTEM32\WSOCK32.dll
0x00007ffab6010000 - 0x00007ffab607f000 	C:\Windows\System32\WS2_32.dll
0x00007ffaaddf0000 - 0x00007ffaaddfa000 	C:\Windows\SYSTEM32\VERSION.dll
0x00007ffab1950000 - 0x00007ffab1974000 	C:\Windows\SYSTEM32\WINMM.dll
0x00007ffab18f0000 - 0x00007ffab191d000 	C:\Windows\SYSTEM32\winmmbase.dll
0x00007ffab3b60000 - 0x00007ffab3baa000 	C:\Windows\System32\cfgmgr32.dll
0x00007ffab3a50000 - 0x00007ffab3a61000 	C:\Windows\System32\kernel.appcore.dll
0x00007ffaa97d0000 - 0x00007ffaa97e1000 	C:\Program Files\Android\Android Studio\jre\bin\verify.dll
0x00007ffab0060000 - 0x00007ffab0254000 	C:\Windows\SYSTEM32\DBGHELP.DLL
0x00007ffa91b50000 - 0x00007ffa91b7a000 	C:\Windows\SYSTEM32\dbgcore.DLL
0x00007ffa9de50000 - 0x00007ffa9de79000 	C:\Program Files\Android\Android Studio\jre\bin\java.dll
0x00007ffaafb40000 - 0x00007ffaafb4b000 	C:\Program Files\Android\Android Studio\jre\bin\jimage.dll
0x00007ffaa97b0000 - 0x00007ffaa97c8000 	C:\Program Files\Android\Android Studio\jre\bin\zip.dll
0x00007ffab60e0000 - 0x00007ffab67c2000 	C:\Windows\System32\SHELL32.dll
0x00007ffab4c30000 - 0x00007ffab4cd9000 	C:\Windows\System32\shcore.dll
0x00007ffab3bb0000 - 0x00007ffab432c000 	C:\Windows\System32\windows.storage.dll
0x00007ffab3a90000 - 0x00007ffab3aaf000 	C:\Windows\System32\profapi.dll
0x00007ffab3a00000 - 0x00007ffab3a4a000 	C:\Windows\System32\powrprof.dll
0x00007ffab39f0000 - 0x00007ffab3a00000 	C:\Windows\System32\UMPDC.dll
0x00007ffab55d0000 - 0x00007ffab5622000 	C:\Windows\System32\shlwapi.dll
0x00007ffab4680000 - 0x00007ffab4697000 	C:\Windows\System32\cryptsp.dll
0x00007ffaa31f0000 - 0x00007ffaa320a000 	C:\Program Files\Android\Android Studio\jre\bin\net.dll
0x00007ffaaab50000 - 0x00007ffaaac40000 	C:\Windows\SYSTEM32\WINHTTP.dll
0x00007ffaace80000 - 0x00007ffaacea0000 	C:\Windows\system32\PrxerDrv.dll
0x00007ffab3260000 - 0x00007ffab32c7000 	C:\Windows\system32\mswsock.dll
0x00007ffa9de30000 - 0x00007ffa9de44000 	C:\Program Files\Android\Android Studio\jre\bin\nio.dll
0x00007ffa82100000 - 0x00007ffa82127000 	C:\Users\NavodyaTJ\.gradle\native\fdc75f09e3144964f2cf3f50f0aa648679c211496f362492102eb8c894070792\windows-amd64\native-platform.dll
0x00007ffa63450000 - 0x00007ffa635e6000 	C:\Users\NavodyaTJ\.gradle\native\12488b8bf47d2d4c9fbf2f6322a914ad602e24e48041cd04a747c6da556b65c4\windows-amd64\native-platform-file-events.dll
0x00007ffaaeda0000 - 0x00007ffaaedaa000 	C:\Program Files\Android\Android Studio\jre\bin\management.dll
0x00007ffaade80000 - 0x00007ffaade8c000 	C:\Program Files\Android\Android Studio\jre\bin\management_ext.dll
0x00007ffab2dd0000 - 0x00007ffab2e03000 	C:\Windows\system32\rsaenh.dll
0x00007ffab46a0000 - 0x00007ffab46c6000 	C:\Windows\System32\bcrypt.dll
0x00007ffab38e0000 - 0x00007ffab3905000 	C:\Windows\SYSTEM32\USERENV.dll
0x00007ffab3430000 - 0x00007ffab343c000 	C:\Windows\SYSTEM32\CRYPTBASE.dll
0x00007ffab2f70000 - 0x00007ffab2faa000 	C:\Windows\SYSTEM32\IPHLPAPI.DLL
0x00007ffab6000000 - 0x00007ffab6008000 	C:\Windows\System32\NSI.dll
0x00007ffaadaa0000 - 0x00007ffaadab6000 	C:\Windows\SYSTEM32\dhcpcsvc6.DLL
0x00007ffaad510000 - 0x00007ffaad52c000 	C:\Windows\SYSTEM32\dhcpcsvc.DLL
0x00007ffab2fb0000 - 0x00007ffab307a000 	C:\Windows\SYSTEM32\DNSAPI.dll
0x00007ffaade20000 - 0x00007ffaade2b000 	C:\Windows\SYSTEM32\WINNSI.DLL

dbghelp: loaded successfully - version: 4.0.5 - missing functions: none
symbol engine: initialized successfully - sym options: 0x614 - pdb path: .;C:\Program Files\Android\Android Studio\jre\bin;C:\Windows\SYSTEM32;C:\Windows\WinSxS\amd64_microsoft.windows.common-controls_6595b64144ccf1df_6.0.18362.295_none_e6c3acbd13101292;C:\Program Files\Android\Android Studio\jre\bin\server;C:\Users\NavodyaTJ\.gradle\native\fdc75f09e3144964f2cf3f50f0aa648679c211496f362492102eb8c894070792\windows-amd64;C:\Users\NavodyaTJ\.gradle\native\12488b8bf47d2d4c9fbf2f6322a914ad602e24e48041cd04a747c6da556b65c4\windows-amd64

VM Arguments:
jvm_args: --add-opens=java.base/java.util=ALL-UNNAMED --add-opens=java.base/java.lang=ALL-UNNAMED --add-opens=java.base/java.lang.invoke=ALL-UNNAMED --add-opens=java.prefs/java.util.prefs=ALL-UNNAMED -Xmx2048m -Dfile.encoding=UTF-8 -Duser.country=US -Duser.language=en -Duser.variant 
java_command: org.gradle.launcher.daemon.bootstrap.GradleDaemon 6.7.1
java_class_path (initial): C:\Users\NavodyaTJ\.gradle\wrapper\dists\gradle-6.7.1-bin\bwlcbys1h7rz3272sye1xwiv6\gradle-6.7.1\lib\gradle-launcher-6.7.1.jar
Launcher Type: SUN_STANDARD

[Global flags]
     intx CICompilerCount                          = 4                                         {product} {ergonomic}
     uint ConcGCThreads                            = 2                                         {product} {ergonomic}
     uint G1ConcRefinementThreads                  = 8                                         {product} {ergonomic}
   size_t G1HeapRegionSize                         = 1048576                                   {product} {ergonomic}
    uintx GCDrainStackTargetSize                   = 64                                        {product} {ergonomic}
   size_t InitialHeapSize                          = 134217728                                 {product} {ergonomic}
   size_t MarkStackSize                            = 4194304                                   {product} {ergonomic}
   size_t MaxHeapSize                              = 2147483648                                {product} {command line}
   size_t MaxNewSize                               = 1287651328                                {product} {ergonomic}
   size_t MinHeapDeltaBytes                        = 1048576                                   {product} {ergonomic}
    uintx NonNMethodCodeHeapSize                   = 5836300                                {pd product} {ergonomic}
    uintx NonProfiledCodeHeapSize                  = 122910970                              {pd product} {ergonomic}
    uintx ProfiledCodeHeapSize                     = 122910970                              {pd product} {ergonomic}
    uintx ReservedCodeCacheSize                    = 251658240                              {pd product} {ergonomic}
     bool SegmentedCodeCache                       = true                                      {product} {ergonomic}
     bool UseCompressedClassPointers               = true                                 {lp64_product} {ergonomic}
     bool UseCompressedOops                        = true                                 {lp64_product} {ergonomic}
     bool UseG1GC                                  = true                                      {product} {ergonomic}
     bool UseLargePagesIndividualAllocation        = false                                  {pd product} {ergonomic}

Logging:
Log output configuration:
 #0: stdout all=warning uptime,level,tags
 #1: stderr all=off uptime,level,tags

Environment Variables:
PATH=C:\Program Files\Common Files\Siemens\Automation\Simatic OAM\bin;C:\Program Files\Common Files\Oracle\Java\javapath;C:\Windows\system32;C:\Windows;C:\Windows\System32\Wbem;C:\Windows\System32\WindowsPowerShell\v1.0\;C:\Windows\System32\OpenSSH\;C:\Program Files\Java\jdk-16.0.1\bin;C:\Program Files\PuTTY\;C:\Users\NavodyaTJ\AppData\Local\Microsoft\WindowsApps;C:\Users\NavodyaTJ\AppData\Local\Programs\Microsoft VS Code\bin
USERNAME=NavodyaTJ
OS=Windows_NT
PROCESSOR_IDENTIFIER=Intel64 Family 6 Model 142 Stepping 10, GenuineIntel



---------------  S Y S T E M  ---------------

OS: Windows 10 , 64 bit Build 18362 (10.0.18362.86)
OS uptime: 13 days 4:12 hours

CPU:total 8 (initial active 8) (4 cores per cpu, 2 threads per core) family 6 model 142 stepping 10, cmov, cx8, fxsr, mmx, sse, sse2, sse3, ssse3, sse4.1, sse4.2, popcnt, avx, avx2, aes, clmul, erms, 3dnowpref, lzcnt, ht, tsc, tscinvbit, bmi1, bmi2, adx, fma

Memory: 4k page, system-wide physical 8106M (368M free)
TotalPageFile size 12202M (AvailPageFile size 163M)
current process WorkingSet (physical memory assigned to process): 441M, peak: 452M
current process commit charge ("private bytes"): 531M, peak: 757M

vm_info: OpenJDK 64-Bit Server VM (11.0.8+10-b944.6842174) for windows-amd64 JRE (11.0.8+10-b944.6842174), built on Sep 19 2020 01:11:42 by "builder" with MS VC++ 14.0 (VS2015)

END.
