#
# There is insufficient memory for the Java Runtime Environment to continue.
# Native memory allocation (mmap) failed to map 105906176 bytes for Failed to commit area from 0x000000008e100000 to 0x0000000094600000 of length 105906176.
# Possible reasons:
#   The system is out of physical RAM or swap space
#   The process is running with CompressedOops enabled, and the Java Heap may be blocking the growth of the native heap
# Possible solutions:
#   Reduce memory load on the system
#   Increase physical memory or swap space
#   Check if swap backing store is full
#   Decrease Java heap size (-Xmx/-Xms)
#   Decrease number of Java threads
#   Decrease Java thread stack sizes (-Xss)
#   Set larger code cache with -XX:ReservedCodeCacheSize=
#   JVM is running with Unscaled Compressed Oops mode in which the Java heap is
#     placed in the first 4GB address space. The Java Heap base address is the
#     maximum limit for the native heap growth. Please use -XX:HeapBaseMinAddress
#     to set the Java Heap base and to place the Java Heap above 4GB virtual address.
# This output file may be truncated or incomplete.
#
#  Out of Memory Error (./src/hotspot/os/windows/os_windows.cpp:3303), pid=1064, tid=2140
#
# JRE version: OpenJDK Runtime Environment (11.0.8+10) (build 11.0.8+10-b944.6842174)
# Java VM: OpenJDK 64-Bit Server VM (11.0.8+10-b944.6842174, mixed mode, tiered, compressed oops, g1 gc, windows-amd64)
# No core dump will be written. Minidumps are not enabled by default on client versions of Windows
#

---------------  S U M M A R Y ------------

Command Line: --add-opens=java.base/java.util=ALL-UNNAMED --add-opens=java.base/java.lang=ALL-UNNAMED --add-opens=java.base/java.lang.invoke=ALL-UNNAMED --add-opens=java.prefs/java.util.prefs=ALL-UNNAMED -Xmx2048m -Dfile.encoding=UTF-8 -Duser.country=US -Duser.language=en -Duser.variant org.gradle.launcher.daemon.bootstrap.GradleDaemon 6.7.1

Host: Intel(R) Core(TM) i7-8550U CPU @ 1.80GHz, 8 cores, 7G,  Windows 10 , 64 bit Build 18362 (10.0.18362.86)
Time: Fri Oct  8 14:27:14 2021 Sri Lanka Standard Time elapsed time: 13 seconds (0d 0h 0m 13s)

---------------  T H R E A D  ---------------

Current thread (0x0000020b95e67000):  VMThread "VM Thread" [stack: 0x00000014c4e00000,0x00000014c4f00000] [id=2140]

Stack: [0x00000014c4e00000,0x00000014c4f00000]
[error occurred during error reporting (printing stack bounds), id 0xc0000005, EXCEPTION_ACCESS_VIOLATION (0xc0000005) at pc=0x0000020b80000dad]

Native frames: (J=compiled Java code, j=interpreted, Vv=VM code, C=native code)
V  [jvm.dll+0x5de50a]
V  [jvm.dll+0x7122f5]
V  [jvm.dll+0x71384d]
V  [jvm.dll+0x713e65]
V  [jvm.dll+0x713e1b]
V  [jvm.dll+0x5dd958]
V  [jvm.dll+0x5de0f8]
C  [ntdll.dll+0xa119f]
C  [ntdll.dll+0x6a229]
C  [ntdll.dll+0x9fe0e]
C  0x0000020b80000dad

VM_Operation (0x00000014cf5fe960): G1CollectForAllocation, mode: safepoint, requested by thread 0x0000020b9de0f000


---------------  P R O C E S S  ---------------

Threads class SMR info:
_java_thread_list=0x0000020b97bb8cf0, length=162, elements={
0x0000020bfbaa1800, 0x0000020b96691800, 0x0000020b9669c800, 0x0000020b966e6800,
0x0000020b966e7800, 0x0000020b966eb000, 0x0000020b966ef000, 0x0000020b95e70000,
0x0000020b9684d000, 0x0000020b96867800, 0x0000020b96943800, 0x0000020b98b3f800,
0x0000020b98990000, 0x0000020b979a0000, 0x0000020b981e0800, 0x0000020b9894a000,
0x0000020b9875b000, 0x0000020b990bd000, 0x0000020b98fc8000, 0x0000020b98d8f800,
0x0000020b984ed000, 0x0000020b989f6800, 0x0000020b989f8000, 0x0000020b989f7800,
0x0000020b989f9000, 0x0000020b99325800, 0x0000020b99323000, 0x0000020b99323800,
0x0000020b99326000, 0x0000020b99324800, 0x0000020b99320800, 0x0000020b99328000,
0x0000020b99322000, 0x0000020b9932c800, 0x0000020b9932c000, 0x0000020b9932d800,
0x0000020b9932e800, 0x0000020b99328800, 0x0000020b9932f000, 0x0000020b99329800,
0x0000020b9932a000, 0x0000020b9932b000, 0x0000020b9c796000, 0x0000020b9c794000,
0x0000020b9c792800, 0x0000020b9c795000, 0x0000020b9c791800, 0x0000020b9c791000,
0x0000020b9c797800, 0x0000020b9c798800, 0x0000020b9c799000, 0x0000020b9c796800,
0x0000020b9c793800, 0x0000020b9c79f800, 0x0000020b9c79e000, 0x0000020b9c79a000,
0x0000020b9c79a800, 0x0000020b9c79b800, 0x0000020b9c79d000, 0x0000020b9c79c800,
0x0000020b9c79f000, 0x0000020b9aa11000, 0x0000020b9aa12000, 0x0000020b9aa15800,
0x0000020b9aa16000, 0x0000020b9aa13000, 0x0000020b9aa13800, 0x0000020b9aa14800,
0x0000020b9aa10800, 0x0000020b9aa1a000, 0x0000020b9aa17800, 0x0000020b9aa18800,
0x0000020b9aa1b000, 0x0000020b9aa1c000, 0x0000020b9aa1c800, 0x0000020b9aa17000,
0x0000020b9aa1d800, 0x0000020b9aa1e000, 0x0000020b9aa1f000, 0x0000020b9aa19800,
0x0000020b9aa21000, 0x0000020b9aa22000, 0x0000020b9aa23000, 0x0000020b9aa26000,
0x0000020b9aa23800, 0x0000020b9aa20800, 0x0000020b9aa2a000, 0x0000020b9aa24800,
0x0000020b9aa28800, 0x0000020b9aa27000, 0x0000020b9aa29800, 0x0000020b9aa27800,
0x0000020b9aa25800, 0x0000020b9aa2c000, 0x0000020b9aa2c800, 0x0000020b9aa2d800,
0x0000020b9aa2e000, 0x0000020b9aa2f000, 0x0000020b9aa2b000, 0x0000020b9b9ca000,
0x0000020b9b9cd000, 0x0000020b9b9c8800, 0x0000020b9b9c9000, 0x0000020b9b9ce000,
0x0000020b9b9cf000, 0x0000020b9b9cf800, 0x0000020b9b9d0800, 0x0000020b9b9cb800,
0x0000020b9b9cb000, 0x0000020b9b9d2000, 0x0000020b9b9d1800, 0x0000020b9b9cc800,
0x0000020b9b9d6000, 0x0000020b9b9d4000, 0x0000020b9b9d3000, 0x0000020b9b9d4800,
0x0000020b9b9d5800, 0x0000020b9b9d7000, 0x0000020b9bde5000, 0x0000020b9bde7800,
0x0000020b9bde8800, 0x0000020b9bde6000, 0x0000020b9bde3800, 0x0000020b9bde4800,
0x0000020b9bdec800, 0x0000020b9bde9800, 0x0000020b9bdea000, 0x0000020b9bdeb000,
0x0000020b9bdeb800, 0x0000020b9bde7000, 0x0000020b9bdf0800, 0x0000020b9bdef000,
0x0000020b9bded800, 0x0000020b9bdee000, 0x0000020b9bdf0000, 0x0000020b9bdf1800,
0x0000020b9bdf2800, 0x0000020b9da4a800, 0x0000020b9da4c000, 0x0000020b9da4b000,
0x0000020b9da49800, 0x0000020b9da47000, 0x0000020b9da49000, 0x0000020b9da4d000,
0x0000020b9da4d800, 0x0000020b9da48000, 0x0000020b9da4f800, 0x0000020b9da52000,
0x0000020b9da51000, 0x0000020b9da54000, 0x0000020b9da53800, 0x0000020b9da4e800,
0x0000020b9da55000, 0x0000020b9da52800, 0x0000020b9da56000, 0x0000020b9da50000,
0x0000020b9de0f000, 0x0000020b9de0f800, 0x0000020b9de12000, 0x0000020b9de11800,
0x0000020b9de14000, 0x0000020b9de15800
}

Java Threads: ( => current thread )
  0x0000020bfbaa1800 JavaThread "main" [_thread_blocked, id=4136, stack(0x00000014c4800000,0x00000014c4900000)]
  0x0000020b96691800 JavaThread "Reference Handler" daemon [_thread_blocked, id=268, stack(0x00000014c4f00000,0x00000014c5000000)]
  0x0000020b9669c800 JavaThread "Finalizer" daemon [_thread_blocked, id=16540, stack(0x00000014c5000000,0x00000014c5100000)]
  0x0000020b966e6800 JavaThread "Signal Dispatcher" daemon [_thread_blocked, id=1444, stack(0x00000014c5100000,0x00000014c5200000)]
  0x0000020b966e7800 JavaThread "Attach Listener" daemon [_thread_blocked, id=12756, stack(0x00000014c5200000,0x00000014c5300000)]
  0x0000020b966eb000 JavaThread "C2 CompilerThread0" daemon [_thread_blocked, id=14400, stack(0x00000014c5300000,0x00000014c5400000)]
  0x0000020b966ef000 JavaThread "C1 CompilerThread0" daemon [_thread_blocked, id=12436, stack(0x00000014c5400000,0x00000014c5500000)]
  0x0000020b95e70000 JavaThread "Sweeper thread" daemon [_thread_blocked, id=16992, stack(0x00000014c5500000,0x00000014c5600000)]
  0x0000020b9684d000 JavaThread "Common-Cleaner" daemon [_thread_blocked, id=8868, stack(0x00000014c5600000,0x00000014c5700000)]
  0x0000020b96867800 JavaThread "Service Thread" daemon [_thread_blocked, id=2324, stack(0x00000014c5700000,0x00000014c5800000)]
  0x0000020b96943800 JavaThread "C2 CompilerThread1" daemon [_thread_blocked, id=2748, stack(0x00000014c5900000,0x00000014c5a00000)]
  0x0000020b98b3f800 JavaThread "Daemon health stats" [_thread_blocked, id=6060, stack(0x00000014c5d00000,0x00000014c5e00000)]
  0x0000020b98990000 JavaThread "Incoming local TCP Connector on port 57932" [_thread_in_native, id=14156, stack(0x00000014c5a00000,0x00000014c5b00000)]
  0x0000020b979a0000 JavaThread "Daemon periodic checks" [_thread_blocked, id=14044, stack(0x00000014c6000000,0x00000014c6100000)]
  0x0000020b981e0800 JavaThread "Daemon" [_thread_blocked, id=15908, stack(0x00000014c6100000,0x00000014c6200000)]
  0x0000020b9894a000 JavaThread "Handler for socket connection from /127.0.0.1:57932 to /127.0.0.1:57933" [_thread_in_native, id=17200, stack(0x00000014c6200000,0x00000014c6300000)]
  0x0000020b9875b000 JavaThread "Cancel handler" [_thread_blocked, id=3348, stack(0x00000014c6300000,0x00000014c6400000)]
  0x0000020b990bd000 JavaThread "Daemon worker" [_thread_blocked, id=8516, stack(0x00000014c6400000,0x00000014c6500000)]
  0x0000020b98fc8000 JavaThread "Asynchronous log dispatcher for DefaultDaemonConnection: socket connection from /127.0.0.1:57932 to /127.0.0.1:57933" [_thread_blocked, id=8828, stack(0x00000014c6500000,0x00000014c6600000)]
  0x0000020b98d8f800 JavaThread "Stdin handler" [_thread_blocked, id=9260, stack(0x00000014c6600000,0x00000014c6700000)]
  0x0000020b984ed000 JavaThread "Thread-8" [_thread_blocked, id=16472, stack(0x00000014c6700000,0x00000014c6800000)]
  0x0000020b989f6800 JavaThread "Cache worker for file hash cache (C:\Users\NavodyaTJ\.gradle\caches\6.7.1\fileHashes)" [_thread_blocked, id=10432, stack(0x00000014c6d00000,0x00000014c6e00000)]
  0x0000020b989f8000 JavaThread "File lock request listener" [_thread_in_native, id=6084, stack(0x00000014c6e00000,0x00000014c6f00000)]
  0x0000020b989f7800 JavaThread "Cache worker for journal cache (C:\Users\NavodyaTJ\.gradle\caches\journal-1)" [_thread_blocked, id=16800, stack(0x00000014c7000000,0x00000014c7100000)]
  0x0000020b989f9000 JavaThread "Cache worker for file hash cache (C:\Users\NavodyaTJ\AndroidStudioProjects\HealthMonitor\.gradle\6.7.1\fileHashes)" [_thread_blocked, id=4776, stack(0x00000014c7100000,0x00000014c7200000)]
  0x0000020b99325800 JavaThread "Cache worker for checksums cache (C:\Users\NavodyaTJ\AndroidStudioProjects\HealthMonitor\.gradle\checksums)" [_thread_blocked, id=16928, stack(0x00000014c7200000,0x00000014c7300000)]
  0x0000020b99323000 JavaThread "Cache worker for cache directory md-supplier (C:\Users\NavodyaTJ\.gradle\caches\6.7.1\md-supplier)" [_thread_blocked, id=15808, stack(0x00000014c7300000,0x00000014c7400000)]
  0x0000020b99323800 JavaThread "Cache worker for cache directory md-rule (C:\Users\NavodyaTJ\.gradle\caches\6.7.1\md-rule)" [_thread_blocked, id=7796, stack(0x00000014c7400000,0x00000014c7500000)]
  0x0000020b99326000 JavaThread "Cache worker for execution history cache (C:\Users\NavodyaTJ\.gradle\caches\6.7.1\executionHistory)" [_thread_blocked, id=6448, stack(0x00000014c7500000,0x00000014c7600000)]
  0x0000020b99324800 JavaThread "jar transforms" [_thread_blocked, id=6924, stack(0x00000014c7600000,0x00000014c7700000)]
  0x0000020b99320800 JavaThread "Cache worker for file content cache (C:\Users\NavodyaTJ\.gradle\caches\6.7.1\fileContent)" [_thread_blocked, id=7740, stack(0x00000014c7700000,0x00000014c7800000)]
  0x0000020b99328000 JavaThread "Cache worker for Build Output Cleanup Cache (C:\Users\NavodyaTJ\AndroidStudioProjects\HealthMonitor\.gradle\buildOutputCleanup)" [_thread_blocked, id=10888, stack(0x00000014c7800000,0x00000014c7900000)]
  0x0000020b99322000 JavaThread "Build operations" [_thread_blocked, id=6148, stack(0x00000014c7900000,0x00000014c7a00000)]
  0x0000020b9932c800 JavaThread "Build operations Thread 2" [_thread_blocked, id=832, stack(0x00000014c7a00000,0x00000014c7b00000)]
  0x0000020b9932c000 JavaThread "Build operations Thread 3" [_thread_blocked, id=3180, stack(0x00000014c7b00000,0x00000014c7c00000)]
  0x0000020b9932d800 JavaThread "Build operations Thread 4" [_thread_blocked, id=5448, stack(0x00000014c7c00000,0x00000014c7d00000)]
  0x0000020b9932e800 JavaThread "Build operations Thread 5" [_thread_blocked, id=14088, stack(0x00000014c7d00000,0x00000014c7e00000)]
  0x0000020b99328800 JavaThread "Build operations Thread 6" [_thread_blocked, id=10260, stack(0x00000014c7e00000,0x00000014c7f00000)]
  0x0000020b9932f000 JavaThread "Build operations Thread 7" [_thread_blocked, id=9248, stack(0x00000014c7f00000,0x00000014c8000000)]
  0x0000020b99329800 JavaThread "Build operations Thread 8" [_thread_blocked, id=5832, stack(0x00000014c8000000,0x00000014c8100000)]
  0x0000020b9932a000 JavaThread "jar transforms Thread 2" [_thread_blocked, id=10736, stack(0x00000014c8100000,0x00000014c8200000)]
  0x0000020b9932b000 JavaThread "jar transforms Thread 3" [_thread_blocked, id=7912, stack(0x00000014c8200000,0x00000014c8300000)]
  0x0000020b9c796000 JavaThread "jar transforms Thread 4" [_thread_blocked, id=1544, stack(0x00000014c8300000,0x00000014c8400000)]
  0x0000020b9c794000 JavaThread "jar transforms Thread 5" [_thread_blocked, id=14104, stack(0x00000014c8400000,0x00000014c8500000)]
  0x0000020b9c792800 JavaThread "jar transforms Thread 6" [_thread_blocked, id=15192, stack(0x00000014c8500000,0x00000014c8600000)]
  0x0000020b9c795000 JavaThread "jar transforms Thread 7" [_thread_blocked, id=10632, stack(0x00000014c8600000,0x00000014c8700000)]
  0x0000020b9c791800 JavaThread "jar transforms Thread 8" [_thread_blocked, id=14248, stack(0x00000014c8700000,0x00000014c8800000)]
  0x0000020b9c791000 JavaThread "jar transforms Thread 9" [_thread_blocked, id=8588, stack(0x00000014c8800000,0x00000014c8900000)]
  0x0000020b9c797800 JavaThread "jar transforms Thread 10" [_thread_blocked, id=10036, stack(0x00000014c8900000,0x00000014c8a00000)]
  0x0000020b9c798800 JavaThread "jar transforms Thread 11" [_thread_blocked, id=16656, stack(0x00000014c8a00000,0x00000014c8b00000)]
  0x0000020b9c799000 JavaThread "jar transforms Thread 12" [_thread_blocked, id=12196, stack(0x00000014c8b00000,0x00000014c8c00000)]
  0x0000020b9c796800 JavaThread "jar transforms Thread 13" [_thread_blocked, id=17208, stack(0x00000014c8c00000,0x00000014c8d00000)]
  0x0000020b9c793800 JavaThread "jar transforms Thread 14" [_thread_blocked, id=13356, stack(0x00000014c8d00000,0x00000014c8e00000)]
  0x0000020b9c79f800 JavaThread "jar transforms Thread 15" [_thread_blocked, id=7132, stack(0x00000014c8e00000,0x00000014c8f00000)]
  0x0000020b9c79e000 JavaThread "jar transforms Thread 16" [_thread_blocked, id=12008, stack(0x00000014c8f00000,0x00000014c9000000)]
  0x0000020b9c79a000 JavaThread "jar transforms Thread 17" [_thread_blocked, id=11112, stack(0x00000014c9000000,0x00000014c9100000)]
  0x0000020b9c79a800 JavaThread "jar transforms Thread 18" [_thread_blocked, id=932, stack(0x00000014c9100000,0x00000014c9200000)]
  0x0000020b9c79b800 JavaThread "jar transforms Thread 19" [_thread_blocked, id=3900, stack(0x00000014c9200000,0x00000014c9300000)]
  0x0000020b9c79d000 JavaThread "jar transforms Thread 20" [_thread_blocked, id=12860, stack(0x00000014c9300000,0x00000014c9400000)]
  0x0000020b9c79c800 JavaThread "jar transforms Thread 21" [_thread_blocked, id=10028, stack(0x00000014c9400000,0x00000014c9500000)]
  0x0000020b9c79f000 JavaThread "jar transforms Thread 22" [_thread_blocked, id=7632, stack(0x00000014c9500000,0x00000014c9600000)]
  0x0000020b9aa11000 JavaThread "jar transforms Thread 23" [_thread_blocked, id=10080, stack(0x00000014c9600000,0x00000014c9700000)]
  0x0000020b9aa12000 JavaThread "jar transforms Thread 24" [_thread_blocked, id=652, stack(0x00000014c9700000,0x00000014c9800000)]
  0x0000020b9aa15800 JavaThread "jar transforms Thread 25" [_thread_blocked, id=4060, stack(0x00000014c9800000,0x00000014c9900000)]
  0x0000020b9aa16000 JavaThread "jar transforms Thread 26" [_thread_blocked, id=16480, stack(0x00000014c9900000,0x00000014c9a00000)]
  0x0000020b9aa13000 JavaThread "jar transforms Thread 27" [_thread_blocked, id=15540, stack(0x00000014c9a00000,0x00000014c9b00000)]
  0x0000020b9aa13800 JavaThread "jar transforms Thread 28" [_thread_blocked, id=15688, stack(0x00000014c9b00000,0x00000014c9c00000)]
  0x0000020b9aa14800 JavaThread "jar transforms Thread 29" [_thread_blocked, id=16916, stack(0x00000014c9c00000,0x00000014c9d00000)]
  0x0000020b9aa10800 JavaThread "jar transforms Thread 30" [_thread_blocked, id=972, stack(0x00000014c9d00000,0x00000014c9e00000)]
  0x0000020b9aa1a000 JavaThread "jar transforms Thread 31" [_thread_blocked, id=8852, stack(0x00000014c9e00000,0x00000014c9f00000)]
  0x0000020b9aa17800 JavaThread "jar transforms Thread 32" [_thread_blocked, id=13652, stack(0x00000014c9f00000,0x00000014ca000000)]
  0x0000020b9aa18800 JavaThread "jar transforms Thread 33" [_thread_blocked, id=17084, stack(0x00000014ca000000,0x00000014ca100000)]
  0x0000020b9aa1b000 JavaThread "jar transforms Thread 34" [_thread_blocked, id=6040, stack(0x00000014ca100000,0x00000014ca200000)]
  0x0000020b9aa1c000 JavaThread "jar transforms Thread 35" [_thread_blocked, id=5700, stack(0x00000014ca200000,0x00000014ca300000)]
  0x0000020b9aa1c800 JavaThread "jar transforms Thread 36" [_thread_blocked, id=16596, stack(0x00000014ca300000,0x00000014ca400000)]
  0x0000020b9aa17000 JavaThread "jar transforms Thread 37" [_thread_blocked, id=2520, stack(0x00000014ca400000,0x00000014ca500000)]
  0x0000020b9aa1d800 JavaThread "jar transforms Thread 38" [_thread_blocked, id=13044, stack(0x00000014ca500000,0x00000014ca600000)]
  0x0000020b9aa1e000 JavaThread "jar transforms Thread 39" [_thread_blocked, id=13616, stack(0x00000014ca600000,0x00000014ca700000)]
  0x0000020b9aa1f000 JavaThread "jar transforms Thread 40" [_thread_blocked, id=14828, stack(0x00000014ca700000,0x00000014ca800000)]
  0x0000020b9aa19800 JavaThread "jar transforms Thread 41" [_thread_blocked, id=3876, stack(0x00000014ca800000,0x00000014ca900000)]
  0x0000020b9aa21000 JavaThread "jar transforms Thread 42" [_thread_blocked, id=6628, stack(0x00000014ca900000,0x00000014caa00000)]
  0x0000020b9aa22000 JavaThread "jar transforms Thread 43" [_thread_blocked, id=11780, stack(0x00000014caa00000,0x00000014cab00000)]
  0x0000020b9aa23000 JavaThread "jar transforms Thread 44" [_thread_blocked, id=8656, stack(0x00000014cab00000,0x00000014cac00000)]
  0x0000020b9aa26000 JavaThread "jar transforms Thread 45" [_thread_blocked, id=10996, stack(0x00000014cac00000,0x00000014cad00000)]
  0x0000020b9aa23800 JavaThread "jar transforms Thread 46" [_thread_blocked, id=5980, stack(0x00000014cad00000,0x00000014cae00000)]
  0x0000020b9aa20800 JavaThread "jar transforms Thread 47" [_thread_blocked, id=10532, stack(0x00000014cae00000,0x00000014caf00000)]
  0x0000020b9aa2a000 JavaThread "jar transforms Thread 48" [_thread_blocked, id=13004, stack(0x00000014caf00000,0x00000014cb000000)]
  0x0000020b9aa24800 JavaThread "jar transforms Thread 49" [_thread_blocked, id=14172, stack(0x00000014cb000000,0x00000014cb100000)]
  0x0000020b9aa28800 JavaThread "jar transforms Thread 50" [_thread_blocked, id=16336, stack(0x00000014cb100000,0x00000014cb200000)]
  0x0000020b9aa27000 JavaThread "jar transforms Thread 51" [_thread_blocked, id=9688, stack(0x00000014cb200000,0x00000014cb300000)]
  0x0000020b9aa29800 JavaThread "jar transforms Thread 52" [_thread_blocked, id=12852, stack(0x00000014cb300000,0x00000014cb400000)]
  0x0000020b9aa27800 JavaThread "jar transforms Thread 53" [_thread_blocked, id=10756, stack(0x00000014cb400000,0x00000014cb500000)]
  0x0000020b9aa25800 JavaThread "jar transforms Thread 54" [_thread_blocked, id=252, stack(0x00000014cb500000,0x00000014cb600000)]
  0x0000020b9aa2c000 JavaThread "jar transforms Thread 55" [_thread_blocked, id=3528, stack(0x00000014cb600000,0x00000014cb700000)]
  0x0000020b9aa2c800 JavaThread "jar transforms Thread 56" [_thread_blocked, id=10936, stack(0x00000014cb700000,0x00000014cb800000)]
  0x0000020b9aa2d800 JavaThread "jar transforms Thread 57" [_thread_blocked, id=10176, stack(0x00000014cb800000,0x00000014cb900000)]
  0x0000020b9aa2e000 JavaThread "jar transforms Thread 58" [_thread_blocked, id=1524, stack(0x00000014cb900000,0x00000014cba00000)]
  0x0000020b9aa2f000 JavaThread "jar transforms Thread 59" [_thread_blocked, id=1152, stack(0x00000014cba00000,0x00000014cbb00000)]
  0x0000020b9aa2b000 JavaThread "jar transforms Thread 60" [_thread_blocked, id=2956, stack(0x00000014cbb00000,0x00000014cbc00000)]
  0x0000020b9b9ca000 JavaThread "jar transforms Thread 61" [_thread_blocked, id=16616, stack(0x00000014cbc00000,0x00000014cbd00000)]
  0x0000020b9b9cd000 JavaThread "jar transforms Thread 62" [_thread_blocked, id=15948, stack(0x00000014cbd00000,0x00000014cbe00000)]
  0x0000020b9b9c8800 JavaThread "jar transforms Thread 63" [_thread_blocked, id=15388, stack(0x00000014cbe00000,0x00000014cbf00000)]
  0x0000020b9b9c9000 JavaThread "jar transforms Thread 64" [_thread_blocked, id=6068, stack(0x00000014cbf00000,0x00000014cc000000)]
  0x0000020b9b9ce000 JavaThread "jar transforms Thread 65" [_thread_blocked, id=4368, stack(0x00000014cc000000,0x00000014cc100000)]
  0x0000020b9b9cf000 JavaThread "jar transforms Thread 66" [_thread_blocked, id=11468, stack(0x00000014cc100000,0x00000014cc200000)]
  0x0000020b9b9cf800 JavaThread "jar transforms Thread 67" [_thread_blocked, id=2716, stack(0x00000014cc200000,0x00000014cc300000)]
  0x0000020b9b9d0800 JavaThread "jar transforms Thread 68" [_thread_blocked, id=8832, stack(0x00000014cc300000,0x00000014cc400000)]
  0x0000020b9b9cb800 JavaThread "jar transforms Thread 69" [_thread_blocked, id=16192, stack(0x00000014cc400000,0x00000014cc500000)]
  0x0000020b9b9cb000 JavaThread "jar transforms Thread 70" [_thread_blocked, id=8548, stack(0x00000014cc500000,0x00000014cc600000)]
  0x0000020b9b9d2000 JavaThread "jar transforms Thread 71" [_thread_blocked, id=14896, stack(0x00000014cc600000,0x00000014cc700000)]
  0x0000020b9b9d1800 JavaThread "jar transforms Thread 72" [_thread_blocked, id=15960, stack(0x00000014cc700000,0x00000014cc800000)]
  0x0000020b9b9cc800 JavaThread "jar transforms Thread 73" [_thread_blocked, id=15560, stack(0x00000014cc800000,0x00000014cc900000)]
  0x0000020b9b9d6000 JavaThread "jar transforms Thread 74" [_thread_blocked, id=7384, stack(0x00000014cc900000,0x00000014cca00000)]
  0x0000020b9b9d4000 JavaThread "jar transforms Thread 75" [_thread_blocked, id=11880, stack(0x00000014cca00000,0x00000014ccb00000)]
  0x0000020b9b9d3000 JavaThread "jar transforms Thread 76" [_thread_blocked, id=5524, stack(0x00000014ccb00000,0x00000014ccc00000)]
  0x0000020b9b9d4800 JavaThread "jar transforms Thread 77" [_thread_blocked, id=8864, stack(0x00000014ccc00000,0x00000014ccd00000)]
  0x0000020b9b9d5800 JavaThread "jar transforms Thread 78" [_thread_blocked, id=15672, stack(0x00000014ccd00000,0x00000014cce00000)]
  0x0000020b9b9d7000 JavaThread "jar transforms Thread 79" [_thread_blocked, id=12340, stack(0x00000014cce00000,0x00000014ccf00000)]
  0x0000020b9bde5000 JavaThread "jar transforms Thread 80" [_thread_blocked, id=16156, stack(0x00000014ccf00000,0x00000014cd000000)]
  0x0000020b9bde7800 JavaThread "jar transforms Thread 81" [_thread_blocked, id=14588, stack(0x00000014cd000000,0x00000014cd100000)]
  0x0000020b9bde8800 JavaThread "jar transforms Thread 82" [_thread_blocked, id=15624, stack(0x00000014cd100000,0x00000014cd200000)]
  0x0000020b9bde6000 JavaThread "jar transforms Thread 83" [_thread_blocked, id=11508, stack(0x00000014cd200000,0x00000014cd300000)]
  0x0000020b9bde3800 JavaThread "jar transforms Thread 84" [_thread_blocked, id=3256, stack(0x00000014cd300000,0x00000014cd400000)]
  0x0000020b9bde4800 JavaThread "jar transforms Thread 85" [_thread_blocked, id=10548, stack(0x00000014cd400000,0x00000014cd500000)]
  0x0000020b9bdec800 JavaThread "jar transforms Thread 86" [_thread_blocked, id=11144, stack(0x00000014cd500000,0x00000014cd600000)]
  0x0000020b9bde9800 JavaThread "jar transforms Thread 87" [_thread_blocked, id=16016, stack(0x00000014cd600000,0x00000014cd700000)]
  0x0000020b9bdea000 JavaThread "jar transforms Thread 88" [_thread_blocked, id=564, stack(0x00000014cd700000,0x00000014cd800000)]
  0x0000020b9bdeb000 JavaThread "jar transforms Thread 89" [_thread_blocked, id=10740, stack(0x00000014cd800000,0x00000014cd900000)]
  0x0000020b9bdeb800 JavaThread "jar transforms Thread 90" [_thread_blocked, id=8960, stack(0x00000014cd900000,0x00000014cda00000)]
  0x0000020b9bde7000 JavaThread "jar transforms Thread 91" [_thread_blocked, id=17332, stack(0x00000014cda00000,0x00000014cdb00000)]
  0x0000020b9bdf0800 JavaThread "jar transforms Thread 92" [_thread_blocked, id=7668, stack(0x00000014cdb00000,0x00000014cdc00000)]
  0x0000020b9bdef000 JavaThread "jar transforms Thread 93" [_thread_blocked, id=5468, stack(0x00000014cdc00000,0x00000014cdd00000)]
  0x0000020b9bded800 JavaThread "jar transforms Thread 94" [_thread_blocked, id=17036, stack(0x00000014cdd00000,0x00000014cde00000)]
  0x0000020b9bdee000 JavaThread "jar transforms Thread 95" [_thread_blocked, id=16356, stack(0x00000014cde00000,0x00000014cdf00000)]
  0x0000020b9bdf0000 JavaThread "jar transforms Thread 96" [_thread_blocked, id=15648, stack(0x00000014cdf00000,0x00000014ce000000)]
  0x0000020b9bdf1800 JavaThread "jar transforms Thread 97" [_thread_blocked, id=13144, stack(0x00000014ce000000,0x00000014ce100000)]
  0x0000020b9bdf2800 JavaThread "Memory manager" [_thread_blocked, id=6260, stack(0x00000014ce100000,0x00000014ce200000)]
  0x0000020b9da4a800 JavaThread "build event listener" [_thread_blocked, id=4284, stack(0x00000014ce200000,0x00000014ce300000)]
  0x0000020b9da4c000 JavaThread "build event listener" [_thread_blocked, id=14520, stack(0x00000014ce300000,0x00000014ce400000)]
  0x0000020b9da4b000 JavaThread "Execution worker for ':'" [_thread_blocked, id=11352, stack(0x00000014ce400000,0x00000014ce500000)]
  0x0000020b9da49800 JavaThread "Execution worker for ':' Thread 2" [_thread_blocked, id=16804, stack(0x00000014ce500000,0x00000014ce600000)]
  0x0000020b9da47000 JavaThread "Execution worker for ':' Thread 3" [_thread_blocked, id=4548, stack(0x00000014ce600000,0x00000014ce700000)]
  0x0000020b9da49000 JavaThread "Execution worker for ':' Thread 4" [_thread_blocked, id=11856, stack(0x00000014ce700000,0x00000014ce800000)]
  0x0000020b9da4d000 JavaThread "Execution worker for ':' Thread 5" [_thread_blocked, id=4444, stack(0x00000014ce800000,0x00000014ce900000)]
  0x0000020b9da4d800 JavaThread "Execution worker for ':' Thread 6" [_thread_blocked, id=15324, stack(0x00000014ce900000,0x00000014cea00000)]
  0x0000020b9da48000 JavaThread "Execution worker for ':' Thread 7" [_thread_blocked, id=6908, stack(0x00000014cea00000,0x00000014ceb00000)]
  0x0000020b9da4f800 JavaThread "Cache worker for execution history cache (C:\Users\NavodyaTJ\AndroidStudioProjects\HealthMonitor\.gradle\6.7.1\executionHistory)" [_thread_blocked, id=4680, stack(0x00000014ceb00000,0x00000014cec00000)]
  0x0000020b9da52000 JavaThread "WorkerExecutor Queue" [_thread_blocked, id=10896, stack(0x00000014cec00000,0x00000014ced00000)]
  0x0000020b9da51000 JavaThread "WorkerExecutor Queue Thread 2" [_thread_blocked, id=15108, stack(0x00000014ced00000,0x00000014cee00000)]
  0x0000020b9da54000 JavaThread "WorkerExecutor Queue Thread 3" [_thread_blocked, id=7276, stack(0x00000014cee00000,0x00000014cef00000)]
  0x0000020b9da53800 JavaThread "WorkerExecutor Queue Thread 4" [_thread_blocked, id=10264, stack(0x00000014cef00000,0x00000014cf000000)]
  0x0000020b9da4e800 JavaThread "pool-4-thread-1" [_thread_blocked, id=5144, stack(0x00000014cf000000,0x00000014cf100000)]
  0x0000020b9da55000 JavaThread "stderr" [_thread_in_native, id=2564, stack(0x00000014cf100000,0x00000014cf200000)]
  0x0000020b9da52800 JavaThread "stdout" [_thread_in_native, id=16196, stack(0x00000014cf200000,0x00000014cf300000)]
  0x0000020b9da56000 JavaThread "ForkJoinPool-1-worker-3" daemon [_thread_blocked, id=1536, stack(0x00000014cf300000,0x00000014cf400000)]
  0x0000020b9da50000 JavaThread "ForkJoinPool-1-worker-5" daemon [_thread_blocked, id=13524, stack(0x00000014cf400000,0x00000014cf500000)]
  0x0000020b9de0f000 JavaThread "ForkJoinPool-1-worker-7" daemon [_thread_blocked, id=6076, stack(0x00000014cf500000,0x00000014cf600000)]
  0x0000020b9de0f800 JavaThread "ForkJoinPool-1-worker-9" daemon [_thread_blocked, id=8912, stack(0x00000014cf600000,0x00000014cf700000)]
  0x0000020b9de12000 JavaThread "ForkJoinPool-1-worker-11" daemon [_thread_blocked, id=17360, stack(0x00000014cf700000,0x00000014cf800000)]
  0x0000020b9de11800 JavaThread "ForkJoinPool-1-worker-13" daemon [_thread_blocked, id=17220, stack(0x00000014cf800000,0x00000014cf900000)]
  0x0000020b9de14000 JavaThread "ForkJoinPool-1-worker-15" daemon [_thread_blocked, id=12028, stack(0x00000014cf900000,0x00000014cfa00000)]
  0x0000020b9de15800 JavaThread "ForkJoinPool-1-worker-1" daemon [_thread_blocked, id=3136, stack(0x00000014cfa00000,0x00000014cfb00000)]

Other Threads:
=>0x0000020b95e67000 VMThread "VM Thread" [stack: 0x00000014c4e00000,0x00000014c4f00000] [id=2140]
  0x0000020b96878800 WatcherThread [stack: 0x00000014c5800000,0x00000014c5900000] [id=1724]
  0x0000020bfbab9800 GCTaskThread "GC Thread#0" [stack: 0x00000014c4900000,0x00000014c4a00000] [id=6268]
  0x0000020b9744b000 GCTaskThread "GC Thread#1" [stack: 0x00000014c5b00000,0x00000014c5c00000] [id=11768]
  0x0000020b9744c000 GCTaskThread "GC Thread#2" [stack: 0x00000014c5c00000,0x00000014c5d00000] [id=14744]
  0x0000020b98b67000 GCTaskThread "GC Thread#3" [stack: 0x00000014c6800000,0x00000014c6900000] [id=10492]
  0x0000020b99131000 GCTaskThread "GC Thread#4" [stack: 0x00000014c6900000,0x00000014c6a00000] [id=14808]
  0x0000020b98784800 GCTaskThread "GC Thread#5" [stack: 0x00000014c6a00000,0x00000014c6b00000] [id=12904]
  0x0000020b989bb800 GCTaskThread "GC Thread#6" [stack: 0x00000014c6b00000,0x00000014c6c00000] [id=10812]
  0x0000020b98c8f000 GCTaskThread "GC Thread#7" [stack: 0x00000014c6c00000,0x00000014c6d00000] [id=12188]
  0x0000020bfbaea000 ConcurrentGCThread "G1 Main Marker" [stack: 0x00000014c4a00000,0x00000014c4b00000] [id=16284]
  0x0000020bfbaec800 ConcurrentGCThread "G1 Conc#0" [stack: 0x00000014c4b00000,0x00000014c4c00000] [id=3332]
  0x0000020b97c60800 ConcurrentGCThread "G1 Conc#1" [stack: 0x00000014c6f00000,0x00000014c7000000] [id=6152]
  0x0000020b95cb0800 ConcurrentGCThread "G1 Refine#0" [stack: 0x00000014c4c00000,0x00000014c4d00000] [id=10032]
  0x0000020ba0972000 ConcurrentGCThread "G1 Refine#1" [stack: 0x00000014cfb00000,0x00000014cfc00000] [id=15664]
  0x0000020b9a17f800 ConcurrentGCThread "G1 Refine#2" [stack: 0x00000014cfc00000,0x00000014cfd00000] [id=15872]
  0x0000020ba096f800 ConcurrentGCThread "G1 Refine#3" [stack: 0x00000014cfd00000,0x00000014cfe00000] [id=14996]
  0x0000020b9de23000 ConcurrentGCThread "G1 Refine#4" [stack: 0x00000014cfe00000,0x00000014cff00000] [id=2728]
  0x0000020b9e077800 ConcurrentGCThread "G1 Refine#5" [stack: 0x00000014cff00000,0x00000014d0000000] [id=13968]
  0x0000020b95cb1000 ConcurrentGCThread "G1 Young RemSet Sampling" [stack: 0x00000014c4d00000,0x00000014c4e00000] [id=796]

Threads with active compile tasks:
C2 CompilerThread0  13619 10140       4       com.android.tools.r8.graph.h0::b (23 bytes)
C1 CompilerThread0  13619 10151       3       java.util.concurrent.ForkJoinPool::scan (209 bytes)
C2 CompilerThread1  13619 9549 %     4       com.android.tools.r8.dex.n::a @ 315 (913 bytes)

VM state:at safepoint (normal execution)

VM Mutex/Monitor currently owned by a thread:  ([mutex/lock_event])
[0x0000020bfba9d940] Threads_lock - owner thread: 0x0000020b95e67000
[0x0000020bfba9e900] Heap_lock - owner thread: 0x0000020b9de0f000

Heap address: 0x0000000080000000, size: 2048 MB, Compressed Oops mode: 32-bit
Narrow klass base: 0x0000000000000000, Narrow klass shift: 3
Compressed class space size: 1073741824 Address: 0x0000000100000000

Heap:
 garbage-first heap   total 333824K, used 172392K [0x0000000080000000, 0x0000000100000000)
  region size 1024K, 3 young (3072K), 3 survivors (3072K)
 Metaspace       used 87136K, capacity 89249K, committed 89600K, reserved 1126400K
  class space    used 11425K, capacity 12190K, committed 12288K, reserved 1048576K
Heap Regions: E=young(eden), S=young(survivor), O=old, HS=humongous(starts), HC=humongous(continues), CS=collection set, F=free, A=archive, TAMS=top-at-mark-start (previous, next)
|   0|0x0000000080000000, 0x0000000080100000, 0x0000000080100000|100%| O|  |TAMS 0x0000000080100000, 0x0000000080000000| Untracked 
|   1|0x0000000080100000, 0x0000000080200000, 0x0000000080200000|100%| O|  |TAMS 0x0000000080200000, 0x0000000080100000| Untracked 
|   2|0x0000000080200000, 0x0000000080300000, 0x0000000080300000|100%| O|  |TAMS 0x0000000080300000, 0x0000000080200000| Untracked 
|   3|0x0000000080300000, 0x0000000080400000, 0x0000000080400000|100%|HS|  |TAMS 0x0000000080400000, 0x0000000080300000| Complete 
|   4|0x0000000080400000, 0x0000000080500000, 0x0000000080500000|100%|HC|  |TAMS 0x0000000080500000, 0x0000000080400000| Complete 
|   5|0x0000000080500000, 0x0000000080600000, 0x0000000080600000|100%|HC|  |TAMS 0x0000000080600000, 0x0000000080500000| Complete 
|   6|0x0000000080600000, 0x0000000080700000, 0x0000000080700000|100%| O|  |TAMS 0x0000000080700000, 0x0000000080600000| Untracked 
|   7|0x0000000080700000, 0x0000000080800000, 0x0000000080800000|100%| O|  |TAMS 0x0000000080800000, 0x0000000080700000| Untracked 
|   8|0x0000000080800000, 0x0000000080900000, 0x0000000080900000|100%| O|  |TAMS 0x0000000080900000, 0x0000000080800000| Untracked 
|   9|0x0000000080900000, 0x0000000080a00000, 0x0000000080a00000|100%| O|  |TAMS 0x0000000080a00000, 0x0000000080900000| Untracked 
|  10|0x0000000080a00000, 0x0000000080b00000, 0x0000000080b00000|100%| O|  |TAMS 0x0000000080b00000, 0x0000000080a00000| Untracked 
|  11|0x0000000080b00000, 0x0000000080c00000, 0x0000000080c00000|100%| O|  |TAMS 0x0000000080c00000, 0x0000000080b00000| Untracked 
|  12|0x0000000080c00000, 0x0000000080d00000, 0x0000000080d00000|100%| O|  |TAMS 0x0000000080d00000, 0x0000000080c00000| Untracked 
|  13|0x0000000080d00000, 0x0000000080e00000, 0x0000000080e00000|100%| O|  |TAMS 0x0000000080e00000, 0x0000000080d00000| Untracked 
|  14|0x0000000080e00000, 0x0000000080f00000, 0x0000000080f00000|100%| O|  |TAMS 0x0000000080f00000, 0x0000000080e00000| Untracked 
|  15|0x0000000080f00000, 0x0000000081000000, 0x0000000081000000|100%| O|  |TAMS 0x0000000081000000, 0x0000000080f00000| Untracked 
|  16|0x0000000081000000, 0x0000000081100000, 0x0000000081100000|100%| O|  |TAMS 0x0000000081100000, 0x0000000081000000| Untracked 
|  17|0x0000000081100000, 0x0000000081200000, 0x0000000081200000|100%| O|  |TAMS 0x0000000081200000, 0x0000000081100000| Untracked 
|  18|0x0000000081200000, 0x0000000081300000, 0x0000000081300000|100%| O|  |TAMS 0x0000000081300000, 0x0000000081200000| Untracked 
|  19|0x0000000081300000, 0x0000000081400000, 0x0000000081400000|100%| O|  |TAMS 0x0000000081400000, 0x0000000081300000| Untracked 
|  20|0x0000000081400000, 0x0000000081500000, 0x0000000081500000|100%| O|  |TAMS 0x0000000081500000, 0x0000000081400000| Untracked 
|  21|0x0000000081500000, 0x0000000081600000, 0x0000000081600000|100%| O|  |TAMS 0x0000000081600000, 0x0000000081500000| Untracked 
|  22|0x0000000081600000, 0x0000000081700000, 0x0000000081700000|100%|HS|  |TAMS 0x0000000081700000, 0x0000000081600000| Complete 
|  23|0x0000000081700000, 0x0000000081800000, 0x0000000081800000|100%|HS|  |TAMS 0x0000000081800000, 0x0000000081700000| Complete 
|  24|0x0000000081800000, 0x0000000081900000, 0x0000000081900000|100%|HC|  |TAMS 0x0000000081900000, 0x0000000081800000| Complete 
|  25|0x0000000081900000, 0x0000000081a00000, 0x0000000081a00000|100%| O|  |TAMS 0x0000000081a00000, 0x0000000081900000| Untracked 
|  26|0x0000000081a00000, 0x0000000081b00000, 0x0000000081b00000|100%| O|  |TAMS 0x0000000081b00000, 0x0000000081a00000| Untracked 
|  27|0x0000000081b00000, 0x0000000081c00000, 0x0000000081c00000|100%| O|  |TAMS 0x0000000081c00000, 0x0000000081b00000| Untracked 
|  28|0x0000000081c00000, 0x0000000081d00000, 0x0000000081d00000|100%| O|  |TAMS 0x0000000081d00000, 0x0000000081c00000| Untracked 
|  29|0x0000000081d00000, 0x0000000081e00000, 0x0000000081e00000|100%| O|  |TAMS 0x0000000081e00000, 0x0000000081d00000| Untracked 
|  30|0x0000000081e00000, 0x0000000081f00000, 0x0000000081f00000|100%| O|  |TAMS 0x0000000081f00000, 0x0000000081e00000| Untracked 
|  31|0x0000000081f00000, 0x0000000082000000, 0x0000000082000000|100%| O|  |TAMS 0x0000000082000000, 0x0000000081f00000| Untracked 
|  32|0x0000000082000000, 0x0000000082100000, 0x0000000082100000|100%| O|  |TAMS 0x0000000082100000, 0x0000000082000000| Untracked 
|  33|0x0000000082100000, 0x0000000082200000, 0x0000000082200000|100%| O|  |TAMS 0x0000000082200000, 0x0000000082100000| Untracked 
|  34|0x0000000082200000, 0x0000000082300000, 0x0000000082300000|100%| O|  |TAMS 0x0000000082300000, 0x0000000082200000| Untracked 
|  35|0x0000000082300000, 0x0000000082400000, 0x0000000082400000|100%| O|  |TAMS 0x0000000082400000, 0x0000000082300000| Untracked 
|  36|0x0000000082400000, 0x0000000082500000, 0x0000000082500000|100%| O|  |TAMS 0x0000000082500000, 0x0000000082400000| Untracked 
|  37|0x0000000082500000, 0x0000000082600000, 0x0000000082600000|100%| O|  |TAMS 0x0000000082600000, 0x0000000082500000| Untracked 
|  38|0x0000000082600000, 0x0000000082700000, 0x0000000082700000|100%| O|  |TAMS 0x0000000082700000, 0x0000000082600000| Untracked 
|  39|0x0000000082700000, 0x0000000082800000, 0x0000000082800000|100%| O|  |TAMS 0x0000000082800000, 0x0000000082700000| Untracked 
|  40|0x0000000082800000, 0x0000000082900000, 0x0000000082900000|100%| O|  |TAMS 0x0000000082900000, 0x0000000082800000| Untracked 
|  41|0x0000000082900000, 0x0000000082a00000, 0x0000000082a00000|100%| O|  |TAMS 0x0000000082a00000, 0x0000000082900000| Untracked 
|  42|0x0000000082a00000, 0x0000000082b00000, 0x0000000082b00000|100%| O|  |TAMS 0x0000000082b00000, 0x0000000082a00000| Untracked 
|  43|0x0000000082b00000, 0x0000000082c00000, 0x0000000082c00000|100%| O|  |TAMS 0x0000000082c00000, 0x0000000082b00000| Untracked 
|  44|0x0000000082c00000, 0x0000000082d00000, 0x0000000082d00000|100%| O|  |TAMS 0x0000000082d00000, 0x0000000082c00000| Untracked 
|  45|0x0000000082d00000, 0x0000000082e00000, 0x0000000082e00000|100%| O|  |TAMS 0x0000000082e00000, 0x0000000082d00000| Untracked 
|  46|0x0000000082e00000, 0x0000000082f00000, 0x0000000082f00000|100%| O|  |TAMS 0x0000000082f00000, 0x0000000082e00000| Untracked 
|  47|0x0000000082f00000, 0x0000000083000000, 0x0000000083000000|100%| O|  |TAMS 0x0000000083000000, 0x0000000082f00000| Untracked 
|  48|0x0000000083000000, 0x0000000083100000, 0x0000000083100000|100%| O|  |TAMS 0x0000000083100000, 0x0000000083000000| Untracked 
|  49|0x0000000083100000, 0x0000000083200000, 0x0000000083200000|100%| O|  |TAMS 0x0000000083200000, 0x0000000083100000| Untracked 
|  50|0x0000000083200000, 0x0000000083300000, 0x0000000083300000|100%| O|  |TAMS 0x0000000083300000, 0x0000000083200000| Untracked 
|  51|0x0000000083300000, 0x0000000083400000, 0x0000000083400000|100%| O|  |TAMS 0x0000000083400000, 0x0000000083300000| Untracked 
|  52|0x0000000083400000, 0x0000000083500000, 0x0000000083500000|100%| O|  |TAMS 0x0000000083500000, 0x0000000083400000| Untracked 
|  53|0x0000000083500000, 0x0000000083600000, 0x0000000083600000|100%| O|  |TAMS 0x0000000083600000, 0x0000000083500000| Untracked 
|  54|0x0000000083600000, 0x0000000083700000, 0x0000000083700000|100%| O|  |TAMS 0x0000000083700000, 0x0000000083600000| Untracked 
|  55|0x0000000083700000, 0x0000000083800000, 0x0000000083800000|100%| O|  |TAMS 0x0000000083800000, 0x0000000083700000| Untracked 
|  56|0x0000000083800000, 0x0000000083900000, 0x0000000083900000|100%| O|  |TAMS 0x0000000083900000, 0x0000000083800000| Untracked 
|  57|0x0000000083900000, 0x0000000083a00000, 0x0000000083a00000|100%|HS|  |TAMS 0x0000000083a00000, 0x0000000083900000| Complete 
|  58|0x0000000083a00000, 0x0000000083b00000, 0x0000000083b00000|100%|HC|  |TAMS 0x0000000083b00000, 0x0000000083a00000| Complete 
|  59|0x0000000083b00000, 0x0000000083c00000, 0x0000000083c00000|100%|HS|  |TAMS 0x0000000083c00000, 0x0000000083b00000| Complete 
|  60|0x0000000083c00000, 0x0000000083d00000, 0x0000000083d00000|100%|HS|  |TAMS 0x0000000083d00000, 0x0000000083c00000| Complete 
|  61|0x0000000083d00000, 0x0000000083e00000, 0x0000000083e00000|100%|HS|  |TAMS 0x0000000083e00000, 0x0000000083d00000| Complete 
|  62|0x0000000083e00000, 0x0000000083f00000, 0x0000000083f00000|100%|HC|  |TAMS 0x0000000083f00000, 0x0000000083e00000| Complete 
|  63|0x0000000083f00000, 0x0000000084000000, 0x0000000084000000|100%|HS|  |TAMS 0x0000000084000000, 0x0000000083f00000| Complete 
|  64|0x0000000084000000, 0x0000000084100000, 0x0000000084100000|100%|HC|  |TAMS 0x0000000084100000, 0x0000000084000000| Complete 
|  65|0x0000000084100000, 0x0000000084200000, 0x0000000084200000|100%| O|  |TAMS 0x0000000084200000, 0x0000000084100000| Untracked 
|  66|0x0000000084200000, 0x0000000084300000, 0x0000000084300000|100%| O|  |TAMS 0x0000000084300000, 0x0000000084200000| Untracked 
|  67|0x0000000084300000, 0x0000000084400000, 0x0000000084400000|100%|HS|  |TAMS 0x0000000084400000, 0x0000000084300000| Complete 
|  68|0x0000000084400000, 0x0000000084500000, 0x0000000084500000|100%|HC|  |TAMS 0x0000000084500000, 0x0000000084400000| Complete 
|  69|0x0000000084500000, 0x0000000084600000, 0x0000000084600000|100%| O|  |TAMS 0x0000000084600000, 0x0000000084500000| Untracked 
|  70|0x0000000084600000, 0x0000000084700000, 0x0000000084700000|100%|HS|  |TAMS 0x0000000084700000, 0x0000000084600000| Complete 
|  71|0x0000000084700000, 0x0000000084800000, 0x0000000084800000|100%| O|  |TAMS 0x0000000084800000, 0x0000000084700000| Untracked 
|  72|0x0000000084800000, 0x0000000084900000, 0x0000000084900000|100%|HS|  |TAMS 0x0000000084900000, 0x0000000084800000| Complete 
|  73|0x0000000084900000, 0x0000000084a00000, 0x0000000084a00000|100%| O|  |TAMS 0x0000000084a00000, 0x0000000084900000| Untracked 
|  74|0x0000000084a00000, 0x0000000084b00000, 0x0000000084b00000|100%| O|  |TAMS 0x0000000084b00000, 0x0000000084a00000| Untracked 
|  75|0x0000000084b00000, 0x0000000084c00000, 0x0000000084c00000|100%|HS|  |TAMS 0x0000000084c00000, 0x0000000084b00000| Complete 
|  76|0x0000000084c00000, 0x0000000084d00000, 0x0000000084d00000|100%|HC|  |TAMS 0x0000000084d00000, 0x0000000084c00000| Complete 
|  77|0x0000000084d00000, 0x0000000084e00000, 0x0000000084e00000|100%| O|  |TAMS 0x0000000084e00000, 0x0000000084d00000| Untracked 
|  78|0x0000000084e00000, 0x0000000084f00000, 0x0000000084f00000|100%| O|  |TAMS 0x0000000084f00000, 0x0000000084e00000| Untracked 
|  79|0x0000000084f00000, 0x0000000085000000, 0x0000000085000000|100%|HS|  |TAMS 0x0000000085000000, 0x0000000084f00000| Complete 
|  80|0x0000000085000000, 0x0000000085100000, 0x0000000085100000|100%|HC|  |TAMS 0x0000000085100000, 0x0000000085000000| Complete 
|  81|0x0000000085100000, 0x0000000085200000, 0x0000000085200000|100%| O|  |TAMS 0x0000000085200000, 0x0000000085100000| Untracked 
|  82|0x0000000085200000, 0x0000000085300000, 0x0000000085300000|100%| O|  |TAMS 0x0000000085300000, 0x0000000085200000| Untracked 
|  83|0x0000000085300000, 0x0000000085400000, 0x0000000085400000|100%| O|  |TAMS 0x0000000085400000, 0x0000000085300000| Untracked 
|  84|0x0000000085400000, 0x0000000085500000, 0x0000000085500000|100%| O|  |TAMS 0x0000000085500000, 0x0000000085400000| Untracked 
|  85|0x0000000085500000, 0x0000000085600000, 0x0000000085600000|100%| O|  |TAMS 0x0000000085600000, 0x0000000085500000| Untracked 
|  86|0x0000000085600000, 0x0000000085700000, 0x0000000085700000|100%| O|  |TAMS 0x0000000085700000, 0x0000000085600000| Untracked 
|  87|0x0000000085700000, 0x0000000085800000, 0x0000000085800000|100%| O|  |TAMS 0x0000000085800000, 0x0000000085700000| Untracked 
|  88|0x0000000085800000, 0x0000000085900000, 0x0000000085900000|100%| O|  |TAMS 0x0000000085900000, 0x0000000085800000| Untracked 
|  89|0x0000000085900000, 0x0000000085a00000, 0x0000000085a00000|100%| O|  |TAMS 0x0000000085a00000, 0x0000000085900000| Untracked 
|  90|0x0000000085a00000, 0x0000000085b00000, 0x0000000085b00000|100%| O|  |TAMS 0x0000000085b00000, 0x0000000085a00000| Untracked 
|  91|0x0000000085b00000, 0x0000000085c00000, 0x0000000085c00000|100%| O|  |TAMS 0x0000000085c00000, 0x0000000085b00000| Untracked 
|  92|0x0000000085c00000, 0x0000000085d00000, 0x0000000085d00000|100%|HS|  |TAMS 0x0000000085d00000, 0x0000000085c00000| Complete 
|  93|0x0000000085d00000, 0x0000000085e00000, 0x0000000085e00000|100%|HS|  |TAMS 0x0000000085e00000, 0x0000000085d00000| Complete 
|  94|0x0000000085e00000, 0x0000000085f00000, 0x0000000085f00000|100%| O|  |TAMS 0x0000000085f00000, 0x0000000085e00000| Untracked 
|  95|0x0000000085f00000, 0x0000000086000000, 0x0000000086000000|100%| O|  |TAMS 0x0000000086000000, 0x0000000085f00000| Untracked 
|  96|0x0000000086000000, 0x0000000086100000, 0x0000000086100000|100%| O|  |TAMS 0x0000000086100000, 0x0000000086000000| Untracked 
|  97|0x0000000086100000, 0x0000000086200000, 0x0000000086200000|100%| O|  |TAMS 0x0000000086200000, 0x0000000086100000| Untracked 
|  98|0x0000000086200000, 0x0000000086300000, 0x0000000086300000|100%| O|  |TAMS 0x0000000086300000, 0x0000000086200000| Untracked 
|  99|0x0000000086300000, 0x0000000086400000, 0x0000000086400000|100%| O|  |TAMS 0x0000000086400000, 0x0000000086300000| Untracked 
| 100|0x0000000086400000, 0x0000000086500000, 0x0000000086500000|100%| O|  |TAMS 0x0000000086500000, 0x0000000086400000| Untracked 
| 101|0x0000000086500000, 0x0000000086600000, 0x0000000086600000|100%| O|  |TAMS 0x0000000086600000, 0x0000000086500000| Untracked 
| 102|0x0000000086600000, 0x0000000086700000, 0x0000000086700000|100%| O|  |TAMS 0x0000000086700000, 0x0000000086600000| Untracked 
| 103|0x0000000086700000, 0x0000000086800000, 0x0000000086800000|100%| O|  |TAMS 0x0000000086800000, 0x0000000086700000| Untracked 
| 104|0x0000000086800000, 0x0000000086900000, 0x0000000086900000|100%| O|  |TAMS 0x0000000086900000, 0x0000000086800000| Untracked 
| 105|0x0000000086900000, 0x0000000086a00000, 0x0000000086a00000|100%| O|  |TAMS 0x0000000086a00000, 0x0000000086900000| Untracked 
| 106|0x0000000086a00000, 0x0000000086b00000, 0x0000000086b00000|100%| O|  |TAMS 0x0000000086b00000, 0x0000000086a00000| Untracked 
| 107|0x0000000086b00000, 0x0000000086c00000, 0x0000000086c00000|100%| O|  |TAMS 0x0000000086c00000, 0x0000000086b00000| Untracked 
| 108|0x0000000086c00000, 0x0000000086d00000, 0x0000000086d00000|100%| O|  |TAMS 0x0000000086d00000, 0x0000000086c00000| Untracked 
| 109|0x0000000086d00000, 0x0000000086e00000, 0x0000000086e00000|100%| O|  |TAMS 0x0000000086e00000, 0x0000000086d00000| Untracked 
| 110|0x0000000086e00000, 0x0000000086f00000, 0x0000000086f00000|100%| O|  |TAMS 0x0000000086f00000, 0x0000000086e00000| Untracked 
| 111|0x0000000086f00000, 0x0000000087000000, 0x0000000087000000|100%| O|  |TAMS 0x0000000087000000, 0x0000000086f00000| Untracked 
| 112|0x0000000087000000, 0x0000000087100000, 0x0000000087100000|100%| O|  |TAMS 0x0000000087100000, 0x0000000087000000| Untracked 
| 113|0x0000000087100000, 0x0000000087200000, 0x0000000087200000|100%| O|  |TAMS 0x0000000087200000, 0x0000000087100000| Untracked 
| 114|0x0000000087200000, 0x0000000087300000, 0x0000000087300000|100%| O|  |TAMS 0x0000000087300000, 0x0000000087200000| Untracked 
| 115|0x0000000087300000, 0x0000000087400000, 0x0000000087400000|100%| O|  |TAMS 0x0000000087400000, 0x0000000087300000| Untracked 
| 116|0x0000000087400000, 0x0000000087500000, 0x0000000087500000|100%| O|  |TAMS 0x0000000087500000, 0x0000000087400000| Untracked 
| 117|0x0000000087500000, 0x0000000087600000, 0x0000000087600000|100%| O|  |TAMS 0x0000000087600000, 0x0000000087500000| Untracked 
| 118|0x0000000087600000, 0x0000000087700000, 0x0000000087700000|100%| O|  |TAMS 0x0000000087700000, 0x0000000087600000| Untracked 
| 119|0x0000000087700000, 0x0000000087800000, 0x0000000087800000|100%| O|  |TAMS 0x0000000087800000, 0x0000000087700000| Untracked 
| 120|0x0000000087800000, 0x0000000087900000, 0x0000000087900000|100%| O|  |TAMS 0x0000000087900000, 0x0000000087800000| Untracked 
| 121|0x0000000087900000, 0x0000000087a00000, 0x0000000087a00000|100%| O|  |TAMS 0x0000000087a00000, 0x0000000087900000| Untracked 
| 122|0x0000000087a00000, 0x0000000087b00000, 0x0000000087b00000|100%| O|  |TAMS 0x0000000087b00000, 0x0000000087a00000| Untracked 
| 123|0x0000000087b00000, 0x0000000087c00000, 0x0000000087c00000|100%| O|  |TAMS 0x0000000087c00000, 0x0000000087b00000| Untracked 
| 124|0x0000000087c00000, 0x0000000087d00000, 0x0000000087d00000|100%| O|  |TAMS 0x0000000087d00000, 0x0000000087c00000| Untracked 
| 125|0x0000000087d00000, 0x0000000087e00000, 0x0000000087e00000|100%| O|  |TAMS 0x0000000087e00000, 0x0000000087d00000| Untracked 
| 126|0x0000000087e00000, 0x0000000087f00000, 0x0000000087f00000|100%| O|  |TAMS 0x0000000087f00000, 0x0000000087e00000| Untracked 
| 127|0x0000000087f00000, 0x0000000088000000, 0x0000000088000000|100%| O|  |TAMS 0x0000000088000000, 0x0000000087f00000| Untracked 
| 128|0x0000000088000000, 0x0000000088100000, 0x0000000088100000|100%| O|  |TAMS 0x0000000088100000, 0x0000000088000000| Untracked 
| 129|0x0000000088100000, 0x0000000088200000, 0x0000000088200000|100%| O|  |TAMS 0x0000000088200000, 0x0000000088100000| Untracked 
| 130|0x0000000088200000, 0x0000000088300000, 0x0000000088300000|100%| O|  |TAMS 0x0000000088300000, 0x0000000088200000| Untracked 
| 131|0x0000000088300000, 0x0000000088400000, 0x0000000088400000|100%| O|  |TAMS 0x0000000088400000, 0x0000000088300000| Untracked 
| 132|0x0000000088400000, 0x0000000088500000, 0x0000000088500000|100%| O|  |TAMS 0x0000000088500000, 0x0000000088400000| Untracked 
| 133|0x0000000088500000, 0x0000000088600000, 0x0000000088600000|100%| O|  |TAMS 0x0000000088600000, 0x0000000088500000| Untracked 
| 134|0x0000000088600000, 0x0000000088700000, 0x0000000088700000|100%| O|  |TAMS 0x0000000088700000, 0x0000000088600000| Untracked 
| 135|0x0000000088700000, 0x0000000088800000, 0x0000000088800000|100%| O|  |TAMS 0x0000000088800000, 0x0000000088700000| Untracked 
| 136|0x0000000088800000, 0x0000000088900000, 0x0000000088900000|100%| O|  |TAMS 0x0000000088900000, 0x0000000088800000| Untracked 
| 137|0x0000000088900000, 0x0000000088a00000, 0x0000000088a00000|100%| O|  |TAMS 0x0000000088a00000, 0x0000000088900000| Untracked 
| 138|0x0000000088a00000, 0x0000000088b00000, 0x0000000088b00000|100%| O|  |TAMS 0x0000000088b00000, 0x0000000088a00000| Untracked 
| 139|0x0000000088b00000, 0x0000000088c00000, 0x0000000088c00000|100%| O|  |TAMS 0x0000000088c00000, 0x0000000088b00000| Untracked 
| 140|0x0000000088c00000, 0x0000000088d00000, 0x0000000088d00000|100%| O|  |TAMS 0x0000000088d00000, 0x0000000088c00000| Untracked 
| 141|0x0000000088d00000, 0x0000000088e00000, 0x0000000088e00000|100%| O|  |TAMS 0x0000000088e00000, 0x0000000088d00000| Untracked 
| 142|0x0000000088e00000, 0x0000000088f00000, 0x0000000088f00000|100%| O|  |TAMS 0x0000000088e76a00, 0x0000000088e00000| Untracked 
| 143|0x0000000088f00000, 0x0000000089000000, 0x0000000089000000|100%| O|  |TAMS 0x0000000088f00000, 0x0000000088f00000| Untracked 
| 144|0x0000000089000000, 0x0000000089100000, 0x0000000089100000|100%| O|  |TAMS 0x0000000089000000, 0x0000000089000000| Untracked 
| 145|0x0000000089100000, 0x0000000089200000, 0x0000000089200000|100%| O|  |TAMS 0x0000000089100000, 0x0000000089100000| Untracked 
| 146|0x0000000089200000, 0x0000000089300000, 0x0000000089300000|100%| O|  |TAMS 0x0000000089200000, 0x0000000089200000| Untracked 
| 147|0x0000000089300000, 0x0000000089400000, 0x0000000089400000|100%| O|  |TAMS 0x0000000089300000, 0x0000000089300000| Untracked 
| 148|0x0000000089400000, 0x0000000089500000, 0x0000000089500000|100%| O|  |TAMS 0x0000000089400000, 0x0000000089400000| Untracked 
| 149|0x0000000089500000, 0x0000000089600000, 0x0000000089600000|100%| O|  |TAMS 0x0000000089500000, 0x0000000089500000| Untracked 
| 150|0x0000000089600000, 0x0000000089700000, 0x0000000089700000|100%| O|  |TAMS 0x0000000089600000, 0x0000000089600000| Untracked 
| 151|0x0000000089700000, 0x0000000089800000, 0x0000000089800000|100%| O|  |TAMS 0x0000000089700000, 0x0000000089700000| Untracked 
| 152|0x0000000089800000, 0x0000000089900000, 0x0000000089900000|100%| O|  |TAMS 0x0000000089800000, 0x0000000089800000| Untracked 
| 153|0x0000000089900000, 0x0000000089a00000, 0x0000000089a00000|100%| O|  |TAMS 0x0000000089900000, 0x0000000089900000| Untracked 
| 154|0x0000000089a00000, 0x0000000089b00000, 0x0000000089b00000|100%| O|  |TAMS 0x0000000089a00000, 0x0000000089a00000| Untracked 
| 155|0x0000000089b00000, 0x0000000089c00000, 0x0000000089c00000|100%| O|  |TAMS 0x0000000089b00000, 0x0000000089b00000| Untracked 
| 156|0x0000000089c00000, 0x0000000089d00000, 0x0000000089d00000|100%| O|  |TAMS 0x0000000089c00000, 0x0000000089c00000| Untracked 
| 157|0x0000000089d00000, 0x0000000089e00000, 0x0000000089e00000|100%| O|  |TAMS 0x0000000089d00000, 0x0000000089d00000| Untracked 
| 158|0x0000000089e00000, 0x0000000089f00000, 0x0000000089f00000|100%| O|  |TAMS 0x0000000089e00000, 0x0000000089e00000| Untracked 
| 159|0x0000000089f00000, 0x000000008a000000, 0x000000008a000000|100%| O|  |TAMS 0x0000000089f00000, 0x0000000089f00000| Untracked 
| 160|0x000000008a000000, 0x000000008a100000, 0x000000008a100000|100%| O|  |TAMS 0x000000008a000000, 0x000000008a000000| Untracked 
| 161|0x000000008a100000, 0x000000008a200000, 0x000000008a200000|100%| O|  |TAMS 0x000000008a100000, 0x000000008a100000| Untracked 
| 162|0x000000008a200000, 0x000000008a300000, 0x000000008a300000|100%| O|  |TAMS 0x000000008a200000, 0x000000008a200000| Untracked 
| 163|0x000000008a300000, 0x000000008a35a000, 0x000000008a400000| 35%| O|  |TAMS 0x000000008a300000, 0x000000008a300000| Untracked 
| 164|0x000000008a400000, 0x000000008a400000, 0x000000008a500000|  0%| F|  |TAMS 0x000000008a400000, 0x000000008a400000| Untracked 
| 165|0x000000008a500000, 0x000000008a500000, 0x000000008a600000|  0%| F|  |TAMS 0x000000008a500000, 0x000000008a500000| Untracked 
| 166|0x000000008a600000, 0x000000008a600000, 0x000000008a700000|  0%| F|  |TAMS 0x000000008a600000, 0x000000008a600000| Untracked 
| 167|0x000000008a700000, 0x000000008a700000, 0x000000008a800000|  0%| F|  |TAMS 0x000000008a700000, 0x000000008a700000| Untracked 
| 168|0x000000008a800000, 0x000000008a800000, 0x000000008a900000|  0%| F|  |TAMS 0x000000008a800000, 0x000000008a800000| Untracked 
| 169|0x000000008a900000, 0x000000008a900000, 0x000000008aa00000|  0%| F|  |TAMS 0x000000008a900000, 0x000000008a900000| Untracked 
| 170|0x000000008aa00000, 0x000000008aa00000, 0x000000008ab00000|  0%| F|  |TAMS 0x000000008aa00000, 0x000000008aa00000| Untracked 
| 171|0x000000008ab00000, 0x000000008ab00000, 0x000000008ac00000|  0%| F|  |TAMS 0x000000008ab00000, 0x000000008ab00000| Untracked 
| 172|0x000000008ac00000, 0x000000008ac00000, 0x000000008ad00000|  0%| F|  |TAMS 0x000000008ac00000, 0x000000008ac00000| Untracked 
| 173|0x000000008ad00000, 0x000000008ad00000, 0x000000008ae00000|  0%| F|  |TAMS 0x000000008ad00000, 0x000000008ad00000| Untracked 
| 174|0x000000008ae00000, 0x000000008ae00000, 0x000000008af00000|  0%| F|  |TAMS 0x000000008ae00000, 0x000000008ae00000| Untracked 
| 175|0x000000008af00000, 0x000000008af00000, 0x000000008b000000|  0%| F|  |TAMS 0x000000008af00000, 0x000000008af00000| Untracked 
| 176|0x000000008b000000, 0x000000008b000000, 0x000000008b100000|  0%| F|  |TAMS 0x000000008b000000, 0x000000008b000000| Untracked 
| 177|0x000000008b100000, 0x000000008b100000, 0x000000008b200000|  0%| F|  |TAMS 0x000000008b100000, 0x000000008b100000| Untracked 
| 178|0x000000008b200000, 0x000000008b200000, 0x000000008b300000|  0%| F|  |TAMS 0x000000008b200000, 0x000000008b200000| Untracked 
| 179|0x000000008b300000, 0x000000008b300000, 0x000000008b400000|  0%| F|  |TAMS 0x000000008b300000, 0x000000008b300000| Untracked 
| 180|0x000000008b400000, 0x000000008b400000, 0x000000008b500000|  0%| F|  |TAMS 0x000000008b400000, 0x000000008b400000| Untracked 
| 181|0x000000008b500000, 0x000000008b500000, 0x000000008b600000|  0%| F|  |TAMS 0x000000008b500000, 0x000000008b500000| Untracked 
| 182|0x000000008b600000, 0x000000008b600000, 0x000000008b700000|  0%| F|  |TAMS 0x000000008b600000, 0x000000008b600000| Untracked 
| 183|0x000000008b700000, 0x000000008b700000, 0x000000008b800000|  0%| F|  |TAMS 0x000000008b700000, 0x000000008b700000| Untracked 
| 184|0x000000008b800000, 0x000000008b800000, 0x000000008b900000|  0%| F|  |TAMS 0x000000008b800000, 0x000000008b800000| Untracked 
| 185|0x000000008b900000, 0x000000008ba00000, 0x000000008ba00000|100%| O|  |TAMS 0x000000008ba00000, 0x000000008b900000| Untracked 
| 186|0x000000008ba00000, 0x000000008bb00000, 0x000000008bb00000|100%| O|  |TAMS 0x000000008bb00000, 0x000000008ba00000| Untracked 
| 187|0x000000008bb00000, 0x000000008bb00000, 0x000000008bc00000|  0%| F|  |TAMS 0x000000008bb00000, 0x000000008bb00000| Untracked 
| 188|0x000000008bc00000, 0x000000008bc00000, 0x000000008bd00000|  0%| F|  |TAMS 0x000000008bc00000, 0x000000008bc00000| Untracked 
| 189|0x000000008bd00000, 0x000000008bd00000, 0x000000008be00000|  0%| F|  |TAMS 0x000000008bd00000, 0x000000008bd00000| Untracked 
| 190|0x000000008be00000, 0x000000008be00000, 0x000000008bf00000|  0%| F|  |TAMS 0x000000008be00000, 0x000000008be00000| Untracked 
| 191|0x000000008bf00000, 0x000000008bf00000, 0x000000008c000000|  0%| F|  |TAMS 0x000000008bf00000, 0x000000008bf00000| Untracked 
| 192|0x000000008c000000, 0x000000008c000000, 0x000000008c100000|  0%| F|  |TAMS 0x000000008c000000, 0x000000008c000000| Untracked 
| 193|0x000000008c100000, 0x000000008c100000, 0x000000008c200000|  0%| F|  |TAMS 0x000000008c100000, 0x000000008c100000| Untracked 
| 194|0x000000008c200000, 0x000000008c200000, 0x000000008c300000|  0%| F|  |TAMS 0x000000008c200000, 0x000000008c200000| Untracked 
| 195|0x000000008c300000, 0x000000008c300000, 0x000000008c400000|  0%| F|  |TAMS 0x000000008c300000, 0x000000008c300000| Untracked 
| 196|0x000000008c400000, 0x000000008c400000, 0x000000008c500000|  0%| F|  |TAMS 0x000000008c400000, 0x000000008c400000| Untracked 
| 197|0x000000008c500000, 0x000000008c500000, 0x000000008c600000|  0%| F|  |TAMS 0x000000008c500000, 0x000000008c500000| Untracked 
| 198|0x000000008c600000, 0x000000008c600000, 0x000000008c700000|  0%| F|  |TAMS 0x000000008c600000, 0x000000008c600000| Untracked 
| 199|0x000000008c700000, 0x000000008c700000, 0x000000008c800000|  0%| F|  |TAMS 0x000000008c700000, 0x000000008c700000| Untracked 
| 200|0x000000008c800000, 0x000000008c800000, 0x000000008c900000|  0%| F|  |TAMS 0x000000008c800000, 0x000000008c800000| Untracked 
| 201|0x000000008c900000, 0x000000008c900000, 0x000000008ca00000|  0%| F|  |TAMS 0x000000008c900000, 0x000000008c900000| Untracked 
| 202|0x000000008ca00000, 0x000000008ca00000, 0x000000008cb00000|  0%| F|  |TAMS 0x000000008ca00000, 0x000000008ca00000| Untracked 
| 203|0x000000008cb00000, 0x000000008cb00000, 0x000000008cc00000|  0%| F|  |TAMS 0x000000008cb00000, 0x000000008cb00000| Untracked 
| 204|0x000000008cc00000, 0x000000008cd00000, 0x000000008cd00000|100%| S|CS|TAMS 0x000000008cc00000, 0x000000008cc00000| Complete 
| 205|0x000000008cd00000, 0x000000008ce00000, 0x000000008ce00000|100%| S|CS|TAMS 0x000000008cd00000, 0x000000008cd00000| Complete 
| 206|0x000000008ce00000, 0x000000008cf00000, 0x000000008cf00000|100%| S|CS|TAMS 0x000000008ce00000, 0x000000008ce00000| Complete 
| 207|0x000000008cf00000, 0x000000008cf00000, 0x000000008d000000|  0%| F|  |TAMS 0x000000008cf00000, 0x000000008cf00000| Untracked 
| 208|0x000000008d000000, 0x000000008d000000, 0x000000008d100000|  0%| F|  |TAMS 0x000000008d000000, 0x000000008d000000| Untracked 
| 209|0x000000008d100000, 0x000000008d100000, 0x000000008d200000|  0%| F|  |TAMS 0x000000008d100000, 0x000000008d100000| Untracked 
| 210|0x000000008d200000, 0x000000008d200000, 0x000000008d300000|  0%| F|  |TAMS 0x000000008d200000, 0x000000008d200000| Untracked 
| 211|0x000000008d300000, 0x000000008d300000, 0x000000008d400000|  0%| F|  |TAMS 0x000000008d300000, 0x000000008d300000| Untracked 
| 212|0x000000008d400000, 0x000000008d400000, 0x000000008d500000|  0%| F|  |TAMS 0x000000008d400000, 0x000000008d400000| Untracked 
| 213|0x000000008d500000, 0x000000008d500000, 0x000000008d600000|  0%| F|  |TAMS 0x000000008d500000, 0x000000008d500000| Untracked 
| 214|0x000000008d600000, 0x000000008d600000, 0x000000008d700000|  0%| F|  |TAMS 0x000000008d600000, 0x000000008d600000| Untracked 
| 215|0x000000008d700000, 0x000000008d700000, 0x000000008d800000|  0%| F|  |TAMS 0x000000008d700000, 0x000000008d700000| Untracked 
| 216|0x000000008d800000, 0x000000008d800000, 0x000000008d900000|  0%| F|  |TAMS 0x000000008d800000, 0x000000008d800000| Untracked 
| 217|0x000000008d900000, 0x000000008d900000, 0x000000008da00000|  0%| F|  |TAMS 0x000000008d900000, 0x000000008d900000| Untracked 
| 218|0x000000008da00000, 0x000000008da00000, 0x000000008db00000|  0%| F|  |TAMS 0x000000008da00000, 0x000000008da00000| Untracked 
| 219|0x000000008db00000, 0x000000008db00000, 0x000000008dc00000|  0%| F|  |TAMS 0x000000008db00000, 0x000000008db00000| Untracked 
| 220|0x000000008dc00000, 0x000000008dc00000, 0x000000008dd00000|  0%| F|  |TAMS 0x000000008dc00000, 0x000000008dc00000| Untracked 
| 221|0x000000008dd00000, 0x000000008dd00000, 0x000000008de00000|  0%| F|  |TAMS 0x000000008dd00000, 0x000000008dd00000| Untracked 
| 222|0x000000008de00000, 0x000000008de00000, 0x000000008df00000|  0%| F|  |TAMS 0x000000008de00000, 0x000000008de00000| Untracked 
| 223|0x000000008df00000, 0x000000008df00000, 0x000000008e000000|  0%| F|  |TAMS 0x000000008df00000, 0x000000008df00000| Untracked 
| 224|0x000000008e000000, 0x000000008e000000, 0x000000008e100000|  0%| F|  |TAMS 0x000000008e000000, 0x000000008e000000| Untracked 

Card table byte_map: [0x0000020bffb50000,0x0000020bfff50000] _byte_map_base: 0x0000020bff750000

Marking Bits (Prev, Next): (CMBitMap*) 0x0000020bfbae1628, (CMBitMap*) 0x0000020bfbae1660
 Prev Bits: [0x0000020b8f400000, 0x0000020b91400000)
 Next Bits: [0x0000020b91400000, 0x0000020b93400000)

Polling page: 0x0000020bf9880000

Metaspace:

Usage:
  Non-class:     75.25 MB capacity,    73.94 MB ( 98%) used,     1.10 MB (  1%) free+waste,   226.38 KB ( <1%) overhead. 
      Class:     11.90 MB capacity,    11.16 MB ( 94%) used,   660.63 KB (  5%) free+waste,   103.44 KB ( <1%) overhead. 
       Both:     87.16 MB capacity,    85.09 MB ( 98%) used,     1.74 MB (  2%) free+waste,   329.81 KB ( <1%) overhead. 

Virtual space:
  Non-class space:       76.00 MB reserved,      75.50 MB (>99%) committed 
      Class space:        1.00 GB reserved,      12.00 MB (  1%) committed 
             Both:        1.07 GB reserved,      87.50 MB (  8%) committed 

Chunk freelists:
   Non-Class:  125.00 KB
       Class:  34.00 KB
        Both:  159.00 KB

MaxMetaspaceSize: 17179869184.00 GB
CompressedClassSpaceSize: 1.00 GB

CodeHeap 'non-profiled nmethods': size=120000Kb used=5213Kb max_used=5213Kb free=114786Kb
 bounds [0x0000020b87ad0000, 0x0000020b87ff0000, 0x0000020b8f000000]
CodeHeap 'profiled nmethods': size=120000Kb used=20221Kb max_used=20221Kb free=99778Kb
 bounds [0x0000020b805a0000, 0x0000020b81970000, 0x0000020b87ad0000]
CodeHeap 'non-nmethods': size=5760Kb used=2268Kb max_used=2322Kb free=3491Kb
 bounds [0x0000020b80000000, 0x0000020b80270000, 0x0000020b805a0000]
 total_blobs=10606 nmethods=9743 adapters=774
 compilation: enabled
              stopped_count=0, restarted_count=0
 full_count=0

Compilation events (20 events):
Event: 13.539 Thread 0x0000020b966eb000 10138       4       com.android.tools.r8.graph.q0::a (89 bytes)
Event: 13.545 Thread 0x0000020b966ef000 10141       3       com.android.tools.r8.utils.K::a (102 bytes)
Event: 13.546 Thread 0x0000020b966ef000 nmethod 10141 0x0000020b8195c010 code [0x0000020b8195c2e0, 0x0000020b8195d358]
Event: 13.546 Thread 0x0000020b966ef000 10142       1       com.android.tools.r8.code.w1::k (2 bytes)
Event: 13.546 Thread 0x0000020b966ef000 nmethod 10142 0x0000020b87fe6790 code [0x0000020b87fe6940, 0x0000020b87fe69f8]
Event: 13.546 Thread 0x0000020b966ef000 10143       3       com.android.tools.r8.s.a.a.b.M0::hasNext (217 bytes)
Event: 13.547 Thread 0x0000020b966ef000 nmethod 10143 0x0000020b8195d890 code [0x0000020b8195db80, 0x0000020b8195f0a8]
Event: 13.547 Thread 0x0000020b966ef000 10147       3       com.android.tools.r8.dex.b::a (124 bytes)
Event: 13.548 Thread 0x0000020b966eb000 nmethod 10138 0x0000020b87fe6a90 code [0x0000020b87fe6c80, 0x0000020b87fe7178]
Event: 13.548 Thread 0x0000020b966eb000 10140       4       com.android.tools.r8.graph.h0::b (23 bytes)
Event: 13.548 Thread 0x0000020b966ef000 nmethod 10147 0x0000020b8195f510 code [0x0000020b8195f7a0, 0x0000020b819604e8]
Event: 13.548 Thread 0x0000020b966ef000 10146       3       com.android.tools.r8.graph.e0::T (13 bytes)
Event: 13.549 Thread 0x0000020b966ef000 nmethod 10146 0x0000020b81960990 code [0x0000020b81960b40, 0x0000020b81960c98]
Event: 13.549 Thread 0x0000020b966ef000 10144       3       com.android.tools.r8.graph.t1::g (8 bytes)
Event: 13.549 Thread 0x0000020b966ef000 nmethod 10144 0x0000020b81960d10 code [0x0000020b81960ec0, 0x0000020b81961088]
Event: 13.549 Thread 0x0000020b966ef000 10145       3       com.android.tools.r8.graph.J::l0 (8 bytes)
Event: 13.549 Thread 0x0000020b966ef000 nmethod 10145 0x0000020b81961190 code [0x0000020b81961360, 0x0000020b81961588]
Event: 13.549 Thread 0x0000020b966ef000 10149       3       com.android.tools.r8.dex.b$$Lambda$1024/0x0000000100a38440::accept (12 bytes)
Event: 13.549 Thread 0x0000020b966ef000 nmethod 10149 0x0000020b81961690 code [0x0000020b81961860, 0x0000020b81961a88]
Event: 13.550 Thread 0x0000020b966ef000 10151       3       java.util.concurrent.ForkJoinPool::scan (209 bytes)

GC Heap History (20 events):
Event: 7.392 GC heap after
{Heap after GC invocations=13 (full 0):
 garbage-first heap   total 157696K, used 49463K [0x0000000080000000, 0x0000000100000000)
  region size 1024K, 5 young (5120K), 5 survivors (5120K)
 Metaspace       used 64059K, capacity 65565K, committed 65792K, reserved 1105920K
  class space    used 8348K, capacity 8907K, committed 8960K, reserved 1048576K
}
Event: 8.282 GC heap before
{Heap before GC invocations=14 (full 0):
 garbage-first heap   total 157696K, used 111927K [0x0000000080000000, 0x0000000100000000)
  region size 1024K, 66 young (67584K), 5 survivors (5120K)
 Metaspace       used 70823K, capacity 72389K, committed 72704K, reserved 1112064K
  class space    used 9309K, capacity 9920K, committed 9984K, reserved 1048576K
}
Event: 8.292 GC heap after
{Heap after GC invocations=15 (full 0):
 garbage-first heap   total 189440K, used 53238K [0x0000000080000000, 0x0000000100000000)
  region size 1024K, 4 young (4096K), 4 survivors (4096K)
 Metaspace       used 70823K, capacity 72389K, committed 72704K, reserved 1112064K
  class space    used 9309K, capacity 9920K, committed 9984K, reserved 1048576K
}
Event: 9.337 GC heap before
{Heap before GC invocations=15 (full 0):
 garbage-first heap   total 189440K, used 127990K [0x0000000080000000, 0x0000000100000000)
  region size 1024K, 77 young (78848K), 4 survivors (4096K)
 Metaspace       used 75474K, capacity 77420K, committed 77568K, reserved 1116160K
  class space    used 9904K, capacity 10651K, committed 10752K, reserved 1048576K
}
Event: 9.349 GC heap after
{Heap after GC invocations=16 (full 0):
 garbage-first heap   total 189440K, used 58470K [0x0000000080000000, 0x0000000100000000)
  region size 1024K, 9 young (9216K), 9 survivors (9216K)
 Metaspace       used 75474K, capacity 77420K, committed 77568K, reserved 1116160K
  class space    used 9904K, capacity 10651K, committed 10752K, reserved 1048576K
}
Event: 10.198 GC heap before
{Heap before GC invocations=16 (full 0):
 garbage-first heap   total 189440K, used 132198K [0x0000000080000000, 0x0000000100000000)
  region size 1024K, 82 young (83968K), 9 survivors (9216K)
 Metaspace       used 76295K, capacity 78274K, committed 78592K, reserved 1118208K
  class space    used 9935K, capacity 10674K, committed 10752K, reserved 1048576K
}
Event: 10.214 GC heap after
{Heap after GC invocations=17 (full 0):
 garbage-first heap   total 189440K, used 62986K [0x0000000080000000, 0x0000000100000000)
  region size 1024K, 10 young (10240K), 10 survivors (10240K)
 Metaspace       used 76295K, capacity 78274K, committed 78592K, reserved 1118208K
  class space    used 9935K, capacity 10674K, committed 10752K, reserved 1048576K
}
Event: 11.110 GC heap before
{Heap before GC invocations=17 (full 0):
 garbage-first heap   total 189440K, used 137738K [0x0000000080000000, 0x0000000100000000)
  region size 1024K, 84 young (86016K), 10 survivors (10240K)
 Metaspace       used 78671K, capacity 80691K, committed 81024K, reserved 1120256K
  class space    used 10255K, capacity 11011K, committed 11136K, reserved 1048576K
}
Event: 11.126 GC heap after
{Heap after GC invocations=18 (full 0):
 garbage-first heap   total 189440K, used 66204K [0x0000000080000000, 0x0000000100000000)
  region size 1024K, 8 young (8192K), 8 survivors (8192K)
 Metaspace       used 78671K, capacity 80691K, committed 81024K, reserved 1120256K
  class space    used 10255K, capacity 11011K, committed 11136K, reserved 1048576K
}
Event: 12.078 GC heap before
{Heap before GC invocations=18 (full 0):
 garbage-first heap   total 189440K, used 165532K [0x0000000080000000, 0x0000000100000000)
  region size 1024K, 82 young (83968K), 8 survivors (8192K)
 Metaspace       used 83525K, capacity 85697K, committed 86016K, reserved 1124352K
  class space    used 10889K, capacity 11678K, committed 11776K, reserved 1048576K
}
Event: 12.097 GC heap after
{Heap after GC invocations=19 (full 0):
 garbage-first heap   total 191488K, used 98908K [0x0000000080000000, 0x0000000100000000)
  region size 1024K, 11 young (11264K), 11 survivors (11264K)
 Metaspace       used 83525K, capacity 85697K, committed 86016K, reserved 1124352K
  class space    used 10889K, capacity 11678K, committed 11776K, reserved 1048576K
}
Event: 12.202 GC heap before
{Heap before GC invocations=19 (full 0):
 garbage-first heap   total 191488K, used 117340K [0x0000000080000000, 0x0000000100000000)
  region size 1024K, 30 young (30720K), 11 survivors (11264K)
 Metaspace       used 83527K, capacity 85697K, committed 86016K, reserved 1124352K
  class space    used 10889K, capacity 11678K, committed 11776K, reserved 1048576K
}
Event: 12.248 GC heap after
{Heap after GC invocations=20 (full 0):
 garbage-first heap   total 230400K, used 107392K [0x0000000080000000, 0x0000000100000000)
  region size 1024K, 8 young (8192K), 8 survivors (8192K)
 Metaspace       used 83527K, capacity 85697K, committed 86016K, reserved 1124352K
  class space    used 10889K, capacity 11678K, committed 11776K, reserved 1048576K
}
Event: 12.748 GC heap before
{Heap before GC invocations=21 (full 0):
 garbage-first heap   total 230400K, used 158592K [0x0000000080000000, 0x0000000100000000)
  region size 1024K, 56 young (57344K), 8 survivors (8192K)
 Metaspace       used 85144K, capacity 87186K, committed 87808K, reserved 1124352K
  class space    used 11153K, capacity 11873K, committed 12032K, reserved 1048576K
}
Event: 12.789 GC heap after
{Heap after GC invocations=22 (full 0):
 garbage-first heap   total 230400K, used 132096K [0x0000000080000000, 0x0000000100000000)
  region size 1024K, 7 young (7168K), 7 survivors (7168K)
 Metaspace       used 85144K, capacity 87186K, committed 87808K, reserved 1124352K
  class space    used 11153K, capacity 11873K, committed 12032K, reserved 1048576K
}
Event: 12.938 GC heap before
{Heap before GC invocations=22 (full 0):
 garbage-first heap   total 230400K, used 167936K [0x0000000080000000, 0x0000000100000000)
  region size 1024K, 42 young (43008K), 7 survivors (7168K)
 Metaspace       used 85167K, capacity 87189K, committed 87808K, reserved 1124352K
  class space    used 11153K, capacity 11873K, committed 12032K, reserved 1048576K
}
Event: 12.982 GC heap after
{Heap after GC invocations=23 (full 0):
 garbage-first heap   total 230400K, used 154074K [0x0000000080000000, 0x0000000100000000)
  region size 1024K, 6 young (6144K), 6 survivors (6144K)
 Metaspace       used 85167K, capacity 87189K, committed 87808K, reserved 1124352K
  class space    used 11153K, capacity 11873K, committed 12032K, reserved 1048576K
}
Event: 13.301 GC heap before
{Heap before GC invocations=23 (full 0):
 garbage-first heap   total 230400K, used 176602K [0x0000000080000000, 0x0000000100000000)
  region size 1024K, 29 young (29696K), 6 survivors (6144K)
 Metaspace       used 86673K, capacity 88794K, committed 89344K, reserved 1126400K
  class space    used 11360K, capacity 12101K, committed 12288K, reserved 1048576K
}
Event: 13.323 GC heap after
{Heap after GC invocations=24 (full 0):
 garbage-first heap   total 230400K, used 166912K [0x0000000080000000, 0x0000000100000000)
  region size 1024K, 4 young (4096K), 4 survivors (4096K)
 Metaspace       used 86673K, capacity 88794K, committed 89344K, reserved 1126400K
  class space    used 11360K, capacity 12101K, committed 12288K, reserved 1048576K
}
Event: 13.552 GC heap before
{Heap before GC invocations=25 (full 0):
 garbage-first heap   total 230400K, used 185344K [0x0000000080000000, 0x0000000100000000)
  region size 1024K, 22 young (22528K), 4 survivors (4096K)
 Metaspace       used 87136K, capacity 89249K, committed 89600K, reserved 1126400K
  class space    used 11425K, capacity 12190K, committed 12288K, reserved 1048576K
}

Deoptimization events (20 events):
Event: 13.546 Thread 0x0000020b9de11800 Uncommon trap: trap_request=0xffffff4d fr.pc=0x0000020b87fd416c relative=0x0000000000000c4c
Event: 13.546 Thread 0x0000020b9de11800 Uncommon trap: reason=unstable_if action=reinterpret pc=0x0000020b87fd416c method=com.android.tools.r8.s.a.a.b.M0.hasNext()Z @ 52 c2
Event: 13.546 Thread 0x0000020b9de14000 Uncommon trap: trap_request=0xffffff4d fr.pc=0x0000020b87fd416c relative=0x0000000000000c4c
Event: 13.546 Thread 0x0000020b9de14000 Uncommon trap: reason=unstable_if action=reinterpret pc=0x0000020b87fd416c method=com.android.tools.r8.s.a.a.b.M0.hasNext()Z @ 52 c2
Event: 13.546 Thread 0x0000020b9de11800 DEOPT PACKING pc=0x0000020b87fd416c sp=0x00000014cf8fee40
Event: 13.546 Thread 0x0000020b9de14000 DEOPT PACKING pc=0x0000020b87fd416c sp=0x00000014cf9fede0
Event: 13.546 Thread 0x0000020b9de0f800 Uncommon trap: trap_request=0xffffff4d fr.pc=0x0000020b87fd416c relative=0x0000000000000c4c
Event: 13.546 Thread 0x0000020b9de0f800 Uncommon trap: reason=unstable_if action=reinterpret pc=0x0000020b87fd416c method=com.android.tools.r8.s.a.a.b.M0.hasNext()Z @ 52 c2
Event: 13.546 Thread 0x0000020b9de0f800 DEOPT PACKING pc=0x0000020b87fd416c sp=0x00000014cf6ff0b0
Event: 13.546 Thread 0x0000020b9da56000 Uncommon trap: trap_request=0xffffff4d fr.pc=0x0000020b87fd416c relative=0x0000000000000c4c
Event: 13.546 Thread 0x0000020b9da56000 Uncommon trap: reason=unstable_if action=reinterpret pc=0x0000020b87fd416c method=com.android.tools.r8.s.a.a.b.M0.hasNext()Z @ 52 c2
Event: 13.546 Thread 0x0000020b9de0f800 DEOPT UNPACKING pc=0x0000020b800274af sp=0x00000014cf6ff090 mode 2
Event: 13.546 Thread 0x0000020b9da56000 DEOPT PACKING pc=0x0000020b87fd416c sp=0x00000014cf3fecb0
Event: 13.546 Thread 0x0000020b9da50000 Uncommon trap: trap_request=0xffffff4d fr.pc=0x0000020b87fd416c relative=0x0000000000000c4c
Event: 13.546 Thread 0x0000020b9da50000 Uncommon trap: reason=unstable_if action=reinterpret pc=0x0000020b87fd416c method=com.android.tools.r8.s.a.a.b.M0.hasNext()Z @ 52 c2
Event: 13.546 Thread 0x0000020b9da56000 DEOPT UNPACKING pc=0x0000020b800274af sp=0x00000014cf3fec90 mode 2
Event: 13.546 Thread 0x0000020b9de14000 DEOPT UNPACKING pc=0x0000020b800274af sp=0x00000014cf9fedc0 mode 2
Event: 13.546 Thread 0x0000020b9de11800 DEOPT UNPACKING pc=0x0000020b800274af sp=0x00000014cf8fee20 mode 2
Event: 13.546 Thread 0x0000020b9da50000 DEOPT PACKING pc=0x0000020b87fd416c sp=0x00000014cf4feef0
Event: 13.547 Thread 0x0000020b9da50000 DEOPT UNPACKING pc=0x0000020b800274af sp=0x00000014cf4feed0 mode 2

Classes redefined (0 events):
No events

Internal exceptions (20 events):
Event: 12.413 Thread 0x0000020b9da50000 Exception <a 'java/lang/NoSuchMethodError'{0x000000008d243198}: 'java.lang.Object java.lang.invoke.DirectMethodHandle$Holder.newInvokeSpecial(java.lang.Object, int)'> (0x000000008d243198) thrown at [./src/hotspot/share/interpreter/linkResolver.cpp, line 773]
Event: 13.155 Thread 0x0000020b9da54000 Exception <a 'java/lang/NoSuchMethodError'{0x000000008ce8c270}: 'void java.lang.invoke.DirectMethodHandle$Holder.invokeStatic(java.lang.Object, java.lang.Object, java.lang.Object, int)'> (0x000000008ce8c270) thrown at [./src/hotspot/share/interpreter/linkResolver.cpp, line 773]
Event: 13.156 Thread 0x0000020b9da54000 Exception <a 'java/lang/IncompatibleClassChangeError'{0x000000008ce94198}: Found class java.lang.Object, but interface was expected> (0x000000008ce94198) thrown at [./src/hotspot/share/interpreter/linkResolver.cpp, line 839]
Event: 13.275 Thread 0x0000020b9da54000 Exception <a 'java/lang/NoSuchMethodError'{0x000000008ca3d878}: 'void java.lang.invoke.DirectMethodHandle$Holder.invokeStaticInit(java.lang.Object, java.lang.Object, java.lang.Object, java.lang.Object, java.lang.Object)'> (0x000000008ca3d878) thrown at [./src/hotspot/share/interpreter/linkResolver.cpp, line 773]
Event: 13.277 Thread 0x0000020b9da54000 Exception <a 'java/lang/NoSuchMethodError'{0x000000008ca456c0}: 'java.lang.Object java.lang.invoke.DirectMethodHandle$Holder.invokeStatic(java.lang.Object, int, java.lang.Object, java.lang.Object)'> (0x000000008ca456c0) thrown at [./src/hotspot/share/interpreter/linkResolver.cpp, line 773]
Event: 13.341 Thread 0x0000020b9da54000 Exception <a 'java/lang/NoSuchMethodError'{0x000000008e02a6f8}: 'long java.lang.invoke.DirectMethodHandle$Holder.invokeStatic(java.lang.Object, java.lang.Object)'> (0x000000008e02a6f8) thrown at [./src/hotspot/share/interpreter/linkResolver.cpp, line 773]
Event: 13.353 Thread 0x0000020b9da50000 Exception <a 'java/lang/NoSuchMethodError'{0x000000008e0b7c78}: 'void java.lang.invoke.DirectMethodHandle$Holder.invokeSpecial(java.lang.Object, java.lang.Object, int, java.lang.Object)'> (0x000000008e0b7c78) thrown at [./src/hotspot/share/interpreter/linkResolver.cpp, line 773]
Event: 13.353 Thread 0x0000020b9da56000 Exception <a 'java/lang/NoSuchMethodError'{0x000000008df02d90}: 'void java.lang.invoke.DirectMethodHandle$Holder.invokeSpecial(java.lang.Object, java.lang.Object, int, java.lang.Object)'> (0x000000008df02d90) thrown at [./src/hotspot/share/interpreter/linkResolver.cpp, line 773]
Event: 13.353 Thread 0x0000020b9de15800 Exception <a 'java/lang/NoSuchMethodError'{0x000000008e065500}: 'void java.lang.invoke.DirectMethodHandle$Holder.invokeSpecial(java.lang.Object, java.lang.Object, int, java.lang.Object)'> (0x000000008e065500) thrown at [./src/hotspot/share/interpreter/linkResolver.cpp, line 773]
Event: 13.353 Thread 0x0000020b9de0f000 Exception <a 'java/lang/NoSuchMethodError'{0x000000008e0b4298}: 'void java.lang.invoke.DirectMethodHandle$Holder.invokeSpecial(java.lang.Object, java.lang.Object, int, java.lang.Object)'> (0x000000008e0b4298) thrown at [./src/hotspot/share/interpreter/linkResolver.cpp, line 773]
Event: 13.353 Thread 0x0000020b9de0f800 Exception <a 'java/lang/NoSuchMethodError'{0x000000008e0dc9e0}: 'void java.lang.invoke.DirectMethodHandle$Holder.invokeSpecial(java.lang.Object, java.lang.Object, int, java.lang.Object)'> (0x000000008e0dc9e0) thrown at [./src/hotspot/share/interpreter/linkResolver.cpp, line 773]
Event: 13.353 Thread 0x0000020b9de12000 Exception <a 'java/lang/NoSuchMethodError'{0x000000008e0a04c8}: 'void java.lang.invoke.DirectMethodHandle$Holder.invokeSpecial(java.lang.Object, java.lang.Object, int, java.lang.Object)'> (0x000000008e0a04c8) thrown at [./src/hotspot/share/interpreter/linkResolver.cpp, line 773]
Event: 13.356 Thread 0x0000020b9de11800 Exception <a 'java/lang/NoSuchMethodError'{0x000000008e097c80}: 'void java.lang.invoke.DirectMethodHandle$Holder.invokeSpecial(java.lang.Object, java.lang.Object, int, java.lang.Object)'> (0x000000008e097c80) thrown at [./src/hotspot/share/interpreter/linkResolver.cpp, line 773]
Event: 13.500 Thread 0x0000020b9da54000 Exception <a 'java/lang/NoSuchMethodError'{0x000000008d254378}: 'java.lang.Object java.lang.invoke.DirectMethodHandle$Holder.invokeSpecial(java.lang.Object, java.lang.Object, java.lang.Object, java.lang.Object, java.lang.Object, java.lang.Object, java.lang.Object, java.lang.Object, java.lang.Object, java.lang.Object)'> (0x000000008d254378) thrown at [./src/hotspot/share/interpreter/linkResolver.cpp, line 773]
Event: 13.500 Thread 0x0000020b9da54000 Exception <a 'java/lang/NoSuchMethodError'{0x000000008d2586b0}: 'java.lang.Object java.lang.invoke.Invokers$Holder.linkToTargetMethod(java.lang.Object, java.lang.Object, java.lang.Object, java.lang.Object, java.lang.Object, java.lang.Object, java.lang.Object, java.lang.Object, java.lang.Object)'> (0x000000008d2586b0) thrown at [./src/hotspot/share/interpreter/linkResolver.cpp, line 773]
Event: 13.546 Thread 0x0000020b9de11800 Implicit null exception at 0x0000020b87fd35ca to 0x0000020b87fd4160
Event: 13.546 Thread 0x0000020b9de14000 Implicit null exception at 0x0000020b87fd35ca to 0x0000020b87fd4160
Event: 13.546 Thread 0x0000020b9da56000 Implicit null exception at 0x0000020b87fd35ca to 0x0000020b87fd4160
Event: 13.546 Thread 0x0000020b9de0f800 Implicit null exception at 0x0000020b87fd35ca to 0x0000020b87fd4160
Event: 13.546 Thread 0x0000020b9da50000 Implicit null exception at 0x0000020b87fd35ca to 0x0000020b87fd4160

Events (20 events):
Event: 13.515 loading class com/android/tools/r8/dex/g done
Event: 13.516 loading class com/android/tools/r8/naming/J
Event: 13.516 loading class com/android/tools/r8/naming/J done
Event: 13.516 loading class com/android/tools/r8/naming/I$c
Event: 13.516 loading class com/android/tools/r8/naming/I$c done
Event: 13.517 loading class com/android/tools/r8/s/a/b/e
Event: 13.517 loading class com/android/tools/r8/s/a/b/e done
Event: 13.517 loading class com/android/tools/r8/s/a/b/e
Event: 13.517 loading class com/android/tools/r8/s/a/b/e done
Event: 13.517 loading class com/android/tools/r8/s/a/b/m/c
Event: 13.517 loading class com/android/tools/r8/s/a/b/m/c done
Event: 13.520 loading class com/android/tools/r8/graph/t0$a
Event: 13.520 loading class com/android/tools/r8/graph/t0$a done
Event: 13.545 loading class com/android/tools/r8/graph/n0
Event: 13.545 loading class com/android/tools/r8/graph/n0 done
Event: 13.546 loading class com/android/tools/r8/graph/n0
Event: 13.546 loading class com/android/tools/r8/graph/n0 done
Event: 13.546 loading class com/android/tools/r8/dex/b
Event: 13.546 loading class com/android/tools/r8/dex/b done
Event: 13.552 Executing VM operation: G1CollectForAllocation


Dynamic libraries:
0x00007ff6055d0000 - 0x00007ff6055da000 	C:\Program Files\Android\Android Studio\jre\bin\java.exe
0x00007ffab6b20000 - 0x00007ffab6d10000 	C:\Windows\SYSTEM32\ntdll.dll
0x00007ffab5d50000 - 0x00007ffab5e02000 	C:\Windows\System32\KERNEL32.DLL
0x00007ffab47d0000 - 0x00007ffab4a73000 	C:\Windows\System32\KERNELBASE.dll
0x00007ffab46d0000 - 0x00007ffab47ca000 	C:\Windows\System32\ucrtbase.dll
0x00007ffaaa6b0000 - 0x00007ffaaa6c9000 	C:\Program Files\Android\Android Studio\jre\bin\jli.dll
0x00007ffaa7460000 - 0x00007ffaa7477000 	C:\Program Files\Android\Android Studio\jre\bin\VCRUNTIME140.dll
0x00007ffab5630000 - 0x00007ffab57c3000 	C:\Windows\System32\USER32.dll
0x00007ffaa1ae0000 - 0x00007ffaa1d65000 	C:\Windows\WinSxS\amd64_microsoft.windows.common-controls_6595b64144ccf1df_6.0.18362.295_none_e6c3acbd13101292\COMCTL32.dll
0x00007ffab4390000 - 0x00007ffab43b1000 	C:\Windows\System32\win32u.dll
0x00007ffab6910000 - 0x00007ffab69ae000 	C:\Windows\System32\msvcrt.dll
0x00007ffab4bf0000 - 0x00007ffab4c16000 	C:\Windows\System32\GDI32.dll
0x00007ffab5870000 - 0x00007ffab5ba6000 	C:\Windows\System32\combase.dll
0x00007ffab5bc0000 - 0x00007ffab5ce0000 	C:\Windows\System32\RPCRT4.dll
0x00007ffab44e0000 - 0x00007ffab4674000 	C:\Windows\System32\gdi32full.dll
0x00007ffab43c0000 - 0x00007ffab445e000 	C:\Windows\System32\msvcp_win.dll
0x00007ffab4460000 - 0x00007ffab44e0000 	C:\Windows\System32\bcryptPrimitives.dll
0x00007ffab5e70000 - 0x00007ffab5e9e000 	C:\Windows\System32\IMM32.DLL
0x00007ffa965b0000 - 0x00007ffa9664d000 	C:\Program Files\Android\Android Studio\jre\bin\msvcp140.dll
0x00007ffa476e0000 - 0x00007ffa4819c000 	C:\Program Files\Android\Android Studio\jre\bin\server\jvm.dll
0x00007ffab5450000 - 0x00007ffab54f3000 	C:\Windows\System32\ADVAPI32.dll
0x00007ffab57d0000 - 0x00007ffab5867000 	C:\Windows\System32\sechost.dll
0x00007ffab5bb0000 - 0x00007ffab5bb8000 	C:\Windows\System32\PSAPI.DLL
0x00007ffa94ed0000 - 0x00007ffa94ed9000 	C:\Windows\SYSTEM32\WSOCK32.dll
0x00007ffaaddf0000 - 0x00007ffaaddfa000 	C:\Windows\SYSTEM32\VERSION.dll
0x00007ffab1950000 - 0x00007ffab1974000 	C:\Windows\SYSTEM32\WINMM.dll
0x00007ffab6010000 - 0x00007ffab607f000 	C:\Windows\System32\WS2_32.dll
0x00007ffab18f0000 - 0x00007ffab191d000 	C:\Windows\SYSTEM32\WINMMBASE.dll
0x00007ffab3b60000 - 0x00007ffab3baa000 	C:\Windows\System32\cfgmgr32.dll
0x00007ffab3a50000 - 0x00007ffab3a61000 	C:\Windows\System32\kernel.appcore.dll
0x00007ffaa97d0000 - 0x00007ffaa97e1000 	C:\Program Files\Android\Android Studio\jre\bin\verify.dll
0x00007ffab0060000 - 0x00007ffab0254000 	C:\Windows\SYSTEM32\DBGHELP.DLL
0x00007ffa91b50000 - 0x00007ffa91b7a000 	C:\Windows\SYSTEM32\dbgcore.DLL
0x00007ffa9de50000 - 0x00007ffa9de79000 	C:\Program Files\Android\Android Studio\jre\bin\java.dll
0x00007ffaafb40000 - 0x00007ffaafb4b000 	C:\Program Files\Android\Android Studio\jre\bin\jimage.dll
0x00007ffaa97b0000 - 0x00007ffaa97c8000 	C:\Program Files\Android\Android Studio\jre\bin\zip.dll
0x00007ffab60e0000 - 0x00007ffab67c2000 	C:\Windows\System32\SHELL32.dll
0x00007ffab4c30000 - 0x00007ffab4cd9000 	C:\Windows\System32\shcore.dll
0x00007ffab3bb0000 - 0x00007ffab432c000 	C:\Windows\System32\windows.storage.dll
0x00007ffab3a90000 - 0x00007ffab3aaf000 	C:\Windows\System32\profapi.dll
0x00007ffab3a00000 - 0x00007ffab3a4a000 	C:\Windows\System32\powrprof.dll
0x00007ffab39f0000 - 0x00007ffab3a00000 	C:\Windows\System32\UMPDC.dll
0x00007ffab55d0000 - 0x00007ffab5622000 	C:\Windows\System32\shlwapi.dll
0x00007ffab4680000 - 0x00007ffab4697000 	C:\Windows\System32\cryptsp.dll
0x00007ffaa31f0000 - 0x00007ffaa320a000 	C:\Program Files\Android\Android Studio\jre\bin\net.dll
0x00007ffaaab50000 - 0x00007ffaaac40000 	C:\Windows\SYSTEM32\WINHTTP.dll
0x00007ffaace80000 - 0x00007ffaacea0000 	C:\Windows\system32\PrxerDrv.dll
0x00007ffab3260000 - 0x00007ffab32c7000 	C:\Windows\system32\mswsock.dll
0x00007ffa9de30000 - 0x00007ffa9de44000 	C:\Program Files\Android\Android Studio\jre\bin\nio.dll
0x00007ffa82100000 - 0x00007ffa82127000 	C:\Users\NavodyaTJ\.gradle\native\fdc75f09e3144964f2cf3f50f0aa648679c211496f362492102eb8c894070792\windows-amd64\native-platform.dll
0x00007ffa63450000 - 0x00007ffa635e6000 	C:\Users\NavodyaTJ\.gradle\native\12488b8bf47d2d4c9fbf2f6322a914ad602e24e48041cd04a747c6da556b65c4\windows-amd64\native-platform-file-events.dll
0x00007ffaaeda0000 - 0x00007ffaaedaa000 	C:\Program Files\Android\Android Studio\jre\bin\management.dll
0x00007ffaade80000 - 0x00007ffaade8c000 	C:\Program Files\Android\Android Studio\jre\bin\management_ext.dll
0x00007ffab2dd0000 - 0x00007ffab2e03000 	C:\Windows\system32\rsaenh.dll
0x00007ffab46a0000 - 0x00007ffab46c6000 	C:\Windows\System32\bcrypt.dll
0x00007ffab38e0000 - 0x00007ffab3905000 	C:\Windows\SYSTEM32\USERENV.dll
0x00007ffab3430000 - 0x00007ffab343c000 	C:\Windows\SYSTEM32\CRYPTBASE.dll
0x00007ffab2f70000 - 0x00007ffab2faa000 	C:\Windows\SYSTEM32\IPHLPAPI.DLL
0x00007ffab6000000 - 0x00007ffab6008000 	C:\Windows\System32\NSI.dll
0x00007ffaadaa0000 - 0x00007ffaadab6000 	C:\Windows\SYSTEM32\dhcpcsvc6.DLL
0x00007ffaad510000 - 0x00007ffaad52c000 	C:\Windows\SYSTEM32\dhcpcsvc.DLL
0x00007ffab2fb0000 - 0x00007ffab307a000 	C:\Windows\SYSTEM32\DNSAPI.dll
0x00007ffaade20000 - 0x00007ffaade2b000 	C:\Windows\SYSTEM32\WINNSI.DLL

dbghelp: loaded successfully - version: 4.0.5 - missing functions: none
symbol engine: initialized successfully - sym options: 0x614 - pdb path: .;C:\Program Files\Android\Android Studio\jre\bin;C:\Windows\SYSTEM32;C:\Windows\WinSxS\amd64_microsoft.windows.common-controls_6595b64144ccf1df_6.0.18362.295_none_e6c3acbd13101292;C:\Program Files\Android\Android Studio\jre\bin\server;C:\Users\NavodyaTJ\.gradle\native\fdc75f09e3144964f2cf3f50f0aa648679c211496f362492102eb8c894070792\windows-amd64;C:\Users\NavodyaTJ\.gradle\native\12488b8bf47d2d4c9fbf2f6322a914ad602e24e48041cd04a747c6da556b65c4\windows-amd64

VM Arguments:
jvm_args: --add-opens=java.base/java.util=ALL-UNNAMED --add-opens=java.base/java.lang=ALL-UNNAMED --add-opens=java.base/java.lang.invoke=ALL-UNNAMED --add-opens=java.prefs/java.util.prefs=ALL-UNNAMED -Xmx2048m -Dfile.encoding=UTF-8 -Duser.country=US -Duser.language=en -Duser.variant 
java_command: org.gradle.launcher.daemon.bootstrap.GradleDaemon 6.7.1
java_class_path (initial): C:\Users\NavodyaTJ\.gradle\wrapper\dists\gradle-6.7.1-bin\bwlcbys1h7rz3272sye1xwiv6\gradle-6.7.1\lib\gradle-launcher-6.7.1.jar
Launcher Type: SUN_STANDARD

[Global flags]
     intx CICompilerCount                          = 4                                         {product} {ergonomic}
     uint ConcGCThreads                            = 2                                         {product} {ergonomic}
     uint G1ConcRefinementThreads                  = 8                                         {product} {ergonomic}
   size_t G1HeapRegionSize                         = 1048576                                   {product} {ergonomic}
    uintx GCDrainStackTargetSize                   = 64                                        {product} {ergonomic}
   size_t InitialHeapSize                          = 134217728                                 {product} {ergonomic}
   size_t MarkStackSize                            = 4194304                                   {product} {ergonomic}
   size_t MaxHeapSize                              = 2147483648                                {product} {command line}
   size_t MaxNewSize                               = 1287651328                                {product} {ergonomic}
   size_t MinHeapDeltaBytes                        = 1048576                                   {product} {ergonomic}
    uintx NonNMethodCodeHeapSize                   = 5836300                                {pd product} {ergonomic}
    uintx NonProfiledCodeHeapSize                  = 122910970                              {pd product} {ergonomic}
    uintx ProfiledCodeHeapSize                     = 122910970                              {pd product} {ergonomic}
    uintx ReservedCodeCacheSize                    = 251658240                              {pd product} {ergonomic}
     bool SegmentedCodeCache                       = true                                      {product} {ergonomic}
     bool UseCompressedClassPointers               = true                                 {lp64_product} {ergonomic}
     bool UseCompressedOops                        = true                                 {lp64_product} {ergonomic}
     bool UseG1GC                                  = true                                      {product} {ergonomic}
     bool UseLargePagesIndividualAllocation        = false                                  {pd product} {ergonomic}

Logging:
Log output configuration:
 #0: stdout all=warning uptime,level,tags
 #1: stderr all=off uptime,level,tags

Environment Variables:
PATH=C:\Program Files\Common Files\Siemens\Automation\Simatic OAM\bin;C:\Program Files\Common Files\Oracle\Java\javapath;C:\Windows\system32;C:\Windows;C:\Windows\System32\Wbem;C:\Windows\System32\WindowsPowerShell\v1.0\;C:\Windows\System32\OpenSSH\;C:\Program Files\Java\jdk-16.0.1\bin;C:\Program Files\PuTTY\;C:\Users\NavodyaTJ\AppData\Local\Microsoft\WindowsApps;C:\Users\NavodyaTJ\AppData\Local\Programs\Microsoft VS Code\bin
USERNAME=NavodyaTJ
OS=Windows_NT
PROCESSOR_IDENTIFIER=Intel64 Family 6 Model 142 Stepping 10, GenuineIntel



---------------  S Y S T E M  ---------------

OS: Windows 10 , 64 bit Build 18362 (10.0.18362.86)
OS uptime: 13 days 4:13 hours

CPU:total 8 (initial active 8) (4 cores per cpu, 2 threads per core) family 6 model 142 stepping 10, cmov, cx8, fxsr, mmx, sse, sse2, sse3, ssse3, sse4.1, sse4.2, popcnt, avx, avx2, aes, clmul, erms, 3dnowpref, lzcnt, ht, tsc, tscinvbit, bmi1, bmi2, adx, fma

Memory: 4k page, system-wide physical 8106M (389M free)
TotalPageFile size 12202M (AvailPageFile size 104M)
current process WorkingSet (physical memory assigned to process): 402M, peak: 409M
current process commit charge ("private bytes"): 519M, peak: 620M

vm_info: OpenJDK 64-Bit Server VM (11.0.8+10-b944.6842174) for windows-amd64 JRE (11.0.8+10-b944.6842174), built on Sep 19 2020 01:11:42 by "builder" with MS VC++ 14.0 (VS2015)

END.
